{"logTime": "0524/193910", "correlationVector":"nlyoUMHAycWAlWPHQfmiCH.1","action":"SyncServerConnectionManagerRequest", "result":"SYNC_SERVER_OK", "context":{"environment":"Prod_westeurope_prod-s01-079-eur-westeurope", "migrationStage":"NotStarted", "server":"akswtt00200000v"}}
{"logTime": "0524/193910", "correlationVector":"nlyoUMHAycWAlWPHQfmiCH.2","action":"ProcessGetUpdates", "result":"Done", "context":{"dataType":"Encryption Keys", "deleted":"0", "process_failed_to_decrypt":"0", "process_pending_decryption":"0", "process_success":"1", "total":"1"}}
{"logTime": "0524/193911", "correlationVector":"czDzeHn/JxsndDobzJvuGq","action":"SyncServerConnectionManagerRequest", "result":"SYNC_SERVER_OK", "context":{"environment":"", "migrationStage":"", "server":""}}
{"logTime": "0524/193912", "correlationVector":"czDzeHn/JxsndDobzJvuGq.0","action":"EncryptionKeysFetcher.DownloadKeys:", "result":"Success", "context":Key count: 1, Last key timestamp: 2026-04-20T23:12:43Z}
{"logTime": "0524/193912", "correlationVector":"czDzeHn/JxsndDobzJvuGq.1","action":"EncryptionKeysManager::SetEncryptionKeys:", "result":"Success", "context":Key names[1]:[B5ks19l4Uaa4TsLcOPgAVi2FgFCmvNaQbygoIgxoE+1JE5aIStDmfHH2ucBGNlqCoHRxlic/gRvGc3bnW52jJQ==]}
{"logTime": "0524/193912", "correlationVector":"czDzeHn/JxsndDobzJvuGq.2","action":"EncryptionKeysManager::SetEncryptionKeysWithTimestamps:", "result":"Success", "context":Key timestamps[1]:[2026-04-20T23:12:43Z]}
{"logTime": "0524/193912", "correlationVector":"nlyoUMHAycWAlWPHQfmiCH","action":"Initial GetUpdates", "result":"", "context":Reason: NEW_CLIENT. cV=nlyoUMHAycWAlWPHQfmiCH}
{"logTime": "0524/193912", "correlationVector":"nlyoUMHAycWAlWPHQfmiCH.3","action":"GetUpdates Response", "result":"Success", "context":Received 1 update(s). cV=nlyoUMHAycWAlWPHQfmiCH.0;server=akswtt00200000v;cloudType=Consumer;environment=Prod_westeurope_prod-s01-079-eur-westeurope;migrationStage=NotStarted}
{"logTime": "0524/193912", "correlationVector":"6XzXLITxW3RC1jnRFf/fjL","action":"Initial GetUpdates", "result":"", "context":Reason: NEWLY_SUPPORTED_DATATYPE. cV=6XzXLITxW3RC1jnRFf/fjL}
{"logTime": "0524/193913", "correlationVector":"6XzXLITxW3RC1jnRFf/fjL.1","action":"SyncServerConnectionManagerRequest", "result":"SYNC_SERVER_OK", "context":{"environment":"Prod_westeurope_prod-s01-079-eur-westeurope", "migrationStage":"NotStarted", "server":"akswtt00200000t"}}
{"logTime": "0524/193913", "correlationVector":"6XzXLITxW3RC1jnRFf/fjL.2","action":"ProcessGetUpdates", "result":"Done", "context":{"dataType":"Preferences", "deleted":"0", "process_failed_to_decrypt":"0", "process_pending_decryption":"0", "process_success":"37", "total":"37"}}
{"logTime": "0524/193913", "correlationVector":"6XzXLITxW3RC1jnRFf/fjL.3","action":"ProcessGetUpdates", "result":"Done", "context":{"dataType":"Device Info", "deleted":"0", "process_failed_to_decrypt":"0", "process_pending_decryption":"0", "process_success":"7", "total":"7"}}
{"logTime": "0524/193914", "correlationVector":"6XzXLITxW3RC1jnRFf/fjL.4","action":"GetUpdates Response", "result":"Success", "context":Received 44 update(s). cV=6XzXLITxW3RC1jnRFf/fjL.0;server=akswtt00200000t;cloudType=Consumer;environment=Prod_westeurope_prod-s01-079-eur-westeurope;migrationStage=NotStarted}
{"logTime": "0524/193914", "correlationVector":"VBV9QQ1TZ5F56GgO3iaVov","action":"Initial GetUpdates", "result":"", "context":Reason: NEWLY_SUPPORTED_DATATYPE. cV=VBV9QQ1TZ5F56GgO3iaVov}
{"logTime": "0524/193914", "correlationVector":"VBV9QQ1TZ5F56GgO3iaVov.1","action":"SyncServerConnectionManagerRequest", "result":"SYNC_SERVER_OK", "context":{"environment":"Prod_westeurope_prod-s01-079-eur-westeurope", "migrationStage":"NotStarted", "server":"akswtt002000006"}}
{"logTime": "0524/193914", "correlationVector":"VBV9QQ1TZ5F56GgO3iaVov.2","action":"ProcessGetUpdates", "result":"Done", "context":{"dataType":"Bookmarks", "deleted":"0", "process_failed_to_decrypt":"0", "process_pending_decryption":"0", "process_success":"6", "total":"6"}}
{"logTime": "0524/193914", "correlationVector":"VBV9QQ1TZ5F56GgO3iaVov.3","action":"GetUpdates Response", "result":"Success", "context":Received 6 update(s). cV=VBV9QQ1TZ5F56GgO3iaVov.0;server=akswtt002000006;cloudType=Consumer;environment=Prod_westeurope_prod-s01-079-eur-westeurope;migrationStage=NotStarted}
{"logTime": "0524/193914", "correlationVector":"BTsC/VujKzl0sIATWR7k+e","action":"Initial GetUpdates", "result":"", "context":Reason: NEWLY_SUPPORTED_DATATYPE. cV=BTsC/VujKzl0sIATWR7k+e}
{"logTime": "0524/193914", "correlationVector":"BTsC/VujKzl0sIATWR7k+e.1","action":"SyncServerConnectionManagerRequest", "result":"SYNC_SERVER_OK", "context":{"environment":"Prod_westeurope_prod-s01-079-eur-westeurope", "migrationStage":"NotStarted", "server":"akswtt00200000t"}}
{"logTime": "0524/193914", "correlationVector":"BTsC/VujKzl0sIATWR7k+e.2","action":"ProcessGetUpdates", "result":"Done", "context":{"dataType":"Autofill", "deleted":"0", "process_failed_to_decrypt":"0", "process_pending_decryption":"0", "process_success":"3", "total":"3"}}
{"logTime": "0524/193914", "correlationVector":"BTsC/VujKzl0sIATWR7k+e.3","action":"ProcessGetUpdates", "result":"Done", "context":{"dataType":"Sessions", "deleted":"30", "process_failed_to_decrypt":"0", "process_pending_decryption":"0", "process_success":"32", "total":"32"}}
{"logTime": "0524/193914", "correlationVector":"BTsC/VujKzl0sIATWR7k+e.4","action":"ProcessGetUpdates", "result":"Done", "context":{"dataType":"Edge Hub App Usage", "deleted":"0", "process_failed_to_decrypt":"0", "process_pending_decryption":"0", "process_success":"5", "total":"5"}}
{"logTime": "0524/193914", "correlationVector":"BTsC/VujKzl0sIATWR7k+e.5","action":"GetUpdates Response", "result":"Success", "context":Received 40 update(s). cV=BTsC/VujKzl0sIATWR7k+e.0;server=akswtt00200000t;cloudType=Consumer;environment=Prod_westeurope_prod-s01-079-eur-westeurope;migrationStage=NotStarted}
{"logTime": "0524/193914", "correlationVector":"vI9ZlAB5tBEKFQHDa0syLF","action":"Initial GetUpdates", "result":"", "context":Reason: NEWLY_SUPPORTED_DATATYPE. cV=vI9ZlAB5tBEKFQHDa0syLF}
{"logTime": "0524/193915", "correlationVector":"vI9ZlAB5tBEKFQHDa0syLF.1","action":"SyncServerConnectionManagerRequest", "result":"SYNC_SERVER_OK", "context":{"environment":"Prod_westeurope_prod-s01-079-eur-westeurope", "migrationStage":"NotStarted", "server":"akswtt002000006"}}
{"logTime": "0524/193915", "correlationVector":"vI9ZlAB5tBEKFQHDa0syLF.2","action":"ProcessGetUpdates", "result":"Done", "context":{"dataType":"History", "deleted":"0", "process_failed_to_decrypt":"0", "process_pending_decryption":"0", "process_success":"75", "total":"75"}}
{"logTime": "0524/193915", "correlationVector":"vI9ZlAB5tBEKFQHDa0syLF.3","action":"GetUpdates Response", "result":"Success", "context":Received 75 update(s). cV=vI9ZlAB5tBEKFQHDa0syLF.0;server=akswtt002000006;cloudType=Consumer;environment=Prod_westeurope_prod-s01-079-eur-westeurope;migrationStage=NotStarted}
{"logTime": "0524/193915", "correlationVector":"U/8Vt5OCHy98G8W1FcLsZA","action":"Normal GetUpdate request", "result":"", "context":cV=U/8Vt5OCHy98G8W1FcLsZA
Nudged types: Preferences, Sessions, Device Info, User Consents
Refresh requested types: Bookmarks, Preferences, Passwords, Autofill Profiles, Autofill, Extensions, Sessions, Extension settings, History Delete Directives, Device Info, User Consents, Send Tab To Self, Web Apps, History, Saved Tab Group, WebAuthn Credentials, Collection, Edge E Drop, Edge Hub App Usage, Edge Wallet, Edge Workspace, Encryption Keys}
{"logTime": "0524/193915", "correlationVector":"U/8Vt5OCHy98G8W1FcLsZA.1","action":"SyncServerConnectionManagerRequest", "result":"SYNC_SERVER_OK", "context":{"environment":"Prod_westeurope_prod-s01-079-eur-westeurope", "migrationStage":"NotStarted", "server":"akswtt00200000g"}}
{"logTime": "0524/193915", "correlationVector":"U/8Vt5OCHy98G8W1FcLsZA.2","action":"GetUpdates Response", "result":"Success", "context":Received 0 update(s). cV=U/8Vt5OCHy98G8W1FcLsZA.0;server=akswtt00200000g;cloudType=Consumer;environment=Prod_westeurope_prod-s01-079-eur-westeurope;migrationStage=NotStarted}
{"logTime": "0524/193915", "correlationVector":"5Iy/+mkKsnBC6pk8vOadHk","action":"Commit Request", "result":"", "context":Item count: 5
Contributing types: Preferences, Sessions, Device Info, User Consents}
{"logTime": "0524/193916", "correlationVector":"5Iy/+mkKsnBC6pk8vOadHk.1","action":"SyncServerConnectionManagerRequest", "result":"SYNC_SERVER_OK", "context":{"environment":"Prod_westeurope_prod-s01-079-eur-westeurope", "migrationStage":"NotStarted", "server":"akswtt00200000m"}}
{"logTime": "0524/193916", "correlationVector":"5Iy/+mkKsnBC6pk8vOadHk.2","action":"Commit Response", "result":"Success", "context":Result: Success. cV=5Iy/+mkKsnBC6pk8vOadHk.0;server=akswtt00200000m;cloudType=Consumer;environment=Prod_westeurope_prod-s01-079-eur-westeurope;migrationStage=NotStarted}
{"logTime": "0524/193920", "correlationVector":"bgnK1foe6zWYY9qUW2F7eg","action":"Commit Request", "result":"", "context":Item count: 3
Contributing types: Sessions, History, Edge Hub App Usage}
{"logTime": "0524/193921", "correlationVector":"bgnK1foe6zWYY9qUW2F7eg.1","action":"SyncServerConnectionManagerRequest", "result":"SYNC_SERVER_OK", "context":{"environment":"Prod_westeurope_prod-s01-079-eur-westeurope", "migrationStage":"NotStarted", "server":"akswtt00200000b"}}
{"logTime": "0524/193921", "correlationVector":"bgnK1foe6zWYY9qUW2F7eg.2","action":"Commit Response", "result":"Success", "context":Result: Success. cV=bgnK1foe6zWYY9qUW2F7eg.0;server=akswtt00200000b;cloudType=Consumer;environment=Prod_westeurope_prod-s01-079-eur-westeurope;migrationStage=NotStarted}
{"logTime": "0524/194232", "correlationVector":"R75WnbP5LNXNK9Qm/DeuJF.1","action":"SyncServerConnectionManagerRequest", "result":"SYNC_SERVER_OK", "context":{"environment":"Prod_westeurope_prod-s01-080-eur-westeurope", "migrationStage":"NotStarted", "server":"akswtt00200000j"}}
{"logTime": "0524/194232", "correlationVector":"R75WnbP5LNXNK9Qm/DeuJF.2","action":"ProcessGetUpdates", "result":"Done", "context":{"dataType":"Encryption Keys", "deleted":"0", "process_failed_to_decrypt":"0", "process_pending_decryption":"0", "process_success":"1", "total":"1"}}
{"logTime": "0524/194234", "correlationVector":"iP9Q5dM/S/KQCVlJMwOBjR","action":"SyncServerConnectionManagerRequest", "result":"SYNC_SERVER_OK", "context":{"environment":"", "migrationStage":"", "server":""}}
{"logTime": "0524/194234", "correlationVector":"iP9Q5dM/S/KQCVlJMwOBjR.0","action":"EncryptionKeysFetcher.DownloadKeys:", "result":"Success", "context":Key count: 1, Last key timestamp: 2026-04-20T23:12:43Z}
{"logTime": "0524/194234", "correlationVector":"iP9Q5dM/S/KQCVlJMwOBjR.1","action":"EncryptionKeysManager::SetEncryptionKeys:", "result":"Success", "context":Key names[1]:[B5ks19l4Uaa4TsLcOPgAVi2FgFCmvNaQbygoIgxoE+1JE5aIStDmfHH2ucBGNlqCoHRxlic/gRvGc3bnW52jJQ==]}
{"logTime": "0524/194234", "correlationVector":"iP9Q5dM/S/KQCVlJMwOBjR.2","action":"EncryptionKeysManager::SetEncryptionKeysWithTimestamps:", "result":"Success", "context":Key timestamps[1]:[2026-04-20T23:12:43Z]}
{"logTime": "0524/194234", "correlationVector":"R75WnbP5LNXNK9Qm/DeuJF","action":"Initial GetUpdates", "result":"", "context":Reason: NEW_CLIENT. cV=R75WnbP5LNXNK9Qm/DeuJF}
{"logTime": "0524/194234", "correlationVector":"R75WnbP5LNXNK9Qm/DeuJF.3","action":"GetUpdates Response", "result":"Success", "context":Received 1 update(s). cV=R75WnbP5LNXNK9Qm/DeuJF.0;server=akswtt00200000j;cloudType=Consumer;environment=Prod_westeurope_prod-s01-080-eur-westeurope;migrationStage=NotStarted}
{"logTime": "0524/194234", "correlationVector":"5zXEcfVnCeqf5OtZRsoTkI","action":"Normal GetUpdate request", "result":"", "context":cV=5zXEcfVnCeqf5OtZRsoTkI
Nudged types: Sessions, History
Refresh requested types: Bookmarks, Preferences, Passwords, Autofill Profiles, Autofill, Extensions, Sessions, Extension settings, History Delete Directives, Device Info, User Consents, Send Tab To Self, Web Apps, History, Saved Tab Group, WebAuthn Credentials, Collection, Edge E Drop, Edge Hub App Usage, Edge Wallet, Edge Workspace, Encryption Keys}
{"logTime": "0524/194234", "correlationVector":"5zXEcfVnCeqf5OtZRsoTkI.1","action":"SyncServerConnectionManagerRequest", "result":"SYNC_SERVER_OK", "context":{"environment":"Prod_westeurope_prod-s01-080-eur-westeurope", "migrationStage":"NotStarted", "server":"akswtt00200000l"}}
{"logTime": "0524/194234", "correlationVector":"5zXEcfVnCeqf5OtZRsoTkI.2","action":"ProcessGetUpdates", "result":"Done", "context":{"dataType":"Preferences", "deleted":"0", "process_failed_to_decrypt":"0", "process_pending_decryption":"0", "process_success":"1", "total":"1"}}
{"logTime": "0524/194234", "correlationVector":"5zXEcfVnCeqf5OtZRsoTkI.3","action":"ProcessGetUpdates", "result":"Done", "context":{"dataType":"Sessions", "deleted":"0", "process_failed_to_decrypt":"0", "process_pending_decryption":"0", "process_success":"2", "total":"2"}}
{"logTime": "0524/194234", "correlationVector":"5zXEcfVnCeqf5OtZRsoTkI.4","action":"ProcessGetUpdates", "result":"Done", "context":{"dataType":"Device Info", "deleted":"0", "process_failed_to_decrypt":"0", "process_pending_decryption":"0", "process_success":"1", "total":"1"}}
{"logTime": "0524/194234", "correlationVector":"5zXEcfVnCeqf5OtZRsoTkI.5","action":"ProcessGetUpdates", "result":"Done", "context":{"dataType":"History", "deleted":"0", "process_failed_to_decrypt":"0", "process_pending_decryption":"0", "process_success":"1", "total":"1"}}
{"logTime": "0524/194234", "correlationVector":"5zXEcfVnCeqf5OtZRsoTkI.6","action":"ProcessGetUpdates", "result":"Done", "context":{"dataType":"Edge Hub App Usage", "deleted":"0", "process_failed_to_decrypt":"0", "process_pending_decryption":"0", "process_success":"1", "total":"1"}}
{"logTime": "0524/194234", "correlationVector":"5zXEcfVnCeqf5OtZRsoTkI.7","action":"GetUpdates Response", "result":"Success", "context":Received 6 update(s). cV=5zXEcfVnCeqf5OtZRsoTkI.0;server=akswtt00200000l;cloudType=Consumer;environment=Prod_westeurope_prod-s01-080-eur-westeurope;migrationStage=NotStarted}
{"logTime": "0524/194234", "correlationVector":"Vyg+7qgfzHWR8tdCrg4V/N","action":"Commit Request", "result":"", "context":Item count: 4
Contributing types: Sessions, History}
{"logTime": "0524/194234", "correlationVector":"Vyg+7qgfzHWR8tdCrg4V/N.1","action":"SyncServerConnectionManagerRequest", "result":"SYNC_SERVER_OK", "context":{"environment":"Prod_westeurope_prod-s01-080-eur-westeurope", "migrationStage":"NotStarted", "server":"akswtt00200000l"}}
{"logTime": "0524/194234", "correlationVector":"Vyg+7qgfzHWR8tdCrg4V/N.2","action":"Commit Response", "result":"Success", "context":Result: Success. cV=Vyg+7qgfzHWR8tdCrg4V/N.0;server=akswtt00200000l;cloudType=Consumer;environment=Prod_westeurope_prod-s01-080-eur-westeurope;migrationStage=NotStarted}
{"logTime": "0524/194334", "correlationVector":"g2Bzh4XviPDUveRKQMF4Fz","action":"Commit Request", "result":"", "context":Item count: 3
Contributing types: Sessions, History}
{"logTime": "0524/194335", "correlationVector":"g2Bzh4XviPDUveRKQMF4Fz.1","action":"SyncServerConnectionManagerRequest", "result":"SYNC_SERVER_OK", "context":{"environment":"Prod_westeurope_prod-s01-080-eur-westeurope", "migrationStage":"NotStarted", "server":"akswtt00200000l"}}
{"logTime": "0524/194335", "correlationVector":"g2Bzh4XviPDUveRKQMF4Fz.2","action":"Commit Response", "result":"Success", "context":Result: Success. cV=g2Bzh4XviPDUveRKQMF4Fz.0;server=akswtt00200000l;cloudType=Consumer;environment=Prod_westeurope_prod-s01-080-eur-westeurope;migrationStage=NotStarted}
{"logTime": "0524/194335", "correlationVector":"g2Bzh4XviPDUveRKQMF4Fz.3","action":"Commit.Sessions", "result":"Success", "context":{"id":"9db33765-bf42-4c49-992a-0b1a41cb4637", "isDeleted":"true", "size":"0", "version":"1779651754186"}}
{"logTime": "0524/194609", "correlationVector":"otV4jLrARm8eSlW+7x6tMD.1","action":"SyncServerConnectionManagerRequest", "result":"SYNC_SERVER_OK", "context":{"environment":"Prod_westeurope_prod-s01-079-eur-westeurope", "migrationStage":"NotStarted", "server":"akswtt002000002"}}
{"logTime": "0524/194609", "correlationVector":"otV4jLrARm8eSlW+7x6tMD.2","action":"ProcessGetUpdates", "result":"Done", "context":{"dataType":"Encryption Keys", "deleted":"0", "process_failed_to_decrypt":"0", "process_pending_decryption":"0", "process_success":"1", "total":"1"}}
{"logTime": "0524/194610", "correlationVector":"5JaUdAf/dxaT0uOrvXUHnp","action":"SyncServerConnectionManagerRequest", "result":"SYNC_SERVER_OK", "context":{"environment":"", "migrationStage":"", "server":""}}
{"logTime": "0524/194610", "correlationVector":"5JaUdAf/dxaT0uOrvXUHnp.0","action":"EncryptionKeysFetcher.DownloadKeys:", "result":"Success", "context":Key count: 1, Last key timestamp: 2026-04-20T23:12:43Z}
{"logTime": "0524/194610", "correlationVector":"5JaUdAf/dxaT0uOrvXUHnp.1","action":"EncryptionKeysManager::SetEncryptionKeys:", "result":"Success", "context":Key names[1]:[B5ks19l4Uaa4TsLcOPgAVi2FgFCmvNaQbygoIgxoE+1JE5aIStDmfHH2ucBGNlqCoHRxlic/gRvGc3bnW52jJQ==]}
{"logTime": "0524/194610", "correlationVector":"5JaUdAf/dxaT0uOrvXUHnp.2","action":"EncryptionKeysManager::SetEncryptionKeysWithTimestamps:", "result":"Success", "context":Key timestamps[1]:[2026-04-20T23:12:43Z]}
{"logTime": "0524/194610", "correlationVector":"otV4jLrARm8eSlW+7x6tMD","action":"Initial GetUpdates", "result":"", "context":Reason: NEW_CLIENT. cV=otV4jLrARm8eSlW+7x6tMD}
{"logTime": "0524/194610", "correlationVector":"otV4jLrARm8eSlW+7x6tMD.3","action":"GetUpdates Response", "result":"Success", "context":Received 1 update(s). cV=otV4jLrARm8eSlW+7x6tMD.0;server=akswtt002000002;cloudType=Consumer;environment=Prod_westeurope_prod-s01-079-eur-westeurope;migrationStage=NotStarted}
{"logTime": "0524/194610", "correlationVector":"fDTuwkTAtS8+FDwWdiwls0","action":"Initial GetUpdates", "result":"", "context":Reason: NEWLY_SUPPORTED_DATATYPE. cV=fDTuwkTAtS8+FDwWdiwls0}
{"logTime": "0524/194611", "correlationVector":"fDTuwkTAtS8+FDwWdiwls0.1","action":"SyncServerConnectionManagerRequest", "result":"SYNC_SERVER_OK", "context":{"environment":"Prod_westeurope_prod-s01-080-eur-westeurope", "migrationStage":"NotStarted", "server":"akswtt002000006"}}
{"logTime": "0524/194611", "correlationVector":"fDTuwkTAtS8+FDwWdiwls0.2","action":"ProcessGetUpdates", "result":"Done", "context":{"dataType":"Preferences", "deleted":"0", "process_failed_to_decrypt":"0", "process_pending_decryption":"0", "process_success":"38", "total":"38"}}
{"logTime": "0524/194611", "correlationVector":"fDTuwkTAtS8+FDwWdiwls0.3","action":"ProcessGetUpdates", "result":"Done", "context":{"dataType":"Device Info", "deleted":"0", "process_failed_to_decrypt":"0", "process_pending_decryption":"0", "process_success":"8", "total":"8"}}
{"logTime": "0524/194611", "correlationVector":"fDTuwkTAtS8+FDwWdiwls0.4","action":"GetUpdates Response", "result":"Success", "context":Received 46 update(s). cV=fDTuwkTAtS8+FDwWdiwls0.0;server=akswtt002000006;cloudType=Consumer;environment=Prod_westeurope_prod-s01-080-eur-westeurope;migrationStage=NotStarted}
{"logTime": "0524/194611", "correlationVector":"HzgbqgLe6bqVp2btXdF89t","action":"Initial GetUpdates", "result":"", "context":Reason: NEWLY_SUPPORTED_DATATYPE. cV=HzgbqgLe6bqVp2btXdF89t}
{"logTime": "0524/194611", "correlationVector":"HzgbqgLe6bqVp2btXdF89t.1","action":"SyncServerConnectionManagerRequest", "result":"SYNC_SERVER_OK", "context":{"environment":"Prod_westeurope_prod-s01-080-eur-westeurope", "migrationStage":"NotStarted", "server":"akswtt002000006"}}
{"logTime": "0524/194611", "correlationVector":"HzgbqgLe6bqVp2btXdF89t.2","action":"ProcessGetUpdates", "result":"Done", "context":{"dataType":"Bookmarks", "deleted":"0", "process_failed_to_decrypt":"0", "process_pending_decryption":"0", "process_success":"6", "total":"6"}}
{"logTime": "0524/194611", "correlationVector":"HzgbqgLe6bqVp2btXdF89t.3","action":"GetUpdates Response", "result":"Success", "context":Received 6 update(s). cV=HzgbqgLe6bqVp2btXdF89t.0;server=akswtt002000006;cloudType=Consumer;environment=Prod_westeurope_prod-s01-080-eur-westeurope;migrationStage=NotStarted}
{"logTime": "0524/194611", "correlationVector":"Zhsk1/mHPQEfMrnHYSoCuu","action":"Initial GetUpdates", "result":"", "context":Reason: NEWLY_SUPPORTED_DATATYPE. cV=Zhsk1/mHPQEfMrnHYSoCuu}
{"logTime": "0524/194611", "correlationVector":"Zhsk1/mHPQEfMrnHYSoCuu.1","action":"SyncServerConnectionManagerRequest", "result":"SYNC_SERVER_OK", "context":{"environment":"Prod_westeurope_prod-s01-080-eur-westeurope", "migrationStage":"NotStarted", "server":"akswtt002000005"}}
{"logTime": "0524/194611", "correlationVector":"Zhsk1/mHPQEfMrnHYSoCuu.2","action":"ProcessGetUpdates", "result":"Done", "context":{"dataType":"Autofill", "deleted":"0", "process_failed_to_decrypt":"0", "process_pending_decryption":"0", "process_success":"3", "total":"3"}}
{"logTime": "0524/194611", "correlationVector":"Zhsk1/mHPQEfMrnHYSoCuu.3","action":"ProcessGetUpdates", "result":"Done", "context":{"dataType":"Sessions", "deleted":"31", "process_failed_to_decrypt":"0", "process_pending_decryption":"0", "process_success":"35", "total":"35"}}
{"logTime": "0524/194611", "correlationVector":"Zhsk1/mHPQEfMrnHYSoCuu.4","action":"ProcessGetUpdates", "result":"Done", "context":{"dataType":"Edge Hub App Usage", "deleted":"0", "process_failed_to_decrypt":"0", "process_pending_decryption":"0", "process_success":"6", "total":"6"}}
{"logTime": "0524/194611", "correlationVector":"Zhsk1/mHPQEfMrnHYSoCuu.5","action":"GetUpdates Response", "result":"Success", "context":Received 44 update(s). cV=Zhsk1/mHPQEfMrnHYSoCuu.0;server=akswtt002000005;cloudType=Consumer;environment=Prod_westeurope_prod-s01-080-eur-westeurope;migrationStage=NotStarted}
{"logTime": "0524/194611", "correlationVector":"0VFMNE4wlJCa/NzroLr/xI","action":"Initial GetUpdates", "result":"", "context":Reason: NEWLY_SUPPORTED_DATATYPE. cV=0VFMNE4wlJCa/NzroLr/xI}
{"logTime": "0524/194612", "correlationVector":"0VFMNE4wlJCa/NzroLr/xI.1","action":"SyncServerConnectionManagerRequest", "result":"SYNC_SERVER_OK", "context":{"environment":"Prod_westeurope_prod-s01-080-eur-westeurope", "migrationStage":"NotStarted", "server":"akswtt00200000d"}}
{"logTime": "0524/194612", "correlationVector":"0VFMNE4wlJCa/NzroLr/xI.2","action":"ProcessGetUpdates", "result":"Done", "context":{"dataType":"History", "deleted":"0", "process_failed_to_decrypt":"0", "process_pending_decryption":"0", "process_success":"77", "total":"77"}}
{"logTime": "0524/194612", "correlationVector":"0VFMNE4wlJCa/NzroLr/xI.3","action":"GetUpdates Response", "result":"Success", "context":Received 77 update(s). cV=0VFMNE4wlJCa/NzroLr/xI.0;server=akswtt00200000d;cloudType=Consumer;environment=Prod_westeurope_prod-s01-080-eur-westeurope;migrationStage=NotStarted}
{"logTime": "0524/194612", "correlationVector":"JYdPN+NeQf/8r5y9qzamNj","action":"Normal GetUpdate request", "result":"", "context":cV=JYdPN+NeQf/8r5y9qzamNj
Nudged types: Sessions, Device Info
Refresh requested types: Bookmarks, Preferences, Passwords, Autofill Profiles, Autofill, Extensions, Sessions, Extension settings, History Delete Directives, Device Info, User Consents, Send Tab To Self, Web Apps, History, Saved Tab Group, WebAuthn Credentials, Collection, Edge E Drop, Edge Hub App Usage, Edge Wallet, Edge Workspace, Encryption Keys}
{"logTime": "0524/194612", "correlationVector":"JYdPN+NeQf/8r5y9qzamNj.1","action":"SyncServerConnectionManagerRequest", "result":"SYNC_SERVER_OK", "context":{"environment":"Prod_westeurope_prod-s01-080-eur-westeurope", "migrationStage":"NotStarted", "server":"akswtt002000005"}}
{"logTime": "0524/194612", "correlationVector":"JYdPN+NeQf/8r5y9qzamNj.2","action":"GetUpdates Response", "result":"Success", "context":Received 0 update(s). cV=JYdPN+NeQf/8r5y9qzamNj.0;server=akswtt002000005;cloudType=Consumer;environment=Prod_westeurope_prod-s01-080-eur-westeurope;migrationStage=NotStarted}
{"logTime": "0524/194612", "correlationVector":"Ebkdf38OHymHiQK9eVPkwI","action":"DoCompareDataConsistency requsted types: ", "result":"Bookmarks, Preferences, Passwords, Extensions, Extension settings, History Delete Directives, Send Tab To Self, Web Apps, History, Saved Tab Group, WebAuthn Credentials, Collection, Edge E Drop, Edge Wallet, Edge Workspace, Encryption Keys"}
{"logTime": "0524/194612", "correlationVector":"Ebkdf38OHymHiQK9eVPkwI.0","action":"CompareDataConsistency result: ", "result":"Compare result: Encryption Keys is consistent. local entities count is: 1 local entities hash is: 3uKTdujpvHxcjvWzNq462NlGaWY="}
{"logTime": "0524/194612", "correlationVector":"Ebkdf38OHymHiQK9eVPkwI.1","action":"CompareDataConsistency result: ", "result":"Compare result: Bookmarks is consistent. local entities count is: 0 local entities hash is: "}
{"logTime": "0524/194612", "correlationVector":"Ebkdf38OHymHiQK9eVPkwI.2","action":"CompareDataConsistency result: ", "result":"Compare result: Preferences is consistent. local entities count is: 38 local entities hash is: 1IGr5Kped8+01pXlsRohGnuCzqo="}
{"logTime": "0524/194612", "correlationVector":"Ebkdf38OHymHiQK9eVPkwI.3","action":"CompareDataConsistency result: ", "result":"Compare result: Extensions is consistent. local entities count is: 0 local entities hash is: "}
{"logTime": "0524/194612", "correlationVector":"Ebkdf38OHymHiQK9eVPkwI.4","action":"CompareDataConsistency result: ", "result":"Compare result: Extension settings is consistent. local entities count is: 0 local entities hash is: "}
{"logTime": "0524/194612", "correlationVector":"Ebkdf38OHymHiQK9eVPkwI.5","action":"CompareDataConsistency result: ", "result":"Compare result: History Delete Directives is consistent. local entities count is: 0 local entities hash is: "}
{"logTime": "0524/194612", "correlationVector":"Ebkdf38OHymHiQK9eVPkwI.6","action":"CompareDataConsistency result: ", "result":"Server did not send this Send Tab To Self local entities count is: 0 local entities hash is: "}
{"logTime": "0524/194612", "correlationVector":"Ebkdf38OHymHiQK9eVPkwI.7","action":"CompareDataConsistency result: ", "result":"Compare result: Web Apps is consistent. local entities count is: 0 local entities hash is: "}
{"logTime": "0524/194612", "correlationVector":"Ebkdf38OHymHiQK9eVPkwI.8","action":"CompareDataConsistency result: ", "result":"Server did not send this History local entities count is: 0 local entities hash is: "}
{"logTime": "0524/194612", "correlationVector":"Ebkdf38OHymHiQK9eVPkwI.9","action":"CompareDataConsistency result: ", "result":"Compare result: Saved Tab Group is consistent. local entities count is: 0 local entities hash is: "}
{"logTime": "0524/194612", "correlationVector":"Ebkdf38OHymHiQK9eVPkwI.10","action":"CompareDataConsistency result: ", "result":"Server did not send this WebAuthn Credentials local entities count is: 0 local entities hash is: "}
{"logTime": "0524/194612", "correlationVector":"Ebkdf38OHymHiQK9eVPkwI.11","action":"CompareDataConsistency result: ", "result":"Compare result: Collection is consistent. local entities count is: 0 local entities hash is: "}
{"logTime": "0524/194612", "correlationVector":"Ebkdf38OHymHiQK9eVPkwI.12","action":"CompareDataConsistency result: ", "result":"Compare result: Edge E Drop is consistent. local entities count is: 0 local entities hash is: "}
{"logTime": "0524/194612", "correlationVector":"Ebkdf38OHymHiQK9eVPkwI.13","action":"CompareDataConsistency result: ", "result":"Compare result: Edge Wallet is consistent. local entities count is: 0 local entities hash is: "}
{"logTime": "0524/194612", "correlationVector":"Ebkdf38OHymHiQK9eVPkwI.14","action":"CompareDataConsistency result: ", "result":"Server did not send this Edge Workspace local entities count is: 0 local entities hash is: "}
{"logTime": "0524/194612", "correlationVector":"Ebkdf38OHymHiQK9eVPkwI.15","action":"CompareDataConsistency result: ", "result":"Compare result: Passwords is consistent. local entities count is: 0 local entities hash is: "}
{"logTime": "0524/194612", "correlationVector":"YM/m4/JfNhXP2yi8lgYx9E","action":"Commit Request", "result":"", "context":Item count: 3
Contributing types: Sessions, Device Info}
{"logTime": "0524/194613", "correlationVector":"YM/m4/JfNhXP2yi8lgYx9E.1","action":"SyncServerConnectionManagerRequest", "result":"SYNC_SERVER_OK", "context":{"environment":"Prod_westeurope_prod-s01-080-eur-westeurope", "migrationStage":"NotStarted", "server":"akswtt002000005"}}
{"logTime": "0524/194613", "correlationVector":"YM/m4/JfNhXP2yi8lgYx9E.2","action":"Commit Response", "result":"Success", "context":Result: Success. cV=YM/m4/JfNhXP2yi8lgYx9E.0;server=akswtt002000005;cloudType=Consumer;environment=Prod_westeurope_prod-s01-080-eur-westeurope;migrationStage=NotStarted}
{"logTime": "0524/194613", "correlationVector":"","action":"DIAGNOSTIC_REQUEST|v1/diagnosticData/Diagnostic.SendCheckResult()|SUCCESS", "result":""}
{"logTime": "0524/194724", "correlationVector":"WpwHIgexsz0PLaCbUmGgDR","action":"Commit Request", "result":"", "context":Item count: 2
Contributing types: Sessions, History}
{"logTime": "0524/194724", "correlationVector":"WpwHIgexsz0PLaCbUmGgDR.1","action":"SyncServerConnectionManagerRequest", "result":"SYNC_SERVER_OK", "context":{"environment":"Prod_westeurope_prod-s01-080-eur-westeurope", "migrationStage":"NotStarted", "server":"akswtt002000005"}}
{"logTime": "0524/194724", "correlationVector":"WpwHIgexsz0PLaCbUmGgDR.2","action":"Commit Response", "result":"Success", "context":Result: Success. cV=WpwHIgexsz0PLaCbUmGgDR.0;server=akswtt002000005;cloudType=Consumer;environment=Prod_westeurope_prod-s01-080-eur-westeurope;migrationStage=NotStarted}
{"logTime": "0524/200156", "correlationVector":"gmfQZjwo0YOHUyboE6ILMA.1","action":"SyncServerConnectionManagerRequest", "result":"SYNC_SERVER_OK", "context":{"environment":"Prod_westeurope_prod-s01-080-eur-westeurope", "migrationStage":"NotStarted", "server":"akswtt002000006"}}
{"logTime": "0524/200156", "correlationVector":"gmfQZjwo0YOHUyboE6ILMA.2","action":"ProcessGetUpdates", "result":"Done", "context":{"dataType":"Encryption Keys", "deleted":"0", "process_failed_to_decrypt":"0", "process_pending_decryption":"0", "process_success":"1", "total":"1"}}
{"logTime": "0524/200157", "correlationVector":"oqlh2Cyp3YR0kkaNxVqf3H","action":"SyncServerConnectionManagerRequest", "result":"SYNC_SERVER_OK", "context":{"environment":"", "migrationStage":"", "server":""}}
{"logTime": "0524/200157", "correlationVector":"oqlh2Cyp3YR0kkaNxVqf3H.0","action":"EncryptionKeysFetcher.DownloadKeys:", "result":"Success", "context":Key count: 1, Last key timestamp: 2026-04-20T23:12:43Z}
{"logTime": "0524/200157", "correlationVector":"oqlh2Cyp3YR0kkaNxVqf3H.1","action":"EncryptionKeysManager::SetEncryptionKeys:", "result":"Success", "context":Key names[1]:[B5ks19l4Uaa4TsLcOPgAVi2FgFCmvNaQbygoIgxoE+1JE5aIStDmfHH2ucBGNlqCoHRxlic/gRvGc3bnW52jJQ==]}
{"logTime": "0524/200157", "correlationVector":"oqlh2Cyp3YR0kkaNxVqf3H.2","action":"EncryptionKeysManager::SetEncryptionKeysWithTimestamps:", "result":"Success", "context":Key timestamps[1]:[2026-04-20T23:12:43Z]}
{"logTime": "0524/200157", "correlationVector":"gmfQZjwo0YOHUyboE6ILMA","action":"Initial GetUpdates", "result":"", "context":Reason: NEW_CLIENT. cV=gmfQZjwo0YOHUyboE6ILMA}
{"logTime": "0524/200157", "correlationVector":"gmfQZjwo0YOHUyboE6ILMA.3","action":"GetUpdates Response", "result":"Success", "context":Received 1 update(s). cV=gmfQZjwo0YOHUyboE6ILMA.0;server=akswtt002000006;cloudType=Consumer;environment=Prod_westeurope_prod-s01-080-eur-westeurope;migrationStage=NotStarted}
{"logTime": "0524/200157", "correlationVector":"faeibaK2LIipMnsGYktJ7L","action":"Normal GetUpdate request", "result":"", "context":cV=faeibaK2LIipMnsGYktJ7L
Nudged types: Sessions, History
Refresh requested types: Bookmarks, Preferences, Passwords, Autofill Profiles, Autofill, Extensions, Sessions, Extension settings, History Delete Directives, Device Info, User Consents, Send Tab To Self, Web Apps, History, Saved Tab Group, WebAuthn Credentials, Collection, Edge E Drop, Edge Hub App Usage, Edge Wallet, Edge Workspace, Encryption Keys}
{"logTime": "0524/200158", "correlationVector":"faeibaK2LIipMnsGYktJ7L.1","action":"SyncServerConnectionManagerRequest", "result":"SYNC_SERVER_OK", "context":{"environment":"Prod_westeurope_prod-s01-080-eur-westeurope", "migrationStage":"NotStarted", "server":"akswtt00200000s"}}
{"logTime": "0524/200158", "correlationVector":"faeibaK2LIipMnsGYktJ7L.2","action":"ProcessGetUpdates", "result":"Done", "context":{"dataType":"Sessions", "deleted":"1", "process_failed_to_decrypt":"0", "process_pending_decryption":"0", "process_success":"3", "total":"3"}}
{"logTime": "0524/200158", "correlationVector":"faeibaK2LIipMnsGYktJ7L.3","action":"ProcessGetUpdates", "result":"Done", "context":{"dataType":"Device Info", "deleted":"0", "process_failed_to_decrypt":"0", "process_pending_decryption":"0", "process_success":"1", "total":"1"}}
{"logTime": "0524/200158", "correlationVector":"faeibaK2LIipMnsGYktJ7L.4","action":"ProcessGetUpdates", "result":"Done", "context":{"dataType":"History", "deleted":"0", "process_failed_to_decrypt":"0", "process_pending_decryption":"0", "process_success":"2", "total":"2"}}
{"logTime": "0524/200158", "correlationVector":"faeibaK2LIipMnsGYktJ7L.5","action":"GetUpdates Response", "result":"Success", "context":Received 6 update(s). cV=faeibaK2LIipMnsGYktJ7L.0;server=akswtt00200000s;cloudType=Consumer;environment=Prod_westeurope_prod-s01-080-eur-westeurope;migrationStage=NotStarted}
{"logTime": "0524/200159", "correlationVector":"RGKPgd9nrwT+LJ3hWVP4CD","action":"Commit Request", "result":"", "context":Item count: 1
Contributing types: History}
{"logTime": "0524/200159", "correlationVector":"RGKPgd9nrwT+LJ3hWVP4CD.1","action":"SyncServerConnectionManagerRequest", "result":"SYNC_SERVER_OK", "context":{"environment":"Prod_westeurope_prod-s01-080-eur-westeurope", "migrationStage":"NotStarted", "server":"akswtt00200000p"}}
{"logTime": "0524/200159", "correlationVector":"RGKPgd9nrwT+LJ3hWVP4CD.2","action":"Commit Response", "result":"Success", "context":Result: Success. cV=RGKPgd9nrwT+LJ3hWVP4CD.0;server=akswtt00200000p;cloudType=Consumer;environment=Prod_westeurope_prod-s01-080-eur-westeurope;migrationStage=NotStarted}
{"logTime": "0524/200259", "correlationVector":"J2x7uJHJXkjX+rKCwvDqgT","action":"Commit Request", "result":"", "context":Item count: 3
Contributing types: Sessions, History}
{"logTime": "0524/200259", "correlationVector":"J2x7uJHJXkjX+rKCwvDqgT.1","action":"SyncServerConnectionManagerRequest", "result":"SYNC_SERVER_OK", "context":{"environment":"Prod_westeurope_prod-s01-080-eur-westeurope", "migrationStage":"NotStarted", "server":"akswtt002000007"}}
{"logTime": "0524/200259", "correlationVector":"J2x7uJHJXkjX+rKCwvDqgT.2","action":"Commit Response", "result":"Success", "context":Result: Success. cV=J2x7uJHJXkjX+rKCwvDqgT.0;server=akswtt002000007;cloudType=Consumer;environment=Prod_westeurope_prod-s01-080-eur-westeurope;migrationStage=NotStarted}
{"logTime": "0524/200552", "correlationVector":"Z9RLgtdU9KEETovAP7OMu1.1","action":"SyncServerConnectionManagerRequest", "result":"SYNC_SERVER_OK", "context":{"environment":"Prod_westeurope_prod-s01-079-eur-westeurope", "migrationStage":"NotStarted", "server":"akswtt002000007"}}
{"logTime": "0524/200552", "correlationVector":"Z9RLgtdU9KEETovAP7OMu1.2","action":"ProcessGetUpdates", "result":"Done", "context":{"dataType":"Encryption Keys", "deleted":"0", "process_failed_to_decrypt":"0", "process_pending_decryption":"0", "process_success":"1", "total":"1"}}
{"logTime": "0524/200553", "correlationVector":"giwubPY540VLpJCN+6MrP7","action":"SyncServerConnectionManagerRequest", "result":"SYNC_SERVER_ERROR", "context":{"environment":"", "error_type":"http_status_code", "error_value":"400", "migrationStage":"", "server":""}}
{"logTime": "0524/200553", "correlationVector":"Z9RLgtdU9KEETovAP7OMu1","action":"Initial GetUpdates", "result":"", "context":Reason: NEW_CLIENT. cV=Z9RLgtdU9KEETovAP7OMu1}
{"logTime": "0524/200553", "correlationVector":"Z9RLgtdU9KEETovAP7OMu1.3","action":"GetUpdates Response", "result":"Success", "context":Received 1 update(s). cV=Z9RLgtdU9KEETovAP7OMu1.0;server=akswtt002000007;cloudType=Consumer;environment=Prod_westeurope_prod-s01-079-eur-westeurope;migrationStage=NotStarted}
{"logTime": "0524/200553", "correlationVector":"fo5IjDC0c9Z6nMW7/4qA7s","action":"Initial GetUpdates", "result":"", "context":Reason: NEWLY_SUPPORTED_DATATYPE. cV=fo5IjDC0c9Z6nMW7/4qA7s}
{"logTime": "0524/200554", "correlationVector":"fo5IjDC0c9Z6nMW7/4qA7s.1","action":"SyncServerConnectionManagerRequest", "result":"SYNC_SERVER_OK", "context":{"environment":"Prod_westeurope_prod-s01-079-eur-westeurope", "migrationStage":"NotStarted", "server":"akswtt00200000p"}}
{"logTime": "0524/200554", "correlationVector":"fo5IjDC0c9Z6nMW7/4qA7s.2","action":"ProcessGetUpdates", "result":"Done", "context":{"dataType":"Preferences", "deleted":"0", "process_failed_to_decrypt":"0", "process_pending_decryption":"0", "process_success":"38", "total":"38"}}
{"logTime": "0524/200554", "correlationVector":"fo5IjDC0c9Z6nMW7/4qA7s.3","action":"ProcessGetUpdates", "result":"Done", "context":{"dataType":"Device Info", "deleted":"0", "process_failed_to_decrypt":"0", "process_pending_decryption":"0", "process_success":"8", "total":"8"}}
{"logTime": "0524/200554", "correlationVector":"fo5IjDC0c9Z6nMW7/4qA7s.4","action":"GetUpdates Response", "result":"Success", "context":Received 46 update(s). cV=fo5IjDC0c9Z6nMW7/4qA7s.0;server=akswtt00200000p;cloudType=Consumer;environment=Prod_westeurope_prod-s01-079-eur-westeurope;migrationStage=NotStarted}
{"logTime": "0524/200555", "correlationVector":"3qvZZj0m8MonM+MKL6/Tkf","action":"SyncServerConnectionManagerRequest", "result":"SYNC_SERVER_ERROR", "context":{"environment":"", "error_type":"http_status_code", "error_value":"400", "migrationStage":"", "server":""}}
{"logTime": "0524/200555", "correlationVector":"hCtYXYbzz0ENpvcz5fwEjd","action":"Initial GetUpdates", "result":"", "context":Reason: NEWLY_SUPPORTED_DATATYPE. cV=hCtYXYbzz0ENpvcz5fwEjd}
{"logTime": "0524/200556", "correlationVector":"hCtYXYbzz0ENpvcz5fwEjd.1","action":"SyncServerConnectionManagerRequest", "result":"SYNC_SERVER_OK", "context":{"environment":"Prod_westeurope_prod-s01-080-eur-westeurope", "migrationStage":"NotStarted", "server":"akswtt00200000i"}}
{"logTime": "0524/200556", "correlationVector":"hCtYXYbzz0ENpvcz5fwEjd.2","action":"ProcessGetUpdates", "result":"Done", "context":{"dataType":"Bookmarks", "deleted":"0", "process_failed_to_decrypt":"0", "process_pending_decryption":"0", "process_success":"6", "total":"6"}}
{"logTime": "0524/200556", "correlationVector":"hCtYXYbzz0ENpvcz5fwEjd.3","action":"GetUpdates Response", "result":"Success", "context":Received 6 update(s). cV=hCtYXYbzz0ENpvcz5fwEjd.0;server=akswtt00200000i;cloudType=Consumer;environment=Prod_westeurope_prod-s01-080-eur-westeurope;migrationStage=NotStarted}
{"logTime": "0524/200557", "correlationVector":"d56aiCB3vnGcIHpzRSE8fT","action":"SyncServerConnectionManagerRequest", "result":"SYNC_SERVER_ERROR", "context":{"environment":"", "error_type":"http_status_code", "error_value":"400", "migrationStage":"", "server":""}}
{"logTime": "0524/200557", "correlationVector":"ZV4aWmejiHCr0/nO/7iiv2","action":"Initial GetUpdates", "result":"", "context":Reason: NEWLY_SUPPORTED_DATATYPE. cV=ZV4aWmejiHCr0/nO/7iiv2}
{"logTime": "0524/200557", "correlationVector":"ZV4aWmejiHCr0/nO/7iiv2.1","action":"SyncServerConnectionManagerRequest", "result":"SYNC_SERVER_OK", "context":{"environment":"Prod_westeurope_prod-s01-080-eur-westeurope", "migrationStage":"NotStarted", "server":"akswtt00200000q"}}
{"logTime": "0524/200557", "correlationVector":"ZV4aWmejiHCr0/nO/7iiv2.2","action":"ProcessGetUpdates", "result":"Done", "context":{"dataType":"Sessions", "deleted":"32", "process_failed_to_decrypt":"0", "process_pending_decryption":"0", "process_success":"36", "total":"36"}}
{"logTime": "0524/200557", "correlationVector":"ZV4aWmejiHCr0/nO/7iiv2.3","action":"ProcessGetUpdates", "result":"Done", "context":{"dataType":"Edge Hub App Usage", "deleted":"0", "process_failed_to_decrypt":"0", "process_pending_decryption":"0", "process_success":"6", "total":"6"}}
{"logTime": "0524/200557", "correlationVector":"ZV4aWmejiHCr0/nO/7iiv2.4","action":"GetUpdates Response", "result":"Success", "context":Received 42 update(s). cV=ZV4aWmejiHCr0/nO/7iiv2.0;server=akswtt00200000q;cloudType=Consumer;environment=Prod_westeurope_prod-s01-080-eur-westeurope;migrationStage=NotStarted}
{"logTime": "0524/200557", "correlationVector":"x0uTFkT5oBVFTFUAC4bgCn","action":"SyncServerConnectionManagerRequest", "result":"SYNC_SERVER_ERROR", "context":{"environment":"", "error_type":"http_status_code", "error_value":"400", "migrationStage":"", "server":""}}
{"logTime": "0524/200557", "correlationVector":"NQyKQ1sztaTYcDvRn2yrO8","action":"Initial GetUpdates", "result":"", "context":Reason: NEWLY_SUPPORTED_DATATYPE. cV=NQyKQ1sztaTYcDvRn2yrO8}
{"logTime": "0524/200558", "correlationVector":"NQyKQ1sztaTYcDvRn2yrO8.1","action":"SyncServerConnectionManagerRequest", "result":"SYNC_SERVER_OK", "context":{"environment":"Prod_westeurope_prod-s01-080-eur-westeurope", "migrationStage":"NotStarted", "server":"akswtt00200000x"}}
{"logTime": "0524/200558", "correlationVector":"NQyKQ1sztaTYcDvRn2yrO8.2","action":"ProcessGetUpdates", "result":"Done", "context":{"dataType":"History", "deleted":"0", "process_failed_to_decrypt":"0", "process_pending_decryption":"0", "process_success":"80", "total":"80"}}
{"logTime": "0524/200558", "correlationVector":"NQyKQ1sztaTYcDvRn2yrO8.3","action":"GetUpdates Response", "result":"Success", "context":Received 80 update(s). cV=NQyKQ1sztaTYcDvRn2yrO8.0;server=akswtt00200000x;cloudType=Consumer;environment=Prod_westeurope_prod-s01-080-eur-westeurope;migrationStage=NotStarted}
{"logTime": "0524/200558", "correlationVector":"xvFOdbpb3xJsIqALQt/mXr","action":"SyncServerConnectionManagerRequest", "result":"SYNC_SERVER_ERROR", "context":{"environment":"", "error_type":"http_status_code", "error_value":"400", "migrationStage":"", "server":""}}
{"logTime": "0524/200558", "correlationVector":"kUpvKVrxGMURnbsuU7+GnD","action":"Normal GetUpdate request", "result":"", "context":cV=kUpvKVrxGMURnbsuU7+GnD
Nudged types: Sessions, Device Info
Refresh requested types: Bookmarks, Preferences, Extensions, Sessions, Extension settings, History Delete Directives, Device Info, User Consents, Send Tab To Self, Web Apps, History, Saved Tab Group, WebAuthn Credentials, Collection, Edge E Drop, Edge Hub App Usage, Edge Wallet, Edge Workspace, Encryption Keys}
{"logTime": "0524/200558", "correlationVector":"kUpvKVrxGMURnbsuU7+GnD.1","action":"SyncServerConnectionManagerRequest", "result":"SYNC_SERVER_OK", "context":{"environment":"Prod_westeurope_prod-s01-080-eur-westeurope", "migrationStage":"NotStarted", "server":"akswtt002000007"}}
{"logTime": "0524/200558", "correlationVector":"kUpvKVrxGMURnbsuU7+GnD.2","action":"GetUpdates Response", "result":"Success", "context":Received 0 update(s). cV=kUpvKVrxGMURnbsuU7+GnD.0;server=akswtt002000007;cloudType=Consumer;environment=Prod_westeurope_prod-s01-080-eur-westeurope;migrationStage=NotStarted}
{"logTime": "0524/200558", "correlationVector":"R8MHjQHULbwrBEt74Z0yWI","action":"Commit Request", "result":"", "context":Item count: 3
Contributing types: Sessions, Device Info}
{"logTime": "0524/200559", "correlationVector":"R8MHjQHULbwrBEt74Z0yWI.1","action":"SyncServerConnectionManagerRequest", "result":"SYNC_SERVER_OK", "context":{"environment":"Prod_westeurope_prod-s01-080-eur-westeurope", "migrationStage":"NotStarted", "server":"akswtt002000005"}}
{"logTime": "0524/200559", "correlationVector":"R8MHjQHULbwrBEt74Z0yWI.2","action":"Commit Response", "result":"Success", "context":Result: Success. cV=R8MHjQHULbwrBEt74Z0yWI.0;server=akswtt002000005;cloudType=Consumer;environment=Prod_westeurope_prod-s01-080-eur-westeurope;migrationStage=NotStarted}
{"logTime": "0524/200559", "correlationVector":"UYpwi042eDTm9JS3VYrKxr","action":"SyncServerConnectionManagerRequest", "result":"SYNC_SERVER_ERROR", "context":{"environment":"", "error_type":"http_status_code", "error_value":"400", "migrationStage":"", "server":""}}
{"logTime": "0524/200602", "correlationVector":"CoSSFTH9DdEj/+DLe+ZLLw","action":"Normal GetUpdate request", "result":"", "context":cV=CoSSFTH9DdEj/+DLe+ZLLw
Nudged types: Sessions, History
Refresh requested types: Encryption Keys}
{"logTime": "0524/200602", "correlationVector":"CoSSFTH9DdEj/+DLe+ZLLw.1","action":"SyncServerConnectionManagerRequest", "result":"SYNC_SERVER_OK", "context":{"environment":"Prod_westeurope_prod-s01-080-eur-westeurope", "migrationStage":"NotStarted", "server":"akswtt00200000e"}}
{"logTime": "0524/200602", "correlationVector":"CoSSFTH9DdEj/+DLe+ZLLw.2","action":"ProcessGetUpdates", "result":"Done", "context":{"dataType":"Sessions", "deleted":"0", "process_failed_to_decrypt":"0", "process_pending_decryption":"0", "process_success":"2", "total":"2"}}
{"logTime": "0524/200602", "correlationVector":"CoSSFTH9DdEj/+DLe+ZLLw.3","action":"ProcessGetUpdates", "result":"Done", "context":{"dataType":"Device Info", "deleted":"0", "process_failed_to_decrypt":"0", "process_pending_decryption":"0", "process_success":"1", "total":"1"}}
{"logTime": "0524/200602", "correlationVector":"CoSSFTH9DdEj/+DLe+ZLLw.4","action":"GetUpdates Response", "result":"Success", "context":Received 3 update(s). cV=CoSSFTH9DdEj/+DLe+ZLLw.0;server=akswtt00200000e;cloudType=Consumer;environment=Prod_westeurope_prod-s01-080-eur-westeurope;migrationStage=NotStarted}
{"logTime": "0524/200602", "correlationVector":"RDut/hOwcJ3QyW7Z9SlHVp","action":"Commit Request", "result":"", "context":Item count: 2
Contributing types: Sessions, History}
{"logTime": "0524/200602", "correlationVector":"RDut/hOwcJ3QyW7Z9SlHVp.1","action":"SyncServerConnectionManagerRequest", "result":"SYNC_SERVER_OK", "context":{"environment":"Prod_westeurope_prod-s01-080-eur-westeurope", "migrationStage":"NotStarted", "server":"akswtt00200000e"}}
{"logTime": "0524/200602", "correlationVector":"RDut/hOwcJ3QyW7Z9SlHVp.2","action":"Commit Response", "result":"Success", "context":Result: Success. cV=RDut/hOwcJ3QyW7Z9SlHVp.0;server=akswtt00200000e;cloudType=Consumer;environment=Prod_westeurope_prod-s01-080-eur-westeurope;migrationStage=NotStarted}
{"logTime": "0524/200603", "correlationVector":"hFtdfGB7dH6ubRe/8oW0oZ","action":"SyncServerConnectionManagerRequest", "result":"SYNC_SERVER_ERROR", "context":{"environment":"", "error_type":"http_status_code", "error_value":"400", "migrationStage":"", "server":""}}
{"logTime": "0524/200610", "correlationVector":"go3zdW1VEwIsCbs1kx+FLX","action":"Normal GetUpdate request", "result":"", "context":cV=go3zdW1VEwIsCbs1kx+FLX
Nudged types: Sessions, History
Refresh requested types: Encryption Keys}
{"logTime": "0524/200611", "correlationVector":"go3zdW1VEwIsCbs1kx+FLX.1","action":"SyncServerConnectionManagerRequest", "result":"SYNC_SERVER_OK", "context":{"environment":"Prod_westeurope_prod-s01-080-eur-westeurope", "migrationStage":"NotStarted", "server":"akswtt00200000p"}}
{"logTime": "0524/200611", "correlationVector":"go3zdW1VEwIsCbs1kx+FLX.2","action":"ProcessGetUpdates", "result":"Done", "context":{"dataType":"Sessions", "deleted":"0", "process_failed_to_decrypt":"0", "process_pending_decryption":"0", "process_success":"1", "total":"1"}}
{"logTime": "0524/200611", "correlationVector":"go3zdW1VEwIsCbs1kx+FLX.3","action":"ProcessGetUpdates", "result":"Done", "context":{"dataType":"History", "deleted":"0", "process_failed_to_decrypt":"0", "process_pending_decryption":"0", "process_success":"1", "total":"1"}}
{"logTime": "0524/200611", "correlationVector":"go3zdW1VEwIsCbs1kx+FLX.4","action":"GetUpdates Response", "result":"Success", "context":Received 2 update(s). cV=go3zdW1VEwIsCbs1kx+FLX.0;server=akswtt00200000p;cloudType=Consumer;environment=Prod_westeurope_prod-s01-080-eur-westeurope;migrationStage=NotStarted}
{"logTime": "0524/200611", "correlationVector":"/7cuqUo5qOwDjLq4YzgWUD","action":"Commit Request", "result":"", "context":Item count: 2
Contributing types: Sessions, History}
{"logTime": "0524/200611", "correlationVector":"/7cuqUo5qOwDjLq4YzgWUD.1","action":"SyncServerConnectionManagerRequest", "result":"SYNC_SERVER_OK", "context":{"environment":"Prod_westeurope_prod-s01-080-eur-westeurope", "migrationStage":"NotStarted", "server":"akswtt00200000p"}}
{"logTime": "0524/200611", "correlationVector":"/7cuqUo5qOwDjLq4YzgWUD.2","action":"Commit Response", "result":"Success", "context":Result: Success. cV=/7cuqUo5qOwDjLq4YzgWUD.0;server=akswtt00200000p;cloudType=Consumer;environment=Prod_westeurope_prod-s01-080-eur-westeurope;migrationStage=NotStarted}
{"logTime": "0524/200611", "correlationVector":"6ExMShiHEvvlnaS33NUKBt","action":"SyncServerConnectionManagerRequest", "result":"SYNC_SERVER_ERROR", "context":{"environment":"", "error_type":"http_status_code", "error_value":"400", "migrationStage":"", "server":""}}
{"logTime": "0524/200612", "correlationVector":"zf9dxWhvq7dxmFp7F1wg4f","action":"Normal GetUpdate request", "result":"", "context":cV=zf9dxWhvq7dxmFp7F1wg4f
Nudged types: Sessions, History
Refresh requested types: Encryption Keys}
{"logTime": "0524/200612", "correlationVector":"zf9dxWhvq7dxmFp7F1wg4f.1","action":"SyncServerConnectionManagerRequest", "result":"SYNC_SERVER_OK", "context":{"environment":"Prod_westeurope_prod-s01-080-eur-westeurope", "migrationStage":"NotStarted", "server":"akswtt00200000c"}}
{"logTime": "0524/200612", "correlationVector":"zf9dxWhvq7dxmFp7F1wg4f.2","action":"ProcessGetUpdates", "result":"Done", "context":{"dataType":"Sessions", "deleted":"0", "process_failed_to_decrypt":"0", "process_pending_decryption":"0", "process_success":"1", "total":"1"}}
{"logTime": "0524/200612", "correlationVector":"zf9dxWhvq7dxmFp7F1wg4f.3","action":"ProcessGetUpdates", "result":"Done", "context":{"dataType":"History", "deleted":"0", "process_failed_to_decrypt":"0", "process_pending_decryption":"0", "process_success":"1", "total":"1"}}
{"logTime": "0524/200612", "correlationVector":"zf9dxWhvq7dxmFp7F1wg4f.4","action":"GetUpdates Response", "result":"Success", "context":Received 2 update(s). cV=zf9dxWhvq7dxmFp7F1wg4f.0;server=akswtt00200000c;cloudType=Consumer;environment=Prod_westeurope_prod-s01-080-eur-westeurope;migrationStage=NotStarted}
{"logTime": "0524/200612", "correlationVector":"0sHGWVgWZ5PL+cEu4Am5ru","action":"SyncServerConnectionManagerRequest", "result":"SYNC_SERVER_ERROR", "context":{"environment":"", "error_type":"http_status_code", "error_value":"400", "migrationStage":"", "server":""}}
{"logTime": "0524/200625", "correlationVector":"MCIStck5N80IO7EeHoN3EU","action":"Normal GetUpdate request", "result":"", "context":cV=MCIStck5N80IO7EeHoN3EU
Refresh requested types: Encryption Keys}
{"logTime": "0524/200625", "correlationVector":"MCIStck5N80IO7EeHoN3EU.1","action":"SyncServerConnectionManagerRequest", "result":"SYNC_SERVER_OK", "context":{"environment":"Prod_westeurope_prod-s01-080-eur-westeurope", "migrationStage":"NotStarted", "server":"akswtt00200000d"}}
{"logTime": "0524/200625", "correlationVector":"MCIStck5N80IO7EeHoN3EU.2","action":"GetUpdates Response", "result":"Success", "context":Received 0 update(s). cV=MCIStck5N80IO7EeHoN3EU.0;server=akswtt00200000d;cloudType=Consumer;environment=Prod_westeurope_prod-s01-080-eur-westeurope;migrationStage=NotStarted}
{"logTime": "0524/200625", "correlationVector":"XFB61sLnqkiPCzPhPQDmK1","action":"SyncServerConnectionManagerRequest", "result":"SYNC_SERVER_ERROR", "context":{"environment":"", "error_type":"http_status_code", "error_value":"400", "migrationStage":"", "server":""}}
{"logTime": "0524/200658", "correlationVector":"mktGIkslsdzDUg3B1dyCbK","action":"Normal GetUpdate request", "result":"", "context":cV=mktGIkslsdzDUg3B1dyCbK
Refresh requested types: Encryption Keys}
{"logTime": "0524/200658", "correlationVector":"mktGIkslsdzDUg3B1dyCbK.1","action":"SyncServerConnectionManagerRequest", "result":"SYNC_SERVER_OK", "context":{"environment":"Prod_westeurope_prod-s01-080-eur-westeurope", "migrationStage":"NotStarted", "server":"akswtt00200000c"}}
{"logTime": "0524/200658", "correlationVector":"mktGIkslsdzDUg3B1dyCbK.2","action":"GetUpdates Response", "result":"Success", "context":Received 0 update(s). cV=mktGIkslsdzDUg3B1dyCbK.0;server=akswtt00200000c;cloudType=Consumer;environment=Prod_westeurope_prod-s01-080-eur-westeurope;migrationStage=NotStarted}
{"logTime": "0524/200659", "correlationVector":"3ev8J44um/l9KXIMUm8eLW","action":"SyncServerConnectionManagerRequest", "result":"SYNC_SERVER_OK", "context":{"environment":"", "migrationStage":"", "server":""}}
{"logTime": "0524/200659", "correlationVector":"3ev8J44um/l9KXIMUm8eLW.0","action":"EncryptionKeysFetcher.DownloadKeys:", "result":"Success", "context":Key count: 1, Last key timestamp: 2026-04-20T23:12:43Z}
{"logTime": "0524/200659", "correlationVector":"3ev8J44um/l9KXIMUm8eLW.1","action":"EncryptionKeysManager::SetEncryptionKeys:", "result":"Success", "context":Key names[1]:[B5ks19l4Uaa4TsLcOPgAVi2FgFCmvNaQbygoIgxoE+1JE5aIStDmfHH2ucBGNlqCoHRxlic/gRvGc3bnW52jJQ==]}
{"logTime": "0524/200659", "correlationVector":"3ev8J44um/l9KXIMUm8eLW.2","action":"EncryptionKeysManager::SetEncryptionKeysWithTimestamps:", "result":"Success", "context":Key timestamps[1]:[2026-04-20T23:12:43Z]}
{"logTime": "0524/200659", "correlationVector":"ya9XndtkK3bJdZaiKMoqqk","action":"Initial GetUpdates", "result":"", "context":Reason: NEWLY_SUPPORTED_DATATYPE. cV=ya9XndtkK3bJdZaiKMoqqk}
{"logTime": "0524/200659", "correlationVector":"ya9XndtkK3bJdZaiKMoqqk.1","action":"SyncServerConnectionManagerRequest", "result":"SYNC_SERVER_OK", "context":{"environment":"Prod_westeurope_prod-s01-080-eur-westeurope", "migrationStage":"NotStarted", "server":"akswtt00200000c"}}
{"logTime": "0524/200659", "correlationVector":"ya9XndtkK3bJdZaiKMoqqk.2","action":"GetUpdates Response", "result":"Success", "context":Received 0 update(s). cV=ya9XndtkK3bJdZaiKMoqqk.0;server=akswtt00200000c;cloudType=Consumer;environment=Prod_westeurope_prod-s01-080-eur-westeurope;migrationStage=NotStarted}
{"logTime": "0524/200659", "correlationVector":"e3xRHaGYd7e8O/wahzHnTf","action":"Initial GetUpdates", "result":"", "context":Reason: NEWLY_SUPPORTED_DATATYPE. cV=e3xRHaGYd7e8O/wahzHnTf}
{"logTime": "0524/200659", "correlationVector":"e3xRHaGYd7e8O/wahzHnTf.1","action":"SyncServerConnectionManagerRequest", "result":"SYNC_SERVER_OK", "context":{"environment":"Prod_westeurope_prod-s01-080-eur-westeurope", "migrationStage":"NotStarted", "server":"akswtt002000007"}}
{"logTime": "0524/200659", "correlationVector":"e3xRHaGYd7e8O/wahzHnTf.2","action":"ProcessGetUpdates", "result":"Done", "context":{"dataType":"Autofill", "deleted":"0", "process_failed_to_decrypt":"0", "process_pending_decryption":"0", "process_success":"3", "total":"3"}}
{"logTime": "0524/200659", "correlationVector":"e3xRHaGYd7e8O/wahzHnTf.3","action":"GetUpdates Response", "result":"Success", "context":Received 3 update(s). cV=e3xRHaGYd7e8O/wahzHnTf.0;server=akswtt002000007;cloudType=Consumer;environment=Prod_westeurope_prod-s01-080-eur-westeurope;migrationStage=NotStarted}
{"logTime": "0524/200659", "correlationVector":"Pr1Rj4Mcx8WBOupk86Xcgi","action":"Normal GetUpdate request", "result":"", "context":cV=Pr1Rj4Mcx8WBOupk86Xcgi
Refresh requested types: Bookmarks, Preferences, Passwords, Autofill Profiles, Autofill, Extensions, Sessions, Extension settings, History Delete Directives, Device Info, User Consents, Send Tab To Self, Web Apps, History, Saved Tab Group, WebAuthn Credentials, Collection, Edge E Drop, Edge Hub App Usage, Edge Wallet, Edge Workspace, Encryption Keys}
{"logTime": "0524/200659", "correlationVector":"Pr1Rj4Mcx8WBOupk86Xcgi.1","action":"SyncServerConnectionManagerRequest", "result":"SYNC_SERVER_OK", "context":{"environment":"Prod_westeurope_prod-s01-080-eur-westeurope", "migrationStage":"NotStarted", "server":"akswtt002000007"}}
{"logTime": "0524/200659", "correlationVector":"Pr1Rj4Mcx8WBOupk86Xcgi.2","action":"GetUpdates Response", "result":"Success", "context":Received 0 update(s). cV=Pr1Rj4Mcx8WBOupk86Xcgi.0;server=akswtt002000007;cloudType=Consumer;environment=Prod_westeurope_prod-s01-080-eur-westeurope;migrationStage=NotStarted}
{"logTime": "0524/200847", "correlationVector":"fLh+Ng6jl/+3dMfrvvQ4G1","action":"Commit Request", "result":"", "context":Item count: 1
Contributing types: History}
{"logTime": "0524/200848", "correlationVector":"fLh+Ng6jl/+3dMfrvvQ4G1.1","action":"SyncServerConnectionManagerRequest", "result":"SYNC_SERVER_OK", "context":{"environment":"Prod_westeurope_prod-s01-080-eur-westeurope", "migrationStage":"NotStarted", "server":"akswtt00200000s"}}
{"logTime": "0524/200848", "correlationVector":"fLh+Ng6jl/+3dMfrvvQ4G1.2","action":"Commit Response", "result":"Success", "context":Result: Success. cV=fLh+Ng6jl/+3dMfrvvQ4G1.0;server=akswtt00200000s;cloudType=Consumer;environment=Prod_westeurope_prod-s01-080-eur-westeurope;migrationStage=NotStarted}
{"logTime": "0524/201322", "correlationVector":"4a9vUkm9wM7gHGr7sP8LDl.1","action":"SyncServerConnectionManagerRequest", "result":"SYNC_SERVER_OK", "context":{"environment":"Prod_westeurope_prod-s01-079-eur-westeurope", "migrationStage":"NotStarted", "server":"akswtt00200000i"}}
{"logTime": "0524/201322", "correlationVector":"4a9vUkm9wM7gHGr7sP8LDl.2","action":"ProcessGetUpdates", "result":"Done", "context":{"dataType":"Encryption Keys", "deleted":"0", "process_failed_to_decrypt":"0", "process_pending_decryption":"0", "process_success":"1", "total":"1"}}
{"logTime": "0524/201323", "correlationVector":"9EK0TIDEKl0cVQWBdObt8k","action":"SyncServerConnectionManagerRequest", "result":"SYNC_SERVER_OK", "context":{"environment":"", "migrationStage":"", "server":""}}
{"logTime": "0524/201323", "correlationVector":"9EK0TIDEKl0cVQWBdObt8k.0","action":"EncryptionKeysFetcher.DownloadKeys:", "result":"Success", "context":Key count: 1, Last key timestamp: 2026-04-20T23:12:43Z}
{"logTime": "0524/201323", "correlationVector":"9EK0TIDEKl0cVQWBdObt8k.1","action":"EncryptionKeysManager::SetEncryptionKeys:", "result":"Success", "context":Key names[1]:[B5ks19l4Uaa4TsLcOPgAVi2FgFCmvNaQbygoIgxoE+1JE5aIStDmfHH2ucBGNlqCoHRxlic/gRvGc3bnW52jJQ==]}
{"logTime": "0524/201323", "correlationVector":"9EK0TIDEKl0cVQWBdObt8k.2","action":"EncryptionKeysManager::SetEncryptionKeysWithTimestamps:", "result":"Success", "context":Key timestamps[1]:[2026-04-20T23:12:43Z]}
{"logTime": "0524/201323", "correlationVector":"4a9vUkm9wM7gHGr7sP8LDl","action":"Initial GetUpdates", "result":"", "context":Reason: NEW_CLIENT. cV=4a9vUkm9wM7gHGr7sP8LDl}
{"logTime": "0524/201323", "correlationVector":"4a9vUkm9wM7gHGr7sP8LDl.3","action":"GetUpdates Response", "result":"Success", "context":Received 1 update(s). cV=4a9vUkm9wM7gHGr7sP8LDl.0;server=akswtt00200000i;cloudType=Consumer;environment=Prod_westeurope_prod-s01-079-eur-westeurope;migrationStage=NotStarted}
{"logTime": "0524/201323", "correlationVector":"paSdAuZ2W5Tf928aYLr5VN","action":"Normal GetUpdate request", "result":"", "context":cV=paSdAuZ2W5Tf928aYLr5VN
Nudged types: Sessions, History
Refresh requested types: Bookmarks, Preferences, Passwords, Autofill Profiles, Autofill, Extensions, Sessions, Extension settings, History Delete Directives, Device Info, User Consents, Send Tab To Self, Web Apps, History, Saved Tab Group, WebAuthn Credentials, Collection, Edge E Drop, Edge Hub App Usage, Edge Wallet, Edge Workspace, Encryption Keys}
{"logTime": "0524/201323", "correlationVector":"paSdAuZ2W5Tf928aYLr5VN.1","action":"SyncServerConnectionManagerRequest", "result":"SYNC_SERVER_OK", "context":{"environment":"Prod_westeurope_prod-s01-079-eur-westeurope", "migrationStage":"NotStarted", "server":"akswtt00200000e"}}
{"logTime": "0524/201323", "correlationVector":"paSdAuZ2W5Tf928aYLr5VN.2","action":"ProcessGetUpdates", "result":"Done", "context":{"dataType":"History", "deleted":"0", "process_failed_to_decrypt":"0", "process_pending_decryption":"0", "process_success":"1", "total":"1"}}
{"logTime": "0524/201323", "correlationVector":"paSdAuZ2W5Tf928aYLr5VN.3","action":"GetUpdates Response", "result":"Success", "context":Received 1 update(s). cV=paSdAuZ2W5Tf928aYLr5VN.0;server=akswtt00200000e;cloudType=Consumer;environment=Prod_westeurope_prod-s01-079-eur-westeurope;migrationStage=NotStarted}
{"logTime": "0524/201324", "correlationVector":"UZ15MALzoLBbMLJ72aquB2","action":"Commit Request", "result":"", "context":Item count: 5
Contributing types: Sessions, History}
{"logTime": "0524/201324", "correlationVector":"UZ15MALzoLBbMLJ72aquB2.1","action":"SyncServerConnectionManagerRequest", "result":"SYNC_SERVER_OK", "context":{"environment":"Prod_westeurope_prod-s01-079-eur-westeurope", "migrationStage":"NotStarted", "server":"akswtt00200000q"}}
{"logTime": "0524/201324", "correlationVector":"UZ15MALzoLBbMLJ72aquB2.2","action":"Commit Response", "result":"Success", "context":Result: Success. cV=UZ15MALzoLBbMLJ72aquB2.0;server=akswtt00200000q;cloudType=Consumer;environment=Prod_westeurope_prod-s01-079-eur-westeurope;migrationStage=NotStarted}
{"logTime": "0524/201324", "correlationVector":"UZ15MALzoLBbMLJ72aquB2.3","action":"Commit.Sessions", "result":"Success", "context":{"id":"f197b334-1b4f-46c5-a11c-2e5bc6b6dfaa", "isDeleted":"true", "size":"0", "version":"1779653170655"}}
{"logTime": "0525/144541", "correlationVector":"2dr9thzxTNJPefmGTZZbJk.1","action":"SyncServerConnectionManagerRequest", "result":"SYNC_SERVER_OK", "context":{"environment":"Prod_germanywestcentral_prod-s01-010-eur-germanywestcentral", "migrationStage":"NotStarted", "server":"akswtt00200000t"}}
{"logTime": "0525/144541", "correlationVector":"2dr9thzxTNJPefmGTZZbJk.2","action":"ProcessGetUpdates", "result":"Done", "context":{"dataType":"Encryption Keys", "deleted":"0", "process_failed_to_decrypt":"0", "process_pending_decryption":"0", "process_success":"1", "total":"1"}}
{"logTime": "0525/144542", "correlationVector":"iBmJ5ib5g6rqnudOVjevyo","action":"SyncServerConnectionManagerRequest", "result":"SYNC_SERVER_OK", "context":{"environment":"", "migrationStage":"", "server":""}}
{"logTime": "0525/144542", "correlationVector":"iBmJ5ib5g6rqnudOVjevyo.0","action":"EncryptionKeysFetcher.DownloadKeys:", "result":"Success", "context":Key count: 1, Last key timestamp: 2026-04-20T23:12:43Z}
{"logTime": "0525/144542", "correlationVector":"iBmJ5ib5g6rqnudOVjevyo.1","action":"EncryptionKeysManager::SetEncryptionKeys:", "result":"Success", "context":Key names[1]:[B5ks19l4Uaa4TsLcOPgAVi2FgFCmvNaQbygoIgxoE+1JE5aIStDmfHH2ucBGNlqCoHRxlic/gRvGc3bnW52jJQ==]}
{"logTime": "0525/144542", "correlationVector":"iBmJ5ib5g6rqnudOVjevyo.2","action":"EncryptionKeysManager::SetEncryptionKeysWithTimestamps:", "result":"Success", "context":Key timestamps[1]:[2026-04-20T23:12:43Z]}
{"logTime": "0525/144542", "correlationVector":"2dr9thzxTNJPefmGTZZbJk","action":"Initial GetUpdates", "result":"", "context":Reason: NEW_CLIENT. cV=2dr9thzxTNJPefmGTZZbJk}
{"logTime": "0525/144542", "correlationVector":"2dr9thzxTNJPefmGTZZbJk.3","action":"GetUpdates Response", "result":"Success", "context":Received 1 update(s). cV=2dr9thzxTNJPefmGTZZbJk.0;server=akswtt00200000t;cloudType=Consumer;environment=Prod_germanywestcentral_prod-s01-010-eur-germanywestcentral;migrationStage=NotStarted}
{"logTime": "0525/144542", "correlationVector":"59OhSGx+7KVcIjVe8AB2TG","action":"Initial GetUpdates", "result":"", "context":Reason: NEWLY_SUPPORTED_DATATYPE. cV=59OhSGx+7KVcIjVe8AB2TG}
{"logTime": "0525/144542", "correlationVector":"59OhSGx+7KVcIjVe8AB2TG.1","action":"SyncServerConnectionManagerRequest", "result":"SYNC_SERVER_OK", "context":{"environment":"Prod_germanywestcentral_prod-s01-010-eur-germanywestcentral", "migrationStage":"NotStarted", "server":"akswtt00200000t"}}
{"logTime": "0525/144542", "correlationVector":"59OhSGx+7KVcIjVe8AB2TG.2","action":"ProcessGetUpdates", "result":"Done", "context":{"dataType":"Preferences", "deleted":"0", "process_failed_to_decrypt":"0", "process_pending_decryption":"0", "process_success":"38", "total":"38"}}
{"logTime": "0525/144542", "correlationVector":"59OhSGx+7KVcIjVe8AB2TG.3","action":"ProcessGetUpdates", "result":"Done", "context":{"dataType":"Device Info", "deleted":"0", "process_failed_to_decrypt":"0", "process_pending_decryption":"0", "process_success":"8", "total":"8"}}
{"logTime": "0525/144543", "correlationVector":"59OhSGx+7KVcIjVe8AB2TG.4","action":"GetUpdates Response", "result":"Success", "context":Received 46 update(s). cV=59OhSGx+7KVcIjVe8AB2TG.0;server=akswtt00200000t;cloudType=Consumer;environment=Prod_germanywestcentral_prod-s01-010-eur-germanywestcentral;migrationStage=NotStarted}
{"logTime": "0525/144543", "correlationVector":"IHZaSFmXUeTTgPwIl6UGb9","action":"Initial GetUpdates", "result":"", "context":Reason: NEWLY_SUPPORTED_DATATYPE. cV=IHZaSFmXUeTTgPwIl6UGb9}
{"logTime": "0525/144543", "correlationVector":"IHZaSFmXUeTTgPwIl6UGb9.1","action":"SyncServerConnectionManagerRequest", "result":"SYNC_SERVER_OK", "context":{"environment":"Prod_germanywestcentral_prod-s01-010-eur-germanywestcentral", "migrationStage":"NotStarted", "server":"akswtt002000002"}}
{"logTime": "0525/144543", "correlationVector":"IHZaSFmXUeTTgPwIl6UGb9.2","action":"ProcessGetUpdates", "result":"Done", "context":{"dataType":"Bookmarks", "deleted":"0", "process_failed_to_decrypt":"0", "process_pending_decryption":"0", "process_success":"6", "total":"6"}}
{"logTime": "0525/144543", "correlationVector":"IHZaSFmXUeTTgPwIl6UGb9.3","action":"GetUpdates Response", "result":"Success", "context":Received 6 update(s). cV=IHZaSFmXUeTTgPwIl6UGb9.0;server=akswtt002000002;cloudType=Consumer;environment=Prod_germanywestcentral_prod-s01-010-eur-germanywestcentral;migrationStage=NotStarted}
{"logTime": "0525/144543", "correlationVector":"ftYjd0S/6awZnHDvg/ymTq","action":"Initial GetUpdates", "result":"", "context":Reason: NEWLY_SUPPORTED_DATATYPE. cV=ftYjd0S/6awZnHDvg/ymTq}
{"logTime": "0525/144543", "correlationVector":"ftYjd0S/6awZnHDvg/ymTq.1","action":"SyncServerConnectionManagerRequest", "result":"SYNC_SERVER_OK", "context":{"environment":"Prod_germanywestcentral_prod-s01-010-eur-germanywestcentral", "migrationStage":"NotStarted", "server":"akswtt00200000i"}}
{"logTime": "0525/144543", "correlationVector":"ftYjd0S/6awZnHDvg/ymTq.2","action":"ProcessGetUpdates", "result":"Done", "context":{"dataType":"Autofill", "deleted":"0", "process_failed_to_decrypt":"0", "process_pending_decryption":"0", "process_success":"3", "total":"3"}}
{"logTime": "0525/144543", "correlationVector":"ftYjd0S/6awZnHDvg/ymTq.3","action":"ProcessGetUpdates", "result":"Done", "context":{"dataType":"Sessions", "deleted":"33", "process_failed_to_decrypt":"0", "process_pending_decryption":"0", "process_success":"37", "total":"37"}}
{"logTime": "0525/144543", "correlationVector":"ftYjd0S/6awZnHDvg/ymTq.4","action":"ProcessGetUpdates", "result":"Done", "context":{"dataType":"Edge Hub App Usage", "deleted":"0", "process_failed_to_decrypt":"0", "process_pending_decryption":"0", "process_success":"6", "total":"6"}}
{"logTime": "0525/144543", "correlationVector":"ftYjd0S/6awZnHDvg/ymTq.5","action":"GetUpdates Response", "result":"Success", "context":Received 46 update(s). cV=ftYjd0S/6awZnHDvg/ymTq.0;server=akswtt00200000i;cloudType=Consumer;environment=Prod_germanywestcentral_prod-s01-010-eur-germanywestcentral;migrationStage=NotStarted}
{"logTime": "0525/144543", "correlationVector":"5+mKfqF9HroHax/Zi3RtUA","action":"Initial GetUpdates", "result":"", "context":Reason: NEWLY_SUPPORTED_DATATYPE. cV=5+mKfqF9HroHax/Zi3RtUA}
{"logTime": "0525/144543", "correlationVector":"5+mKfqF9HroHax/Zi3RtUA.1","action":"SyncServerConnectionManagerRequest", "result":"SYNC_SERVER_OK", "context":{"environment":"Prod_germanywestcentral_prod-s01-010-eur-germanywestcentral", "migrationStage":"NotStarted", "server":"akswtt002000008"}}
{"logTime": "0525/144543", "correlationVector":"5+mKfqF9HroHax/Zi3RtUA.2","action":"ProcessGetUpdates", "result":"Done", "context":{"dataType":"History", "deleted":"0", "process_failed_to_decrypt":"0", "process_pending_decryption":"0", "process_success":"82", "total":"82"}}
{"logTime": "0525/144543", "correlationVector":"5+mKfqF9HroHax/Zi3RtUA.3","action":"GetUpdates Response", "result":"Success", "context":Received 82 update(s). cV=5+mKfqF9HroHax/Zi3RtUA.0;server=akswtt002000008;cloudType=Consumer;environment=Prod_germanywestcentral_prod-s01-010-eur-germanywestcentral;migrationStage=NotStarted}
{"logTime": "0525/144544", "correlationVector":"a4cjRoEk0wCRlzzeXUfyQ7","action":"Normal GetUpdate request", "result":"", "context":cV=a4cjRoEk0wCRlzzeXUfyQ7
Nudged types: Sessions, Device Info
Refresh requested types: Bookmarks, Preferences, Passwords, Autofill Profiles, Autofill, Extensions, Sessions, Extension settings, History Delete Directives, Device Info, User Consents, Send Tab To Self, Web Apps, History, Saved Tab Group, WebAuthn Credentials, Collection, Edge E Drop, Edge Hub App Usage, Edge Wallet, Edge Workspace, Encryption Keys}
{"logTime": "0525/144544", "correlationVector":"a4cjRoEk0wCRlzzeXUfyQ7.1","action":"SyncServerConnectionManagerRequest", "result":"SYNC_SERVER_OK", "context":{"environment":"Prod_germanywestcentral_prod-s01-010-eur-germanywestcentral", "migrationStage":"NotStarted", "server":"akswtt00200000c"}}
{"logTime": "0525/144544", "correlationVector":"a4cjRoEk0wCRlzzeXUfyQ7.2","action":"GetUpdates Response", "result":"Success", "context":Received 0 update(s). cV=a4cjRoEk0wCRlzzeXUfyQ7.0;server=akswtt00200000c;cloudType=Consumer;environment=Prod_germanywestcentral_prod-s01-010-eur-germanywestcentral;migrationStage=NotStarted}
{"logTime": "0525/144544", "correlationVector":"fEqlFVc0pP6ERYgarg5Kvf","action":"DoCompareDataConsistency requsted types: ", "result":"Bookmarks, Preferences, Passwords, Extensions, Extension settings, History Delete Directives, Send Tab To Self, Web Apps, History, Saved Tab Group, WebAuthn Credentials, Collection, Edge E Drop, Edge Wallet, Edge Workspace, Encryption Keys"}
{"logTime": "0525/144544", "correlationVector":"fEqlFVc0pP6ERYgarg5Kvf.0","action":"CompareDataConsistency result: ", "result":"Compare result: Encryption Keys is consistent. local entities count is: 1 local entities hash is: 3uKTdujpvHxcjvWzNq462NlGaWY="}
{"logTime": "0525/144544", "correlationVector":"fEqlFVc0pP6ERYgarg5Kvf.1","action":"CompareDataConsistency result: ", "result":"Compare result: Bookmarks is consistent. local entities count is: 0 local entities hash is: "}
{"logTime": "0525/144544", "correlationVector":"fEqlFVc0pP6ERYgarg5Kvf.2","action":"CompareDataConsistency result: ", "result":"Compare result: Preferences is consistent. local entities count is: 38 local entities hash is: 1IGr5Kped8+01pXlsRohGnuCzqo="}
{"logTime": "0525/144544", "correlationVector":"fEqlFVc0pP6ERYgarg5Kvf.3","action":"CompareDataConsistency result: ", "result":"Compare result: Extensions is consistent. local entities count is: 0 local entities hash is: "}
{"logTime": "0525/144544", "correlationVector":"fEqlFVc0pP6ERYgarg5Kvf.4","action":"CompareDataConsistency result: ", "result":"Compare result: Extension settings is consistent. local entities count is: 0 local entities hash is: "}
{"logTime": "0525/144544", "correlationVector":"fEqlFVc0pP6ERYgarg5Kvf.5","action":"CompareDataConsistency result: ", "result":"Compare result: History Delete Directives is consistent. local entities count is: 0 local entities hash is: "}
{"logTime": "0525/144544", "correlationVector":"fEqlFVc0pP6ERYgarg5Kvf.6","action":"CompareDataConsistency result: ", "result":"Server did not send this Send Tab To Self local entities count is: 0 local entities hash is: "}
{"logTime": "0525/144544", "correlationVector":"fEqlFVc0pP6ERYgarg5Kvf.7","action":"CompareDataConsistency result: ", "result":"Compare result: Web Apps is consistent. local entities count is: 0 local entities hash is: "}
{"logTime": "0525/144544", "correlationVector":"fEqlFVc0pP6ERYgarg5Kvf.8","action":"CompareDataConsistency result: ", "result":"Server did not send this History local entities count is: 0 local entities hash is: "}
{"logTime": "0525/144544", "correlationVector":"fEqlFVc0pP6ERYgarg5Kvf.9","action":"CompareDataConsistency result: ", "result":"Compare result: Saved Tab Group is consistent. local entities count is: 0 local entities hash is: "}
{"logTime": "0525/144544", "correlationVector":"fEqlFVc0pP6ERYgarg5Kvf.10","action":"CompareDataConsistency result: ", "result":"Server did not send this WebAuthn Credentials local entities count is: 0 local entities hash is: "}
{"logTime": "0525/144544", "correlationVector":"fEqlFVc0pP6ERYgarg5Kvf.11","action":"CompareDataConsistency result: ", "result":"Compare result: Collection is consistent. local entities count is: 0 local entities hash is: "}
{"logTime": "0525/144544", "correlationVector":"fEqlFVc0pP6ERYgarg5Kvf.12","action":"CompareDataConsistency result: ", "result":"Compare result: Edge E Drop is consistent. local entities count is: 0 local entities hash is: "}
{"logTime": "0525/144544", "correlationVector":"fEqlFVc0pP6ERYgarg5Kvf.13","action":"CompareDataConsistency result: ", "result":"Compare result: Edge Wallet is consistent. local entities count is: 0 local entities hash is: "}
{"logTime": "0525/144544", "correlationVector":"fEqlFVc0pP6ERYgarg5Kvf.14","action":"CompareDataConsistency result: ", "result":"Server did not send this Edge Workspace local entities count is: 0 local entities hash is: "}
{"logTime": "0525/144544", "correlationVector":"fEqlFVc0pP6ERYgarg5Kvf.15","action":"CompareDataConsistency result: ", "result":"Compare result: Passwords is consistent. local entities count is: 0 local entities hash is: "}
{"logTime": "0525/144544", "correlationVector":"a3EIA0g+dDBngFejU+YHQa","action":"Commit Request", "result":"", "context":Item count: 3
Contributing types: Sessions, Device Info}
{"logTime": "0525/144545", "correlationVector":"a3EIA0g+dDBngFejU+YHQa.1","action":"SyncServerConnectionManagerRequest", "result":"SYNC_SERVER_OK", "context":{"environment":"Prod_germanywestcentral_prod-s01-010-eur-germanywestcentral", "migrationStage":"NotStarted", "server":"akswtt002000001"}}
{"logTime": "0525/144545", "correlationVector":"a3EIA0g+dDBngFejU+YHQa.2","action":"Commit Response", "result":"Success", "context":Result: Success. cV=a3EIA0g+dDBngFejU+YHQa.0;server=akswtt002000001;cloudType=Consumer;environment=Prod_germanywestcentral_prod-s01-010-eur-germanywestcentral;migrationStage=NotStarted}
{"logTime": "0525/144545", "correlationVector":"","action":"DIAGNOSTIC_REQUEST|v1/diagnosticData/Diagnostic.SendCheckResult()|SUCCESS", "result":""}
{"logTime": "0525/144545", "correlationVector":"wjgF3aHNGBht7tcmW9izfJ","action":"Poll GetUpdate request", "result":"", "context":cV=wjgF3aHNGBht7tcmW9izfJ}
{"logTime": "0525/144545", "correlationVector":"wjgF3aHNGBht7tcmW9izfJ.1","action":"SyncServerConnectionManagerRequest", "result":"SYNC_SERVER_OK", "context":{"environment":"Prod_germanywestcentral_prod-s01-010-eur-germanywestcentral", "migrationStage":"NotStarted", "server":"akswtt002000006"}}
{"logTime": "0525/144545", "correlationVector":"wjgF3aHNGBht7tcmW9izfJ.2","action":"ProcessGetUpdates", "result":"Done", "context":{"dataType":"Sessions", "deleted":"0", "process_failed_to_decrypt":"0", "process_pending_decryption":"0", "process_success":"2", "total":"2"}}
{"logTime": "0525/144545", "correlationVector":"wjgF3aHNGBht7tcmW9izfJ.3","action":"ProcessGetUpdates", "result":"Done", "context":{"dataType":"Device Info", "deleted":"0", "process_failed_to_decrypt":"0", "process_pending_decryption":"0", "process_success":"1", "total":"1"}}
{"logTime": "0525/144545", "correlationVector":"wjgF3aHNGBht7tcmW9izfJ.4","action":"GetUpdates Response", "result":"Success", "context":Received 3 update(s). cV=wjgF3aHNGBht7tcmW9izfJ.0;server=akswtt002000006;cloudType=Consumer;environment=Prod_germanywestcentral_prod-s01-010-eur-germanywestcentral;migrationStage=NotStarted}
