2026-05-24 19:39:05.402: [INFO][Sync] Reset engine, reason: 8
2026-05-24 19:39:05.404: [INFO][Sync] Stopped: Bookmarks
2026-05-24 19:39:05.404: [INFO][Sync] Stopped: Preferences
2026-05-24 19:39:05.404: [INFO][Sync] Stopped: Passwords
2026-05-24 19:39:05.404: [INFO][Sync] Stopped: Autofill Profiles
2026-05-24 19:39:05.404: [INFO][Sync] Stopped: Autofill
2026-05-24 19:39:05.404: [INFO][Sync] Stopped: Extensions
2026-05-24 19:39:05.404: [INFO][Sync] Stopped: Sessions
2026-05-24 19:39:05.404: [INFO][Sync] Stopped: Extension settings
2026-05-24 19:39:05.407: [INFO][Sync] Stopped: History Delete Directives
2026-05-24 19:39:05.407: [INFO][Sync] Stopped: Device Info
2026-05-24 19:39:05.407: [INFO][Sync] Stopped: User Consents
2026-05-24 19:39:05.407: [INFO][Sync] Stopped: Send Tab To Self
2026-05-24 19:39:05.407: [INFO][Sync] Stopped: Web Apps
2026-05-24 19:39:05.407: [INFO][Sync] Stopped: History
2026-05-24 19:39:05.407: [INFO][Sync] Stopped: Saved Tab Group
2026-05-24 19:39:05.407: [INFO][Sync] Stopped: WebAuthn Credentials
2026-05-24 19:39:05.407: [INFO][Sync] Stopped: Collection
2026-05-24 19:39:05.407: [INFO][Sync] Stopped: Edge E Drop
2026-05-24 19:39:05.407: [INFO][Sync] Stopped: Edge Hub App Usage
2026-05-24 19:39:05.407: [INFO][Sync] Stopped: Edge Wallet
2026-05-24 19:39:05.407: [INFO][Sync] Stopped: Edge Workspace
2026-05-24 19:39:05.407: [INFO][Sync] SyncState after authenticated was: NotSignedIn
2026-05-24 19:39:05.857: [INFO][Sync] Reset engine, reason: 8
2026-05-24 19:39:05.857: [INFO][Sync] Stopped: Bookmarks
2026-05-24 19:39:05.857: [INFO][Sync] Stopped: Preferences
2026-05-24 19:39:05.857: [INFO][Sync] Stopped: Passwords
2026-05-24 19:39:05.857: [INFO][Sync] Stopped: Autofill Profiles
2026-05-24 19:39:05.857: [INFO][Sync] Stopped: Autofill
2026-05-24 19:39:05.857: [INFO][Sync] Stopped: Extensions
2026-05-24 19:39:05.857: [INFO][Sync] Stopped: Sessions
2026-05-24 19:39:05.857: [INFO][Sync] Stopped: Extension settings
2026-05-24 19:39:05.857: [INFO][Sync] Stopped: History Delete Directives
2026-05-24 19:39:05.857: [INFO][Sync] Stopped: Device Info
2026-05-24 19:39:05.857: [INFO][Sync] Stopped: User Consents
2026-05-24 19:39:05.857: [INFO][Sync] Stopped: Send Tab To Self
2026-05-24 19:39:05.857: [INFO][Sync] Stopped: Web Apps
2026-05-24 19:39:05.857: [INFO][Sync] Stopped: History
2026-05-24 19:39:05.857: [INFO][Sync] Stopped: Saved Tab Group
2026-05-24 19:39:05.857: [INFO][Sync] Stopped: WebAuthn Credentials
2026-05-24 19:39:05.857: [INFO][Sync] Stopped: Collection
2026-05-24 19:39:05.857: [INFO][Sync] Stopped: Edge E Drop
2026-05-24 19:39:05.857: [INFO][Sync] Stopped: Edge Hub App Usage
2026-05-24 19:39:05.857: [INFO][Sync] Stopped: Edge Wallet
2026-05-24 19:39:05.857: [INFO][Sync] Stopped: Edge Workspace
2026-05-24 19:39:08.912: [INFO][Sync] Try to start sync engine
2026-05-24 19:39:08.951: [INFO][SyncManagerImpl::NudgeForInitialDownload] Initial download nudge for Encryption Keys
2026-05-24 19:39:08.951: [INFO][SyncEngineBackend::LoadAndConnectNigoriController] Load and connect Nigori controller
2026-05-24 19:39:08.951: [INFO][SyncEngineBackend::DoInitialize] Control Types added: Encryption Keys
2026-05-24 19:39:08.951: [INFO][SyncManagerImpl::ConfigureSyncer] Types to download: Encryption Keys with reason: 3
2026-05-24 19:39:08.953: [INFO][SyncSchedulerImpl::DoConfigurationSyncCycleJob] Configure job was blocked
2026-05-24 19:39:09.083: [INFO][SyncAuthManager::SetLastAuthError] Current auth error: None
2026-05-24 19:39:09.083: [INFO][SyncAuthManager::EdgeLogTokenErrorState] Token error with: None for account type: MSA
2026-05-24 19:39:09.083: [INFO][Sync] Credentials changed for: EdgeSyncScopeNew
2026-05-24 19:39:09.836: [INFO][SyncAuthManager::SetLastAuthError] Current auth error: None
2026-05-24 19:39:09.836: [INFO][SyncAuthManager::EdgeLogTokenErrorState] Token error with: None for account type: MSA
2026-05-24 19:39:09.836: [INFO][Sync] Credentials changed for: EdgeSyncKeyDataScope
2026-05-24 19:39:09.836: [INFO][SyncEngineBackend::DoUpdateKeyDataCredentials] Update key data credentials
2026-05-24 19:39:09.841: [INFO][SyncEngineBackend::DoUpdateCredentials] Update credentials
2026-05-24 19:39:09.841: [INFO][SyncSchedulerImpl::DoConfigurationSyncCycleJob] Blocked types:  and types to download: Encryption Keys
2026-05-24 19:39:10.752: [INFO][Sync] Started DataTypeManager configuration, reason: 4
2026-05-24 19:39:10.754: [INFO][Sync] Configuring for: Bookmarks, Preferences, Passwords, Autofill Profiles, Autofill, Extensions, Sessions, Extension settings, History Delete Directives, Device Info, User Consents, Send Tab To Self, Web Apps, History, Saved Tab Group, WebAuthn Credentials, Collection, Edge E Drop, Edge Hub App Usage, Edge Wallet, Edge Workspace, Encryption Keys, reason: 3, current state: 0
2026-05-24 19:39:10.755: [WARN][Sync] Crypto error data types: Passwords, Autofill Profiles, Autofill
2026-05-24 19:39:10.758: [INFO][Sync] Configure, desired: Bookmarks, Preferences, Extensions, Sessions, Extension settings, History Delete Directives, Device Info, User Consents, Send Tab To Self, Web Apps, History, Saved Tab Group, WebAuthn Credentials, Collection, Edge E Drop, Edge Hub App Usage, Edge Wallet, Edge Workspace, Encryption Keys; Allow fail: Passwords, Autofill Profiles, Autofill
2026-05-24 19:39:10.759: [INFO][Sync] Loading: Bookmarks
2026-05-24 19:39:10.759: [INFO][Sync] Loading: Preferences
2026-05-24 19:39:10.759: [INFO][Sync] Loading: Extensions
2026-05-24 19:39:10.761: [INFO][Sync] Loading: Sessions
2026-05-24 19:39:10.761: [INFO][Sync] Loading: Extension settings
2026-05-24 19:39:10.761: [INFO][Sync] Loading: History Delete Directives
2026-05-24 19:39:10.761: [INFO][Sync] Loading: Device Info
2026-05-24 19:39:10.762: [INFO][Sync] Loading: User Consents
2026-05-24 19:39:10.762: [INFO][Sync] Loading: Send Tab To Self
2026-05-24 19:39:10.762: [INFO][Sync] Loading: Web Apps
2026-05-24 19:39:10.762: [INFO][Sync] Loading: History
2026-05-24 19:39:10.763: [INFO][Sync] Loading: Saved Tab Group
2026-05-24 19:39:10.763: [INFO][Sync] Loading: WebAuthn Credentials
2026-05-24 19:39:10.763: [INFO][Sync] Loading: Collection
2026-05-24 19:39:10.763: [INFO][Sync] Loading: Edge E Drop
2026-05-24 19:39:10.763: [INFO][Sync] Loading: Edge Hub App Usage
2026-05-24 19:39:10.763: [INFO][Sync] Loading: Edge Wallet
2026-05-24 19:39:10.763: [INFO][Sync] Loading: Edge Workspace
2026-05-24 19:39:10.825: [INFO][Sync] All data types are ready for configure.
2026-05-24 19:39:12.702: [INFO][Sync] Started DataTypeManager configuration, reason: 5
2026-05-24 19:39:12.702: [INFO][Sync] Configuring for: Bookmarks, Preferences, Passwords, Autofill Profiles, Autofill, Extensions, Sessions, Extension settings, History Delete Directives, Device Info, User Consents, Send Tab To Self, Web Apps, History, Saved Tab Group, WebAuthn Credentials, Collection, Edge E Drop, Edge Hub App Usage, Edge Wallet, Edge Workspace, Encryption Keys, reason: 5, current state: 1
2026-05-24 19:39:12.757: [INFO][SyncEngineBackend::DoStartConfiguration] Start configuration
2026-05-24 19:39:12.757: [INFO][SyncManagerImpl::NudgeForInitialDownload] Initial download nudge for Bookmarks
2026-05-24 19:39:12.757: [INFO][SyncManagerImpl::NudgeForInitialDownload] Initial download nudge for Preferences
2026-05-24 19:39:12.757: [INFO][SyncManagerImpl::NudgeForInitialDownload] Initial download nudge for Extensions
2026-05-24 19:39:12.757: [INFO][SyncManagerImpl::NudgeForInitialDownload] Initial download nudge for Sessions
2026-05-24 19:39:12.757: [INFO][SyncManagerImpl::NudgeForInitialDownload] Initial download nudge for Extension settings
2026-05-24 19:39:12.757: [INFO][SyncManagerImpl::NudgeForInitialDownload] Initial download nudge for History Delete Directives
2026-05-24 19:39:12.757: [INFO][SyncManagerImpl::NudgeForInitialDownload] Initial download nudge for Device Info
2026-05-24 19:39:12.757: [INFO][SyncManagerImpl::NudgeForInitialDownload] Initial download nudge for Send Tab To Self
2026-05-24 19:39:12.757: [INFO][SyncManagerImpl::NudgeForInitialDownload] Initial download nudge for Web Apps
2026-05-24 19:39:12.757: [INFO][SyncManagerImpl::NudgeForInitialDownload] Initial download nudge for History
2026-05-24 19:39:12.757: [INFO][SyncManagerImpl::NudgeForInitialDownload] Initial download nudge for Saved Tab Group
2026-05-24 19:39:12.757: [INFO][SyncManagerImpl::NudgeForInitialDownload] Initial download nudge for WebAuthn Credentials
2026-05-24 19:39:12.757: [INFO][SyncManagerImpl::NudgeForInitialDownload] Initial download nudge for Collection
2026-05-24 19:39:12.757: [INFO][SyncManagerImpl::NudgeForInitialDownload] Initial download nudge for Edge E Drop
2026-05-24 19:39:12.757: [INFO][SyncManagerImpl::NudgeForInitialDownload] Initial download nudge for Edge Hub App Usage
2026-05-24 19:39:12.757: [INFO][SyncManagerImpl::NudgeForInitialDownload] Initial download nudge for Edge Wallet
2026-05-24 19:39:12.757: [INFO][SyncManagerImpl::NudgeForInitialDownload] Initial download nudge for Edge Workspace
2026-05-24 19:39:12.757: [INFO][SyncManagerImpl::ConfigureSyncer] Types to download:  with reason: 3
2026-05-24 19:39:12.757: [INFO][SyncEngineBackend::DoFinishConfigureDataTypes] Failed to download types:  and succeeded types: 
2026-05-24 19:39:12.814: [INFO][Sync] ConfigurationDone, failed: , succeeded: , remaining count: 4
2026-05-24 19:39:12.814: [WARN][Sync]     Reconfigure requested while configuration ongoing.
2026-05-24 19:39:12.814: [INFO][Sync] Configuring for: Bookmarks, Preferences, Passwords, Autofill Profiles, Autofill, Extensions, Sessions, Extension settings, History Delete Directives, Device Info, User Consents, Send Tab To Self, Web Apps, History, Saved Tab Group, WebAuthn Credentials, Collection, Edge E Drop, Edge Hub App Usage, Edge Wallet, Edge Workspace, Encryption Keys, reason: 5, current state: 2
2026-05-24 19:39:12.814: [INFO][Sync] Configure, desired: Bookmarks, Preferences, Passwords, Autofill Profiles, Autofill, Extensions, Sessions, Extension settings, History Delete Directives, Device Info, User Consents, Send Tab To Self, Web Apps, History, Saved Tab Group, WebAuthn Credentials, Collection, Edge E Drop, Edge Hub App Usage, Edge Wallet, Edge Workspace, Encryption Keys; Allow fail: 
2026-05-24 19:39:12.814: [INFO][Sync] Loading: Passwords
2026-05-24 19:39:12.814: [INFO][Sync] Loading: Autofill Profiles
2026-05-24 19:39:12.814: [INFO][Sync] Loading: Autofill
2026-05-24 19:39:12.815: [INFO][Sync] All data types are ready for configure.
2026-05-24 19:39:12.815: [INFO][SyncManagerImpl::NudgeForInitialDownload] Initial download nudge for Passwords
2026-05-24 19:39:12.815: [INFO][SyncManagerImpl::NudgeForInitialDownload] Initial download nudge for Autofill Profiles
2026-05-24 19:39:12.815: [INFO][SyncManagerImpl::NudgeForInitialDownload] Initial download nudge for Autofill
2026-05-24 19:39:12.815: [INFO][SyncManagerImpl::ConfigureSyncer] Types to download:  with reason: 5
2026-05-24 19:39:12.815: [INFO][SyncEngineBackend::DoFinishConfigureDataTypes] Failed to download types:  and succeeded types: 
2026-05-24 19:39:12.816: [INFO][Sync] ConfigurationDone, failed: , succeeded: , remaining count: 4
2026-05-24 19:39:12.816: [INFO][Sync] Prepare to configure types: Preferences, Passwords, Device Info, Send Tab To Self, Edge E Drop, Encryption Keys
2026-05-24 19:39:12.816: [INFO][SyncManagerImpl::ConfigureSyncer] Types to download: Preferences, Passwords, Device Info, Send Tab To Self, Edge E Drop, Encryption Keys with reason: 5
2026-05-24 19:39:12.816: [INFO][SyncSchedulerImpl::DoConfigurationSyncCycleJob] Blocked types:  and types to download: Preferences, Passwords, Device Info, Send Tab To Self, Edge E Drop, Encryption Keys
2026-05-24 19:39:13.989: [INFO][SyncEngineBackend::DoFinishConfigureDataTypes] Failed to download types:  and succeeded types: Preferences, Passwords, Device Info, Send Tab To Self, Edge E Drop, Encryption Keys
2026-05-24 19:39:14.100: [INFO][Sync] ConfigurationDone, failed: , succeeded: Preferences, Passwords, Device Info, Send Tab To Self, Edge E Drop, Encryption Keys, remaining count: 3
2026-05-24 19:39:14.100: [INFO][Sync] Prepare to configure types: Bookmarks, Encryption Keys
2026-05-24 19:39:14.100: [INFO][SyncManagerImpl::ConfigureSyncer] Types to download: Bookmarks, Encryption Keys with reason: 5
2026-05-24 19:39:14.100: [INFO][SyncSchedulerImpl::DoConfigurationSyncCycleJob] Blocked types:  and types to download: Bookmarks, Encryption Keys
2026-05-24 19:39:14.417: [INFO][SyncEngineBackend::DoFinishConfigureDataTypes] Failed to download types:  and succeeded types: Bookmarks, Encryption Keys
2026-05-24 19:39:14.420: [INFO][Sync] ConfigurationDone, failed: , succeeded: Bookmarks, Encryption Keys, remaining count: 2
2026-05-24 19:39:14.420: [INFO][Sync] Prepare to configure types: Autofill Profiles, Autofill, Extensions, Sessions, Extension settings, History Delete Directives, Web Apps, Saved Tab Group, WebAuthn Credentials, Collection, Edge Hub App Usage, Edge Wallet, Edge Workspace, Encryption Keys
2026-05-24 19:39:14.420: [INFO][SyncManagerImpl::ConfigureSyncer] Types to download: Autofill Profiles, Autofill, Extensions, Sessions, Extension settings, History Delete Directives, Web Apps, Saved Tab Group, WebAuthn Credentials, Collection, Edge Hub App Usage, Edge Wallet, Edge Workspace, Encryption Keys with reason: 5
2026-05-24 19:39:14.420: [INFO][SyncSchedulerImpl::DoConfigurationSyncCycleJob] Blocked types:  and types to download: Autofill Profiles, Autofill, Extensions, Sessions, Extension settings, History Delete Directives, Web Apps, Saved Tab Group, WebAuthn Credentials, Collection, Edge Hub App Usage, Edge Wallet, Edge Workspace, Encryption Keys
2026-05-24 19:39:14.763: [INFO][SyncEngineBackend::DoFinishConfigureDataTypes] Failed to download types:  and succeeded types: Autofill Profiles, Autofill, Extensions, Sessions, Extension settings, History Delete Directives, Web Apps, Saved Tab Group, WebAuthn Credentials, Collection, Edge Hub App Usage, Edge Wallet, Edge Workspace, Encryption Keys
2026-05-24 19:39:14.812: [INFO][Sync] ConfigurationDone, failed: , succeeded: Autofill Profiles, Autofill, Extensions, Sessions, Extension settings, History Delete Directives, Web Apps, Saved Tab Group, WebAuthn Credentials, Collection, Edge Hub App Usage, Edge Wallet, Edge Workspace, Encryption Keys, remaining count: 1
2026-05-24 19:39:14.815: [INFO][Sync] Prepare to configure types: History, Encryption Keys
2026-05-24 19:39:14.815: [INFO][SyncManagerImpl::ConfigureSyncer] Types to download: History, Encryption Keys with reason: 5
2026-05-24 19:39:14.815: [INFO][SyncSchedulerImpl::DoConfigurationSyncCycleJob] Blocked types:  and types to download: History, Encryption Keys
2026-05-24 19:39:15.301: [INFO][SyncEngineBackend::DoFinishConfigureDataTypes] Failed to download types:  and succeeded types: History, Encryption Keys
2026-05-24 19:39:15.309: [INFO][Sync] ConfigurationDone, failed: , succeeded: History, Encryption Keys, remaining count: 0
2026-05-24 19:39:15.312: [INFO][Sync]     Configuration completed, state: 7
2026-05-24 19:39:15.314: [INFO][Sync] Configured DataTypeManager: Ok
2026-05-24 19:39:15.321: [INFO][SyncEngineBackend::DoStartSyncing] Start syncing
2026-05-24 19:39:56.575: [INFO][Sync] Reset engine, reason: 0
2026-05-24 19:39:56.575: [INFO][Sync] Reset engine with reason: 0
2026-05-24 19:42:22.347: [INFO][Sync] SyncState after authenticated was: FeatureCanStart
2026-05-24 19:42:22.735: [INFO][SyncAuthManager::SetLastAuthError] Current auth error: None
2026-05-24 19:42:22.735: [INFO][SyncAuthManager::EdgeLogTokenErrorState] Token error with: None for account type: MSA
2026-05-24 19:42:22.735: [INFO][Sync] Credentials changed for: EdgeSyncKeyDataScope
2026-05-24 19:42:31.899: [INFO][Sync] Try to start sync engine
2026-05-24 19:42:31.913: [INFO][SyncAuthManager::SetLastAuthError] Current auth error: None
2026-05-24 19:42:31.913: [INFO][SyncAuthManager::EdgeLogTokenErrorState] Token error with: None for account type: MSA
2026-05-24 19:42:31.913: [INFO][Sync] Credentials changed for: EdgeSyncScopeNew
2026-05-24 19:42:31.925: [INFO][SyncManagerImpl::NudgeForInitialDownload] Initial download nudge for Encryption Keys
2026-05-24 19:42:31.925: [INFO][SyncEngineBackend::LoadAndConnectNigoriController] Load and connect Nigori controller
2026-05-24 19:42:31.926: [INFO][SyncEngineBackend::DoInitialize] Control Types added: Encryption Keys
2026-05-24 19:42:31.926: [INFO][SyncManagerImpl::ConfigureSyncer] Types to download: Encryption Keys with reason: 3
2026-05-24 19:42:31.927: [INFO][SyncEngineBackend::DoUpdateKeyDataCredentials] Update key data credentials
2026-05-24 19:42:31.927: [INFO][SyncEngineBackend::DoUpdateCredentials] Update credentials
2026-05-24 19:42:31.927: [INFO][SyncEngineBackend::DoUpdateKeyDataCredentials] Update key data credentials
2026-05-24 19:42:31.928: [INFO][SyncSchedulerImpl::DoConfigurationSyncCycleJob] Blocked types:  and types to download: Encryption Keys
2026-05-24 19:42:33.320: [INFO][Sync] Started DataTypeManager configuration, reason: 4
2026-05-24 19:42:33.321: [INFO][Sync] Configuring for: Bookmarks, Preferences, Passwords, Autofill Profiles, Autofill, Extensions, Sessions, Extension settings, History Delete Directives, Device Info, User Consents, Send Tab To Self, Web Apps, History, Saved Tab Group, WebAuthn Credentials, Collection, Edge E Drop, Edge Hub App Usage, Edge Wallet, Edge Workspace, Encryption Keys, reason: 4, current state: 0
2026-05-24 19:42:33.321: [WARN][Sync] Crypto error data types: Passwords, Autofill Profiles, Autofill
2026-05-24 19:42:33.325: [INFO][Sync] Configure, desired: Bookmarks, Preferences, Extensions, Sessions, Extension settings, History Delete Directives, Device Info, User Consents, Send Tab To Self, Web Apps, History, Saved Tab Group, WebAuthn Credentials, Collection, Edge E Drop, Edge Hub App Usage, Edge Wallet, Edge Workspace, Encryption Keys; Allow fail: Passwords, Autofill Profiles, Autofill
2026-05-24 19:42:33.325: [INFO][Sync] Loading: Bookmarks
2026-05-24 19:42:33.325: [INFO][Sync] Loading: Preferences
2026-05-24 19:42:33.325: [INFO][Sync] Loading: Extensions
2026-05-24 19:42:33.325: [INFO][Sync] Loading: Sessions
2026-05-24 19:42:33.325: [INFO][Sync] Loading: Extension settings
2026-05-24 19:42:33.325: [INFO][Sync] Loading: History Delete Directives
2026-05-24 19:42:33.326: [INFO][Sync] Loading: Device Info
2026-05-24 19:42:33.326: [INFO][Sync] Loading: User Consents
2026-05-24 19:42:33.326: [INFO][Sync] Loading: Send Tab To Self
2026-05-24 19:42:33.326: [INFO][Sync] Loading: Web Apps
2026-05-24 19:42:33.326: [INFO][Sync] Loading: History
2026-05-24 19:42:33.326: [INFO][Sync] Loading: Saved Tab Group
2026-05-24 19:42:33.326: [INFO][Sync] Loading: WebAuthn Credentials
2026-05-24 19:42:33.326: [INFO][Sync] Loading: Collection
2026-05-24 19:42:33.326: [INFO][Sync] Loading: Edge E Drop
2026-05-24 19:42:33.326: [INFO][Sync] Loading: Edge Hub App Usage
2026-05-24 19:42:33.326: [INFO][Sync] Loading: Edge Wallet
2026-05-24 19:42:33.327: [INFO][Sync] Loading: Edge Workspace
2026-05-24 19:42:33.347: [INFO][Sync] All data types are ready for configure.
2026-05-24 19:42:34.289: [INFO][Sync] Started DataTypeManager configuration, reason: 5
2026-05-24 19:42:34.289: [INFO][Sync] Configuring for: Bookmarks, Preferences, Passwords, Autofill Profiles, Autofill, Extensions, Sessions, Extension settings, History Delete Directives, Device Info, User Consents, Send Tab To Self, Web Apps, History, Saved Tab Group, WebAuthn Credentials, Collection, Edge E Drop, Edge Hub App Usage, Edge Wallet, Edge Workspace, Encryption Keys, reason: 5, current state: 1
2026-05-24 19:42:34.290: [INFO][SyncEngineBackend::DoStartConfiguration] Start configuration
2026-05-24 19:42:34.291: [INFO][SyncManagerImpl::ConfigureSyncer] Types to download:  with reason: 4
2026-05-24 19:42:34.292: [INFO][SyncEngineBackend::DoFinishConfigureDataTypes] Failed to download types:  and succeeded types: 
2026-05-24 19:42:34.293: [INFO][Sync] ConfigurationDone, failed: , succeeded: , remaining count: 4
2026-05-24 19:42:34.293: [WARN][Sync]     Reconfigure requested while configuration ongoing.
2026-05-24 19:42:34.293: [INFO][Sync] Configuring for: Bookmarks, Preferences, Passwords, Autofill Profiles, Autofill, Extensions, Sessions, Extension settings, History Delete Directives, Device Info, User Consents, Send Tab To Self, Web Apps, History, Saved Tab Group, WebAuthn Credentials, Collection, Edge E Drop, Edge Hub App Usage, Edge Wallet, Edge Workspace, Encryption Keys, reason: 5, current state: 2
2026-05-24 19:42:34.293: [INFO][Sync] Configure, desired: Bookmarks, Preferences, Passwords, Autofill Profiles, Autofill, Extensions, Sessions, Extension settings, History Delete Directives, Device Info, User Consents, Send Tab To Self, Web Apps, History, Saved Tab Group, WebAuthn Credentials, Collection, Edge E Drop, Edge Hub App Usage, Edge Wallet, Edge Workspace, Encryption Keys; Allow fail: 
2026-05-24 19:42:34.293: [INFO][Sync] Loading: Passwords
2026-05-24 19:42:34.293: [INFO][Sync] Loading: Autofill Profiles
2026-05-24 19:42:34.293: [INFO][Sync] Loading: Autofill
2026-05-24 19:42:34.293: [INFO][Sync] All data types are ready for configure.
2026-05-24 19:42:34.294: [INFO][SyncManagerImpl::ConfigureSyncer] Types to download:  with reason: 5
2026-05-24 19:42:34.294: [INFO][SyncEngineBackend::DoFinishConfigureDataTypes] Failed to download types:  and succeeded types: 
2026-05-24 19:42:34.294: [INFO][Sync] ConfigurationDone, failed: , succeeded: , remaining count: 4
2026-05-24 19:42:34.295: [INFO][SyncManagerImpl::ConfigureSyncer] Types to download:  with reason: 5
2026-05-24 19:42:34.295: [INFO][SyncEngineBackend::DoFinishConfigureDataTypes] Failed to download types:  and succeeded types: 
2026-05-24 19:42:34.295: [INFO][Sync] ConfigurationDone, failed: , succeeded: , remaining count: 3
2026-05-24 19:42:34.295: [INFO][SyncManagerImpl::ConfigureSyncer] Types to download:  with reason: 5
2026-05-24 19:42:34.295: [INFO][SyncEngineBackend::DoFinishConfigureDataTypes] Failed to download types:  and succeeded types: 
2026-05-24 19:42:34.298: [INFO][Sync] ConfigurationDone, failed: , succeeded: , remaining count: 2
2026-05-24 19:42:34.298: [INFO][SyncManagerImpl::ConfigureSyncer] Types to download:  with reason: 5
2026-05-24 19:42:34.298: [INFO][SyncEngineBackend::DoFinishConfigureDataTypes] Failed to download types:  and succeeded types: 
2026-05-24 19:42:34.298: [INFO][Sync] ConfigurationDone, failed: , succeeded: , remaining count: 1
2026-05-24 19:42:34.301: [INFO][SyncManagerImpl::ConfigureSyncer] Types to download:  with reason: 5
2026-05-24 19:42:34.301: [INFO][SyncEngineBackend::DoFinishConfigureDataTypes] Failed to download types:  and succeeded types: 
2026-05-24 19:42:34.301: [INFO][Sync] ConfigurationDone, failed: , succeeded: , remaining count: 0
2026-05-24 19:42:34.303: [INFO][Sync]     Configuration completed, state: 7
2026-05-24 19:42:34.306: [INFO][Sync] Configured DataTypeManager: Ok
2026-05-24 19:42:34.327: [INFO][SyncEngineBackend::DoStartSyncing] Start syncing
2026-05-24 19:43:54.627: [INFO][Sync] Reset engine, reason: 0
2026-05-24 19:43:54.627: [INFO][Sync] Reset engine with reason: 0
2026-05-24 19:46:04.988: [INFO][Sync] Reset engine, reason: 8
2026-05-24 19:46:04.988: [INFO][Sync] Stopped: Bookmarks
2026-05-24 19:46:04.988: [INFO][Sync] Stopped: Preferences
2026-05-24 19:46:04.988: [INFO][Sync] Stopped: Passwords
2026-05-24 19:46:04.988: [INFO][Sync] Stopped: Autofill Profiles
2026-05-24 19:46:04.988: [INFO][Sync] Stopped: Autofill
2026-05-24 19:46:04.988: [INFO][Sync] Stopped: Extensions
2026-05-24 19:46:04.988: [INFO][Sync] Stopped: Sessions
2026-05-24 19:46:04.988: [INFO][Sync] Stopped: Extension settings
2026-05-24 19:46:04.988: [INFO][Sync] Stopped: History Delete Directives
2026-05-24 19:46:04.988: [INFO][Sync] Stopped: Device Info
2026-05-24 19:46:04.988: [INFO][Sync] Stopped: User Consents
2026-05-24 19:46:04.988: [INFO][Sync] Stopped: Send Tab To Self
2026-05-24 19:46:04.988: [INFO][Sync] Stopped: Web Apps
2026-05-24 19:46:04.988: [INFO][Sync] Stopped: History
2026-05-24 19:46:04.988: [INFO][Sync] Stopped: Saved Tab Group
2026-05-24 19:46:04.988: [INFO][Sync] Stopped: WebAuthn Credentials
2026-05-24 19:46:04.988: [INFO][Sync] Stopped: Collection
2026-05-24 19:46:04.988: [INFO][Sync] Stopped: Edge E Drop
2026-05-24 19:46:04.988: [INFO][Sync] Stopped: Edge Hub App Usage
2026-05-24 19:46:04.988: [INFO][Sync] Stopped: Edge Wallet
2026-05-24 19:46:04.988: [INFO][Sync] Stopped: Edge Workspace
2026-05-24 19:46:04.988: [INFO][Sync] SyncState after authenticated was: NotSignedIn
2026-05-24 19:46:05.186: [INFO][Sync] Reset engine, reason: 8
2026-05-24 19:46:05.186: [INFO][Sync] Stopped: Bookmarks
2026-05-24 19:46:05.186: [INFO][Sync] Stopped: Preferences
2026-05-24 19:46:05.186: [INFO][Sync] Stopped: Passwords
2026-05-24 19:46:05.186: [INFO][Sync] Stopped: Autofill Profiles
2026-05-24 19:46:05.186: [INFO][Sync] Stopped: Autofill
2026-05-24 19:46:05.186: [INFO][Sync] Stopped: Extensions
2026-05-24 19:46:05.186: [INFO][Sync] Stopped: Sessions
2026-05-24 19:46:05.186: [INFO][Sync] Stopped: Extension settings
2026-05-24 19:46:05.186: [INFO][Sync] Stopped: History Delete Directives
2026-05-24 19:46:05.186: [INFO][Sync] Stopped: Device Info
2026-05-24 19:46:05.186: [INFO][Sync] Stopped: User Consents
2026-05-24 19:46:05.186: [INFO][Sync] Stopped: Send Tab To Self
2026-05-24 19:46:05.186: [INFO][Sync] Stopped: Web Apps
2026-05-24 19:46:05.186: [INFO][Sync] Stopped: History
2026-05-24 19:46:05.186: [INFO][Sync] Stopped: Saved Tab Group
2026-05-24 19:46:05.186: [INFO][Sync] Stopped: WebAuthn Credentials
2026-05-24 19:46:05.186: [INFO][Sync] Stopped: Collection
2026-05-24 19:46:05.186: [INFO][Sync] Stopped: Edge E Drop
2026-05-24 19:46:05.186: [INFO][Sync] Stopped: Edge Hub App Usage
2026-05-24 19:46:05.186: [INFO][Sync] Stopped: Edge Wallet
2026-05-24 19:46:05.186: [INFO][Sync] Stopped: Edge Workspace
2026-05-24 19:46:08.183: [INFO][Sync] Try to start sync engine
2026-05-24 19:46:08.187: [INFO][SyncManagerImpl::NudgeForInitialDownload] Initial download nudge for Encryption Keys
2026-05-24 19:46:08.187: [INFO][SyncEngineBackend::LoadAndConnectNigoriController] Load and connect Nigori controller
2026-05-24 19:46:08.187: [INFO][SyncEngineBackend::DoInitialize] Control Types added: Encryption Keys
2026-05-24 19:46:08.187: [INFO][SyncManagerImpl::ConfigureSyncer] Types to download: Encryption Keys with reason: 3
2026-05-24 19:46:08.187: [INFO][SyncSchedulerImpl::DoConfigurationSyncCycleJob] Configure job was blocked
2026-05-24 19:46:08.207: [INFO][SyncAuthManager::SetLastAuthError] Current auth error: None
2026-05-24 19:46:08.207: [INFO][SyncAuthManager::EdgeLogTokenErrorState] Token error with: None for account type: MSA
2026-05-24 19:46:08.207: [INFO][Sync] Credentials changed for: EdgeSyncScopeNew
2026-05-24 19:46:08.809: [INFO][SyncAuthManager::SetLastAuthError] Current auth error: None
2026-05-24 19:46:08.809: [INFO][SyncAuthManager::EdgeLogTokenErrorState] Token error with: None for account type: MSA
2026-05-24 19:46:08.809: [INFO][Sync] Credentials changed for: EdgeSyncKeyDataScope
2026-05-24 19:46:08.809: [INFO][SyncEngineBackend::DoUpdateKeyDataCredentials] Update key data credentials
2026-05-24 19:46:08.809: [INFO][SyncEngineBackend::DoUpdateCredentials] Update credentials
2026-05-24 19:46:08.809: [INFO][SyncSchedulerImpl::DoConfigurationSyncCycleJob] Blocked types:  and types to download: Encryption Keys
2026-05-24 19:46:09.416: [INFO][Sync] Started DataTypeManager configuration, reason: 4
2026-05-24 19:46:09.416: [INFO][Sync] Configuring for: Bookmarks, Preferences, Passwords, Autofill Profiles, Autofill, Extensions, Sessions, Extension settings, History Delete Directives, Device Info, User Consents, Send Tab To Self, Web Apps, History, Saved Tab Group, WebAuthn Credentials, Collection, Edge E Drop, Edge Hub App Usage, Edge Wallet, Edge Workspace, Encryption Keys, reason: 4, current state: 0
2026-05-24 19:46:09.416: [WARN][Sync] Crypto error data types: Passwords, Autofill Profiles, Autofill
2026-05-24 19:46:09.418: [INFO][Sync] Configure, desired: Bookmarks, Preferences, Extensions, Sessions, Extension settings, History Delete Directives, Device Info, User Consents, Send Tab To Self, Web Apps, History, Saved Tab Group, WebAuthn Credentials, Collection, Edge E Drop, Edge Hub App Usage, Edge Wallet, Edge Workspace, Encryption Keys; Allow fail: Passwords, Autofill Profiles, Autofill
2026-05-24 19:46:09.418: [INFO][Sync] Loading: Bookmarks
2026-05-24 19:46:09.418: [INFO][Sync] Loading: Preferences
2026-05-24 19:46:09.418: [INFO][Sync] Loading: Extensions
2026-05-24 19:46:09.418: [INFO][Sync] Loading: Sessions
2026-05-24 19:46:09.418: [INFO][Sync] Loading: Extension settings
2026-05-24 19:46:09.418: [INFO][Sync] Loading: History Delete Directives
2026-05-24 19:46:09.418: [INFO][Sync] Loading: Device Info
2026-05-24 19:46:09.418: [INFO][Sync] Loading: User Consents
2026-05-24 19:46:09.418: [INFO][Sync] Loading: Send Tab To Self
2026-05-24 19:46:09.418: [INFO][Sync] Loading: Web Apps
2026-05-24 19:46:09.418: [INFO][Sync] Loading: History
2026-05-24 19:46:09.418: [INFO][Sync] Loading: Saved Tab Group
2026-05-24 19:46:09.418: [INFO][Sync] Loading: WebAuthn Credentials
2026-05-24 19:46:09.418: [INFO][Sync] Loading: Collection
2026-05-24 19:46:09.418: [INFO][Sync] Loading: Edge E Drop
2026-05-24 19:46:09.418: [INFO][Sync] Loading: Edge Hub App Usage
2026-05-24 19:46:09.418: [INFO][Sync] Loading: Edge Wallet
2026-05-24 19:46:09.418: [INFO][Sync] Loading: Edge Workspace
2026-05-24 19:46:09.425: [INFO][Sync] All data types are ready for configure.
2026-05-24 19:46:10.602: [INFO][SyncEngineBackend::DoStartConfiguration] Start configuration
2026-05-24 19:46:10.602: [INFO][SyncManagerImpl::NudgeForInitialDownload] Initial download nudge for Bookmarks
2026-05-24 19:46:10.602: [INFO][SyncManagerImpl::NudgeForInitialDownload] Initial download nudge for Preferences
2026-05-24 19:46:10.602: [INFO][SyncManagerImpl::NudgeForInitialDownload] Initial download nudge for Extensions
2026-05-24 19:46:10.602: [INFO][SyncManagerImpl::NudgeForInitialDownload] Initial download nudge for Sessions
2026-05-24 19:46:10.602: [INFO][SyncManagerImpl::NudgeForInitialDownload] Initial download nudge for Extension settings
2026-05-24 19:46:10.602: [INFO][SyncManagerImpl::NudgeForInitialDownload] Initial download nudge for History Delete Directives
2026-05-24 19:46:10.602: [INFO][SyncManagerImpl::NudgeForInitialDownload] Initial download nudge for Device Info
2026-05-24 19:46:10.602: [INFO][SyncManagerImpl::NudgeForInitialDownload] Initial download nudge for Send Tab To Self
2026-05-24 19:46:10.602: [INFO][SyncManagerImpl::NudgeForInitialDownload] Initial download nudge for Web Apps
2026-05-24 19:46:10.602: [INFO][SyncManagerImpl::NudgeForInitialDownload] Initial download nudge for History
2026-05-24 19:46:10.602: [INFO][SyncManagerImpl::NudgeForInitialDownload] Initial download nudge for Saved Tab Group
2026-05-24 19:46:10.602: [INFO][SyncManagerImpl::NudgeForInitialDownload] Initial download nudge for WebAuthn Credentials
2026-05-24 19:46:10.602: [INFO][SyncManagerImpl::NudgeForInitialDownload] Initial download nudge for Collection
2026-05-24 19:46:10.602: [INFO][SyncManagerImpl::NudgeForInitialDownload] Initial download nudge for Edge E Drop
2026-05-24 19:46:10.602: [INFO][SyncManagerImpl::NudgeForInitialDownload] Initial download nudge for Edge Hub App Usage
2026-05-24 19:46:10.602: [INFO][SyncManagerImpl::NudgeForInitialDownload] Initial download nudge for Edge Wallet
2026-05-24 19:46:10.602: [INFO][SyncManagerImpl::NudgeForInitialDownload] Initial download nudge for Edge Workspace
2026-05-24 19:46:10.602: [INFO][SyncManagerImpl::ConfigureSyncer] Types to download:  with reason: 4
2026-05-24 19:46:10.602: [INFO][SyncEngineBackend::DoFinishConfigureDataTypes] Failed to download types:  and succeeded types: 
2026-05-24 19:46:10.607: [INFO][Sync] Started DataTypeManager configuration, reason: 5
2026-05-24 19:46:10.608: [INFO][Sync] Configuring for: Bookmarks, Preferences, Passwords, Autofill Profiles, Autofill, Extensions, Sessions, Extension settings, History Delete Directives, Device Info, User Consents, Send Tab To Self, Web Apps, History, Saved Tab Group, WebAuthn Credentials, Collection, Edge E Drop, Edge Hub App Usage, Edge Wallet, Edge Workspace, Encryption Keys, reason: 5, current state: 1
2026-05-24 19:46:10.609: [INFO][Sync] ConfigurationDone, failed: , succeeded: , remaining count: 4
2026-05-24 19:46:10.609: [WARN][Sync]     Reconfigure requested while configuration ongoing.
2026-05-24 19:46:10.609: [INFO][Sync] Configuring for: Bookmarks, Preferences, Passwords, Autofill Profiles, Autofill, Extensions, Sessions, Extension settings, History Delete Directives, Device Info, User Consents, Send Tab To Self, Web Apps, History, Saved Tab Group, WebAuthn Credentials, Collection, Edge E Drop, Edge Hub App Usage, Edge Wallet, Edge Workspace, Encryption Keys, reason: 5, current state: 2
2026-05-24 19:46:10.609: [INFO][Sync] Configure, desired: Bookmarks, Preferences, Passwords, Autofill Profiles, Autofill, Extensions, Sessions, Extension settings, History Delete Directives, Device Info, User Consents, Send Tab To Self, Web Apps, History, Saved Tab Group, WebAuthn Credentials, Collection, Edge E Drop, Edge Hub App Usage, Edge Wallet, Edge Workspace, Encryption Keys; Allow fail: 
2026-05-24 19:46:10.609: [INFO][Sync] Loading: Passwords
2026-05-24 19:46:10.609: [INFO][Sync] Loading: Autofill Profiles
2026-05-24 19:46:10.609: [INFO][Sync] Loading: Autofill
2026-05-24 19:46:10.610: [INFO][Sync] All data types are ready for configure.
2026-05-24 19:46:10.610: [INFO][SyncManagerImpl::NudgeForInitialDownload] Initial download nudge for Passwords
2026-05-24 19:46:10.610: [INFO][SyncManagerImpl::NudgeForInitialDownload] Initial download nudge for Autofill Profiles
2026-05-24 19:46:10.610: [INFO][SyncManagerImpl::NudgeForInitialDownload] Initial download nudge for Autofill
2026-05-24 19:46:10.610: [INFO][SyncManagerImpl::ConfigureSyncer] Types to download:  with reason: 5
2026-05-24 19:46:10.610: [INFO][SyncEngineBackend::DoFinishConfigureDataTypes] Failed to download types:  and succeeded types: 
2026-05-24 19:46:10.610: [INFO][Sync] ConfigurationDone, failed: , succeeded: , remaining count: 4
2026-05-24 19:46:10.610: [INFO][Sync] Prepare to configure types: Preferences, Passwords, Device Info, Send Tab To Self, Edge E Drop, Encryption Keys
2026-05-24 19:46:10.610: [INFO][SyncManagerImpl::ConfigureSyncer] Types to download: Preferences, Passwords, Device Info, Send Tab To Self, Edge E Drop, Encryption Keys with reason: 5
2026-05-24 19:46:10.610: [INFO][SyncSchedulerImpl::DoConfigurationSyncCycleJob] Blocked types:  and types to download: Preferences, Passwords, Device Info, Send Tab To Self, Edge E Drop, Encryption Keys
2026-05-24 19:46:11.435: [INFO][SyncEngineBackend::DoFinishConfigureDataTypes] Failed to download types:  and succeeded types: Preferences, Passwords, Device Info, Send Tab To Self, Edge E Drop, Encryption Keys
2026-05-24 19:46:11.436: [INFO][Sync] ConfigurationDone, failed: , succeeded: Preferences, Passwords, Device Info, Send Tab To Self, Edge E Drop, Encryption Keys, remaining count: 3
2026-05-24 19:46:11.437: [INFO][Sync] Prepare to configure types: Bookmarks, Encryption Keys
2026-05-24 19:46:11.437: [INFO][SyncManagerImpl::ConfigureSyncer] Types to download: Bookmarks, Encryption Keys with reason: 5
2026-05-24 19:46:11.437: [INFO][SyncSchedulerImpl::DoConfigurationSyncCycleJob] Blocked types:  and types to download: Bookmarks, Encryption Keys
2026-05-24 19:46:11.675: [INFO][SyncEngineBackend::DoFinishConfigureDataTypes] Failed to download types:  and succeeded types: Bookmarks, Encryption Keys
2026-05-24 19:46:11.676: [INFO][Sync] ConfigurationDone, failed: , succeeded: Bookmarks, Encryption Keys, remaining count: 2
2026-05-24 19:46:11.676: [INFO][Sync] Prepare to configure types: Autofill Profiles, Autofill, Extensions, Sessions, Extension settings, History Delete Directives, Web Apps, Saved Tab Group, WebAuthn Credentials, Collection, Edge Hub App Usage, Edge Wallet, Edge Workspace, Encryption Keys
2026-05-24 19:46:11.676: [INFO][SyncManagerImpl::ConfigureSyncer] Types to download: Autofill Profiles, Autofill, Extensions, Sessions, Extension settings, History Delete Directives, Web Apps, Saved Tab Group, WebAuthn Credentials, Collection, Edge Hub App Usage, Edge Wallet, Edge Workspace, Encryption Keys with reason: 5
2026-05-24 19:46:11.677: [INFO][SyncSchedulerImpl::DoConfigurationSyncCycleJob] Blocked types:  and types to download: Autofill Profiles, Autofill, Extensions, Sessions, Extension settings, History Delete Directives, Web Apps, Saved Tab Group, WebAuthn Credentials, Collection, Edge Hub App Usage, Edge Wallet, Edge Workspace, Encryption Keys
2026-05-24 19:46:11.936: [INFO][SyncEngineBackend::DoFinishConfigureDataTypes] Failed to download types:  and succeeded types: Autofill Profiles, Autofill, Extensions, Sessions, Extension settings, History Delete Directives, Web Apps, Saved Tab Group, WebAuthn Credentials, Collection, Edge Hub App Usage, Edge Wallet, Edge Workspace, Encryption Keys
2026-05-24 19:46:11.939: [INFO][Sync] ConfigurationDone, failed: , succeeded: Autofill Profiles, Autofill, Extensions, Sessions, Extension settings, History Delete Directives, Web Apps, Saved Tab Group, WebAuthn Credentials, Collection, Edge Hub App Usage, Edge Wallet, Edge Workspace, Encryption Keys, remaining count: 1
2026-05-24 19:46:11.941: [INFO][Sync] Prepare to configure types: History, Encryption Keys
2026-05-24 19:46:11.941: [INFO][SyncManagerImpl::ConfigureSyncer] Types to download: History, Encryption Keys with reason: 5
2026-05-24 19:46:11.941: [INFO][SyncSchedulerImpl::DoConfigurationSyncCycleJob] Blocked types:  and types to download: History, Encryption Keys
2026-05-24 19:46:12.510: [INFO][SyncEngineBackend::DoFinishConfigureDataTypes] Failed to download types:  and succeeded types: History, Encryption Keys
2026-05-24 19:46:12.513: [INFO][Sync] ConfigurationDone, failed: , succeeded: History, Encryption Keys, remaining count: 0
2026-05-24 19:46:12.515: [INFO][Sync]     Configuration completed, state: 7
2026-05-24 19:46:12.515: [INFO][Sync] Configured DataTypeManager: Ok
2026-05-24 19:46:12.520: [INFO][SyncEngineBackend::DoStartSyncing] Start syncing
2026-05-24 19:48:06.907: [INFO][Sync] Reset engine, reason: 0
2026-05-24 19:48:06.907: [INFO][Sync] Reset engine with reason: 0
2026-05-24 20:01:45.981: [INFO][Sync] SyncState after authenticated was: FeatureCanStart
2026-05-24 20:01:48.751: [INFO][SyncAuthManager::SetLastAuthError] Current auth error: None
2026-05-24 20:01:48.751: [INFO][SyncAuthManager::EdgeLogTokenErrorState] Token error with: None for account type: MSA
2026-05-24 20:01:48.751: [INFO][Sync] Credentials changed for: EdgeSyncKeyDataScope
2026-05-24 20:01:56.171: [INFO][Sync] Try to start sync engine
2026-05-24 20:01:56.181: [INFO][SyncAuthManager::SetLastAuthError] Current auth error: None
2026-05-24 20:01:56.181: [INFO][SyncAuthManager::EdgeLogTokenErrorState] Token error with: None for account type: MSA
2026-05-24 20:01:56.181: [INFO][Sync] Credentials changed for: EdgeSyncScopeNew
2026-05-24 20:01:56.211: [INFO][SyncManagerImpl::NudgeForInitialDownload] Initial download nudge for Encryption Keys
2026-05-24 20:01:56.211: [INFO][SyncEngineBackend::LoadAndConnectNigoriController] Load and connect Nigori controller
2026-05-24 20:01:56.212: [INFO][SyncEngineBackend::DoInitialize] Control Types added: Encryption Keys
2026-05-24 20:01:56.212: [INFO][SyncManagerImpl::ConfigureSyncer] Types to download: Encryption Keys with reason: 3
2026-05-24 20:01:56.213: [INFO][SyncEngineBackend::DoUpdateKeyDataCredentials] Update key data credentials
2026-05-24 20:01:56.213: [INFO][SyncEngineBackend::DoUpdateCredentials] Update credentials
2026-05-24 20:01:56.213: [INFO][SyncEngineBackend::DoUpdateKeyDataCredentials] Update key data credentials
2026-05-24 20:01:56.215: [INFO][SyncSchedulerImpl::DoConfigurationSyncCycleJob] Blocked types:  and types to download: Encryption Keys
2026-05-24 20:01:56.777: [INFO][Sync] Started DataTypeManager configuration, reason: 4
2026-05-24 20:01:56.777: [INFO][Sync] Configuring for: Bookmarks, Preferences, Passwords, Autofill Profiles, Autofill, Extensions, Sessions, Extension settings, History Delete Directives, Device Info, User Consents, Send Tab To Self, Web Apps, History, Saved Tab Group, WebAuthn Credentials, Collection, Edge E Drop, Edge Hub App Usage, Edge Wallet, Edge Workspace, Encryption Keys, reason: 4, current state: 0
2026-05-24 20:01:56.777: [WARN][Sync] Crypto error data types: Passwords, Autofill Profiles, Autofill
2026-05-24 20:01:56.781: [INFO][Sync] Configure, desired: Bookmarks, Preferences, Extensions, Sessions, Extension settings, History Delete Directives, Device Info, User Consents, Send Tab To Self, Web Apps, History, Saved Tab Group, WebAuthn Credentials, Collection, Edge E Drop, Edge Hub App Usage, Edge Wallet, Edge Workspace, Encryption Keys; Allow fail: Passwords, Autofill Profiles, Autofill
2026-05-24 20:01:56.781: [INFO][Sync] Loading: Bookmarks
2026-05-24 20:01:56.781: [INFO][Sync] Loading: Preferences
2026-05-24 20:01:56.781: [INFO][Sync] Loading: Extensions
2026-05-24 20:01:56.782: [INFO][Sync] Loading: Sessions
2026-05-24 20:01:56.782: [INFO][Sync] Loading: Extension settings
2026-05-24 20:01:56.782: [INFO][Sync] Loading: History Delete Directives
2026-05-24 20:01:56.784: [INFO][Sync] Loading: Device Info
2026-05-24 20:01:56.784: [INFO][Sync] Loading: User Consents
2026-05-24 20:01:56.784: [INFO][Sync] Loading: Send Tab To Self
2026-05-24 20:01:56.784: [INFO][Sync] Loading: Web Apps
2026-05-24 20:01:56.784: [INFO][Sync] Loading: History
2026-05-24 20:01:56.784: [INFO][Sync] Loading: Saved Tab Group
2026-05-24 20:01:56.784: [INFO][Sync] Loading: WebAuthn Credentials
2026-05-24 20:01:56.784: [INFO][Sync] Loading: Collection
2026-05-24 20:01:56.784: [INFO][Sync] Loading: Edge E Drop
2026-05-24 20:01:56.784: [INFO][Sync] Loading: Edge Hub App Usage
2026-05-24 20:01:56.784: [INFO][Sync] Loading: Edge Wallet
2026-05-24 20:01:56.784: [INFO][Sync] Loading: Edge Workspace
2026-05-24 20:01:56.806: [INFO][Sync] All data types are ready for configure.
2026-05-24 20:01:57.774: [INFO][Sync] Started DataTypeManager configuration, reason: 5
2026-05-24 20:01:57.774: [INFO][Sync] Configuring for: Bookmarks, Preferences, Passwords, Autofill Profiles, Autofill, Extensions, Sessions, Extension settings, History Delete Directives, Device Info, User Consents, Send Tab To Self, Web Apps, History, Saved Tab Group, WebAuthn Credentials, Collection, Edge E Drop, Edge Hub App Usage, Edge Wallet, Edge Workspace, Encryption Keys, reason: 5, current state: 1
2026-05-24 20:01:57.777: [INFO][SyncEngineBackend::DoStartConfiguration] Start configuration
2026-05-24 20:01:57.778: [INFO][SyncManagerImpl::ConfigureSyncer] Types to download:  with reason: 4
2026-05-24 20:01:57.778: [INFO][SyncEngineBackend::DoFinishConfigureDataTypes] Failed to download types:  and succeeded types: 
2026-05-24 20:01:57.780: [INFO][Sync] ConfigurationDone, failed: , succeeded: , remaining count: 4
2026-05-24 20:01:57.780: [WARN][Sync]     Reconfigure requested while configuration ongoing.
2026-05-24 20:01:57.781: [INFO][Sync] Configuring for: Bookmarks, Preferences, Passwords, Autofill Profiles, Autofill, Extensions, Sessions, Extension settings, History Delete Directives, Device Info, User Consents, Send Tab To Self, Web Apps, History, Saved Tab Group, WebAuthn Credentials, Collection, Edge E Drop, Edge Hub App Usage, Edge Wallet, Edge Workspace, Encryption Keys, reason: 5, current state: 2
2026-05-24 20:01:57.781: [INFO][Sync] Configure, desired: Bookmarks, Preferences, Passwords, Autofill Profiles, Autofill, Extensions, Sessions, Extension settings, History Delete Directives, Device Info, User Consents, Send Tab To Self, Web Apps, History, Saved Tab Group, WebAuthn Credentials, Collection, Edge E Drop, Edge Hub App Usage, Edge Wallet, Edge Workspace, Encryption Keys; Allow fail: 
2026-05-24 20:01:57.781: [INFO][Sync] Loading: Passwords
2026-05-24 20:01:57.781: [INFO][Sync] Loading: Autofill Profiles
2026-05-24 20:01:57.781: [INFO][Sync] Loading: Autofill
2026-05-24 20:01:57.781: [INFO][Sync] All data types are ready for configure.
2026-05-24 20:01:57.782: [INFO][SyncManagerImpl::ConfigureSyncer] Types to download:  with reason: 5
2026-05-24 20:01:57.782: [INFO][SyncEngineBackend::DoFinishConfigureDataTypes] Failed to download types:  and succeeded types: 
2026-05-24 20:01:57.782: [INFO][Sync] ConfigurationDone, failed: , succeeded: , remaining count: 4
2026-05-24 20:01:57.783: [INFO][SyncManagerImpl::ConfigureSyncer] Types to download:  with reason: 5
2026-05-24 20:01:57.783: [INFO][SyncEngineBackend::DoFinishConfigureDataTypes] Failed to download types:  and succeeded types: 
2026-05-24 20:01:57.783: [INFO][Sync] ConfigurationDone, failed: , succeeded: , remaining count: 3
2026-05-24 20:01:57.783: [INFO][SyncManagerImpl::ConfigureSyncer] Types to download:  with reason: 5
2026-05-24 20:01:57.783: [INFO][SyncEngineBackend::DoFinishConfigureDataTypes] Failed to download types:  and succeeded types: 
2026-05-24 20:01:57.783: [INFO][Sync] ConfigurationDone, failed: , succeeded: , remaining count: 2
2026-05-24 20:01:57.783: [INFO][SyncManagerImpl::ConfigureSyncer] Types to download:  with reason: 5
2026-05-24 20:01:57.783: [INFO][SyncEngineBackend::DoFinishConfigureDataTypes] Failed to download types:  and succeeded types: 
2026-05-24 20:01:57.783: [INFO][Sync] ConfigurationDone, failed: , succeeded: , remaining count: 1
2026-05-24 20:01:57.785: [INFO][SyncManagerImpl::ConfigureSyncer] Types to download:  with reason: 5
2026-05-24 20:01:57.785: [INFO][SyncEngineBackend::DoFinishConfigureDataTypes] Failed to download types:  and succeeded types: 
2026-05-24 20:01:57.788: [INFO][Sync] ConfigurationDone, failed: , succeeded: , remaining count: 0
2026-05-24 20:01:57.789: [INFO][Sync]     Configuration completed, state: 7
2026-05-24 20:01:57.790: [INFO][Sync] Configured DataTypeManager: Ok
2026-05-24 20:01:57.800: [INFO][SyncEngineBackend::DoStartSyncing] Start syncing
2026-05-24 20:04:07.750: [INFO][Sync] Reset engine, reason: 0
2026-05-24 20:04:07.750: [INFO][Sync] Reset engine with reason: 0
2026-05-24 20:05:50.017: [INFO][Sync] Reset engine, reason: 8
2026-05-24 20:05:50.017: [INFO][Sync] Stopped: Bookmarks
2026-05-24 20:05:50.017: [INFO][Sync] Stopped: Preferences
2026-05-24 20:05:50.017: [INFO][Sync] Stopped: Passwords
2026-05-24 20:05:50.017: [INFO][Sync] Stopped: Autofill Profiles
2026-05-24 20:05:50.017: [INFO][Sync] Stopped: Autofill
2026-05-24 20:05:50.017: [INFO][Sync] Stopped: Extensions
2026-05-24 20:05:50.017: [INFO][Sync] Stopped: Sessions
2026-05-24 20:05:50.017: [INFO][Sync] Stopped: Extension settings
2026-05-24 20:05:50.017: [INFO][Sync] Stopped: History Delete Directives
2026-05-24 20:05:50.017: [INFO][Sync] Stopped: Device Info
2026-05-24 20:05:50.017: [INFO][Sync] Stopped: User Consents
2026-05-24 20:05:50.017: [INFO][Sync] Stopped: Send Tab To Self
2026-05-24 20:05:50.017: [INFO][Sync] Stopped: Web Apps
2026-05-24 20:05:50.017: [INFO][Sync] Stopped: History
2026-05-24 20:05:50.017: [INFO][Sync] Stopped: Saved Tab Group
2026-05-24 20:05:50.017: [INFO][Sync] Stopped: WebAuthn Credentials
2026-05-24 20:05:50.017: [INFO][Sync] Stopped: Collection
2026-05-24 20:05:50.017: [INFO][Sync] Stopped: Edge E Drop
2026-05-24 20:05:50.017: [INFO][Sync] Stopped: Edge Hub App Usage
2026-05-24 20:05:50.017: [INFO][Sync] Stopped: Edge Wallet
2026-05-24 20:05:50.017: [INFO][Sync] Stopped: Edge Workspace
2026-05-24 20:05:50.017: [INFO][Sync] SyncState after authenticated was: NotSignedIn
2026-05-24 20:05:50.235: [INFO][Sync] Reset engine, reason: 8
2026-05-24 20:05:50.235: [INFO][Sync] Stopped: Bookmarks
2026-05-24 20:05:50.235: [INFO][Sync] Stopped: Preferences
2026-05-24 20:05:50.235: [INFO][Sync] Stopped: Passwords
2026-05-24 20:05:50.235: [INFO][Sync] Stopped: Autofill Profiles
2026-05-24 20:05:50.235: [INFO][Sync] Stopped: Autofill
2026-05-24 20:05:50.235: [INFO][Sync] Stopped: Extensions
2026-05-24 20:05:50.235: [INFO][Sync] Stopped: Sessions
2026-05-24 20:05:50.235: [INFO][Sync] Stopped: Extension settings
2026-05-24 20:05:50.235: [INFO][Sync] Stopped: History Delete Directives
2026-05-24 20:05:50.235: [INFO][Sync] Stopped: Device Info
2026-05-24 20:05:50.235: [INFO][Sync] Stopped: User Consents
2026-05-24 20:05:50.235: [INFO][Sync] Stopped: Send Tab To Self
2026-05-24 20:05:50.235: [INFO][Sync] Stopped: Web Apps
2026-05-24 20:05:50.235: [INFO][Sync] Stopped: History
2026-05-24 20:05:50.235: [INFO][Sync] Stopped: Saved Tab Group
2026-05-24 20:05:50.235: [INFO][Sync] Stopped: WebAuthn Credentials
2026-05-24 20:05:50.235: [INFO][Sync] Stopped: Collection
2026-05-24 20:05:50.235: [INFO][Sync] Stopped: Edge E Drop
2026-05-24 20:05:50.235: [INFO][Sync] Stopped: Edge Hub App Usage
2026-05-24 20:05:50.235: [INFO][Sync] Stopped: Edge Wallet
2026-05-24 20:05:50.235: [INFO][Sync] Stopped: Edge Workspace
2026-05-24 20:05:51.374: [INFO][Sync] Try to start sync engine
2026-05-24 20:05:51.389: [INFO][SyncManagerImpl::NudgeForInitialDownload] Initial download nudge for Encryption Keys
2026-05-24 20:05:51.389: [INFO][SyncEngineBackend::LoadAndConnectNigoriController] Load and connect Nigori controller
2026-05-24 20:05:51.389: [INFO][SyncEngineBackend::DoInitialize] Control Types added: Encryption Keys
2026-05-24 20:05:51.389: [INFO][SyncManagerImpl::ConfigureSyncer] Types to download: Encryption Keys with reason: 3
2026-05-24 20:05:51.393: [INFO][SyncSchedulerImpl::DoConfigurationSyncCycleJob] Configure job was blocked
2026-05-24 20:05:51.450: [INFO][SyncAuthManager::SetLastAuthError] Current auth error: None
2026-05-24 20:05:51.450: [INFO][SyncAuthManager::EdgeLogTokenErrorState] Token error with: None for account type: MSA
2026-05-24 20:05:51.450: [INFO][Sync] Credentials changed for: EdgeSyncScopeNew
2026-05-24 20:05:51.456: [INFO][SyncAuthManager::SetLastAuthError] Current auth error: None
2026-05-24 20:05:51.456: [INFO][SyncAuthManager::EdgeLogTokenErrorState] Token error with: None for account type: MSA
2026-05-24 20:05:51.456: [INFO][Sync] Credentials changed for: EdgeSyncKeyDataScope
2026-05-24 20:05:51.456: [INFO][SyncEngineBackend::DoUpdateKeyDataCredentials] Update key data credentials
2026-05-24 20:05:51.456: [INFO][SyncEngineBackend::DoUpdateCredentials] Update credentials
2026-05-24 20:05:51.456: [INFO][SyncSchedulerImpl::DoConfigurationSyncCycleJob] Blocked types:  and types to download: Encryption Keys
2026-05-24 20:05:52.155: [INFO][Sync] Started DataTypeManager configuration, reason: 4
2026-05-24 20:05:52.157: [INFO][Sync] Configuring for: Bookmarks, Preferences, Passwords, Autofill Profiles, Autofill, Extensions, Sessions, Extension settings, History Delete Directives, Device Info, User Consents, Send Tab To Self, Web Apps, History, Saved Tab Group, WebAuthn Credentials, Collection, Edge E Drop, Edge Hub App Usage, Edge Wallet, Edge Workspace, Encryption Keys, reason: 4, current state: 0
2026-05-24 20:05:52.158: [WARN][Sync] Crypto error data types: Passwords, Autofill Profiles, Autofill
2026-05-24 20:05:52.161: [INFO][Sync] Configure, desired: Bookmarks, Preferences, Extensions, Sessions, Extension settings, History Delete Directives, Device Info, User Consents, Send Tab To Self, Web Apps, History, Saved Tab Group, WebAuthn Credentials, Collection, Edge E Drop, Edge Hub App Usage, Edge Wallet, Edge Workspace, Encryption Keys; Allow fail: Passwords, Autofill Profiles, Autofill
2026-05-24 20:05:52.162: [INFO][Sync] Loading: Bookmarks
2026-05-24 20:05:52.162: [INFO][Sync] Loading: Preferences
2026-05-24 20:05:52.162: [INFO][Sync] Loading: Extensions
2026-05-24 20:05:52.163: [INFO][Sync] Loading: Sessions
2026-05-24 20:05:52.164: [INFO][Sync] Loading: Extension settings
2026-05-24 20:05:52.164: [INFO][Sync] Loading: History Delete Directives
2026-05-24 20:05:52.164: [INFO][Sync] Loading: Device Info
2026-05-24 20:05:52.164: [INFO][Sync] Loading: User Consents
2026-05-24 20:05:52.164: [INFO][Sync] Loading: Send Tab To Self
2026-05-24 20:05:52.164: [INFO][Sync] Loading: Web Apps
2026-05-24 20:05:52.164: [INFO][Sync] Loading: History
2026-05-24 20:05:52.164: [INFO][Sync] Loading: Saved Tab Group
2026-05-24 20:05:52.164: [INFO][Sync] Loading: WebAuthn Credentials
2026-05-24 20:05:52.164: [INFO][Sync] Loading: Collection
2026-05-24 20:05:52.164: [INFO][Sync] Loading: Edge E Drop
2026-05-24 20:05:52.164: [INFO][Sync] Loading: Edge Hub App Usage
2026-05-24 20:05:52.164: [INFO][Sync] Loading: Edge Wallet
2026-05-24 20:05:52.164: [INFO][Sync] Loading: Edge Workspace
2026-05-24 20:05:52.182: [INFO][Sync] All data types are ready for configure.
2026-05-24 20:05:53.128: [INFO][Sync] Connection status changed to: 2
2026-05-24 20:05:53.129: [INFO][SyncEngineBackend::DoStartConfiguration] Start configuration
2026-05-24 20:05:53.130: [INFO][SyncManagerImpl::NudgeForInitialDownload] Initial download nudge for Bookmarks
2026-05-24 20:05:53.130: [INFO][SyncManagerImpl::NudgeForInitialDownload] Initial download nudge for Preferences
2026-05-24 20:05:53.130: [INFO][SyncManagerImpl::NudgeForInitialDownload] Initial download nudge for Extensions
2026-05-24 20:05:53.130: [INFO][SyncManagerImpl::NudgeForInitialDownload] Initial download nudge for Sessions
2026-05-24 20:05:53.130: [INFO][SyncManagerImpl::NudgeForInitialDownload] Initial download nudge for Extension settings
2026-05-24 20:05:53.130: [INFO][SyncManagerImpl::NudgeForInitialDownload] Initial download nudge for History Delete Directives
2026-05-24 20:05:53.130: [INFO][SyncManagerImpl::NudgeForInitialDownload] Initial download nudge for Device Info
2026-05-24 20:05:53.130: [INFO][SyncManagerImpl::NudgeForInitialDownload] Initial download nudge for Send Tab To Self
2026-05-24 20:05:53.130: [INFO][SyncManagerImpl::NudgeForInitialDownload] Initial download nudge for Web Apps
2026-05-24 20:05:53.130: [INFO][SyncManagerImpl::NudgeForInitialDownload] Initial download nudge for History
2026-05-24 20:05:53.130: [INFO][SyncManagerImpl::NudgeForInitialDownload] Initial download nudge for Saved Tab Group
2026-05-24 20:05:53.130: [INFO][SyncManagerImpl::NudgeForInitialDownload] Initial download nudge for WebAuthn Credentials
2026-05-24 20:05:53.130: [INFO][SyncManagerImpl::NudgeForInitialDownload] Initial download nudge for Collection
2026-05-24 20:05:53.130: [INFO][SyncManagerImpl::NudgeForInitialDownload] Initial download nudge for Edge E Drop
2026-05-24 20:05:53.130: [INFO][SyncManagerImpl::NudgeForInitialDownload] Initial download nudge for Edge Hub App Usage
2026-05-24 20:05:53.130: [INFO][SyncManagerImpl::NudgeForInitialDownload] Initial download nudge for Edge Wallet
2026-05-24 20:05:53.130: [INFO][SyncManagerImpl::NudgeForInitialDownload] Initial download nudge for Edge Workspace
2026-05-24 20:05:53.130: [INFO][SyncManagerImpl::ConfigureSyncer] Types to download:  with reason: 4
2026-05-24 20:05:53.131: [INFO][SyncEngineBackend::DoFinishConfigureDataTypes] Failed to download types:  and succeeded types: 
2026-05-24 20:05:53.143: [INFO][Sync] ConfigurationDone, failed: , succeeded: , remaining count: 4
2026-05-24 20:05:53.143: [INFO][Sync] Prepare to configure types: Preferences, Device Info, Send Tab To Self, Edge E Drop, Encryption Keys
2026-05-24 20:05:53.144: [INFO][SyncManagerImpl::ConfigureSyncer] Types to download: Preferences, Device Info, Send Tab To Self, Edge E Drop, Encryption Keys with reason: 4
2026-05-24 20:05:53.144: [INFO][SyncSchedulerImpl::DoConfigurationSyncCycleJob] Blocked types:  and types to download: Preferences, Device Info, Send Tab To Self, Edge E Drop, Encryption Keys
2026-05-24 20:05:53.166: [INFO][SyncAuthManager::SetLastAuthError] Current auth error: None
2026-05-24 20:05:53.166: [INFO][SyncAuthManager::EdgeLogTokenErrorState] Token error with: None for account type: MSA
2026-05-24 20:05:53.166: [INFO][Sync] Credentials changed for: EdgeSyncKeyDataScope
2026-05-24 20:05:54.345: [INFO][SyncEngineBackend::DoFinishConfigureDataTypes] Failed to download types:  and succeeded types: Preferences, Device Info, Send Tab To Self, Edge E Drop, Encryption Keys
2026-05-24 20:05:54.355: [INFO][Sync] ConfigurationDone, failed: , succeeded: Preferences, Device Info, Send Tab To Self, Edge E Drop, Encryption Keys, remaining count: 3
2026-05-24 20:05:54.355: [INFO][Sync] Prepare to configure types: Bookmarks, Encryption Keys
2026-05-24 20:05:55.093: [INFO][SyncAuthManager::SetLastAuthError] Current auth error: None
2026-05-24 20:05:55.093: [INFO][SyncAuthManager::EdgeLogTokenErrorState] Token error with: None for account type: MSA
2026-05-24 20:05:55.093: [INFO][Sync] Credentials changed for: EdgeSyncScopeNew
2026-05-24 20:05:55.409: [INFO][SyncEngineBackend::DoUpdateKeyDataCredentials] Update key data credentials
2026-05-24 20:05:55.409: [INFO][Sync] Connection status changed to: 2
2026-05-24 20:05:55.409: [INFO][SyncManagerImpl::ConfigureSyncer] Types to download: Bookmarks, Encryption Keys with reason: 4
2026-05-24 20:05:55.409: [INFO][SyncEngineBackend::DoUpdateCredentials] Update credentials
2026-05-24 20:05:55.409: [INFO][SyncEngineBackend::DoUpdateKeyDataCredentials] Update key data credentials
2026-05-24 20:05:55.409: [INFO][SyncSchedulerImpl::DoConfigurationSyncCycleJob] Blocked types:  and types to download: Bookmarks, Encryption Keys
2026-05-24 20:05:56.042: [INFO][SyncEngineBackend::DoFinishConfigureDataTypes] Failed to download types:  and succeeded types: Bookmarks, Encryption Keys
2026-05-24 20:05:56.044: [INFO][Sync] ConfigurationDone, failed: , succeeded: Bookmarks, Encryption Keys, remaining count: 2
2026-05-24 20:05:56.044: [INFO][Sync] Prepare to configure types: Extensions, Sessions, Extension settings, History Delete Directives, Web Apps, Saved Tab Group, WebAuthn Credentials, Collection, Edge Hub App Usage, Edge Wallet, Edge Workspace, Encryption Keys
2026-05-24 20:05:57.116: [INFO][Sync] Connection status changed to: 2
2026-05-24 20:05:57.116: [INFO][SyncManagerImpl::ConfigureSyncer] Types to download: Extensions, Sessions, Extension settings, History Delete Directives, Web Apps, Saved Tab Group, WebAuthn Credentials, Collection, Edge Hub App Usage, Edge Wallet, Edge Workspace, Encryption Keys with reason: 4
2026-05-24 20:05:57.116: [INFO][SyncSchedulerImpl::DoConfigurationSyncCycleJob] Blocked types:  and types to download: Extensions, Sessions, Extension settings, History Delete Directives, Web Apps, Saved Tab Group, WebAuthn Credentials, Collection, Edge Hub App Usage, Edge Wallet, Edge Workspace, Encryption Keys
2026-05-24 20:05:57.171: [INFO][SyncAuthManager::SetLastAuthError] Current auth error: None
2026-05-24 20:05:57.171: [INFO][SyncAuthManager::EdgeLogTokenErrorState] Token error with: None for account type: MSA
2026-05-24 20:05:57.171: [INFO][Sync] Credentials changed for: EdgeSyncScopeNew
2026-05-24 20:05:57.295: [INFO][SyncAuthManager::SetLastAuthError] Current auth error: None
2026-05-24 20:05:57.295: [INFO][SyncAuthManager::EdgeLogTokenErrorState] Token error with: None for account type: MSA
2026-05-24 20:05:57.295: [INFO][Sync] Credentials changed for: EdgeSyncKeyDataScope
2026-05-24 20:05:57.359: [INFO][SyncEngineBackend::DoFinishConfigureDataTypes] Failed to download types:  and succeeded types: Extensions, Sessions, Extension settings, History Delete Directives, Web Apps, Saved Tab Group, WebAuthn Credentials, Collection, Edge Hub App Usage, Edge Wallet, Edge Workspace, Encryption Keys
2026-05-24 20:05:57.360: [INFO][Sync] ConfigurationDone, failed: , succeeded: Extensions, Sessions, Extension settings, History Delete Directives, Web Apps, Saved Tab Group, WebAuthn Credentials, Collection, Edge Hub App Usage, Edge Wallet, Edge Workspace, Encryption Keys, remaining count: 1
2026-05-24 20:05:57.362: [INFO][Sync] Prepare to configure types: History, Encryption Keys
2026-05-24 20:05:57.736: [INFO][SyncEngineBackend::DoUpdateKeyDataCredentials] Update key data credentials
2026-05-24 20:05:57.736: [INFO][Sync] Connection status changed to: 2
2026-05-24 20:05:57.736: [INFO][SyncEngineBackend::DoUpdateCredentials] Update credentials
2026-05-24 20:05:57.736: [INFO][SyncManagerImpl::ConfigureSyncer] Types to download: History, Encryption Keys with reason: 4
2026-05-24 20:05:57.736: [INFO][SyncSchedulerImpl::DoConfigurationSyncCycleJob] Blocked types:  and types to download: History, Encryption Keys
2026-05-24 20:05:58.185: [INFO][SyncEngineBackend::DoFinishConfigureDataTypes] Failed to download types:  and succeeded types: History, Encryption Keys
2026-05-24 20:05:58.187: [INFO][Sync] ConfigurationDone, failed: , succeeded: History, Encryption Keys, remaining count: 0
2026-05-24 20:05:58.188: [INFO][Sync]     Configuration completed, state: 3
2026-05-24 20:05:58.189: [INFO][Sync] Configured DataTypeManager: Ok
2026-05-24 20:05:58.623: [INFO][Sync] Connection status changed to: 2
2026-05-24 20:05:58.623: [INFO][SyncEngineBackend::DoStartSyncing] Start syncing
2026-05-24 20:05:59.689: [INFO][Sync] Connection status changed to: 2
2026-05-24 20:06:01.151: [INFO][SyncAuthManager::SetLastAuthError] Current auth error: None
2026-05-24 20:06:01.151: [INFO][SyncAuthManager::EdgeLogTokenErrorState] Token error with: None for account type: MSA
2026-05-24 20:06:01.151: [INFO][Sync] Credentials changed for: EdgeSyncScopeNew
2026-05-24 20:06:01.761: [INFO][SyncAuthManager::SetLastAuthError] Current auth error: None
2026-05-24 20:06:01.761: [INFO][SyncAuthManager::EdgeLogTokenErrorState] Token error with: None for account type: MSA
2026-05-24 20:06:01.761: [INFO][Sync] Credentials changed for: EdgeSyncKeyDataScope
2026-05-24 20:06:01.761: [INFO][SyncEngineBackend::DoUpdateKeyDataCredentials] Update key data credentials
2026-05-24 20:06:01.761: [INFO][SyncEngineBackend::DoUpdateCredentials] Update credentials
2026-05-24 20:06:03.178: [INFO][Sync] Connection status changed to: 2
2026-05-24 20:06:10.384: [INFO][SyncAuthManager::SetLastAuthError] Current auth error: None
2026-05-24 20:06:10.384: [INFO][SyncAuthManager::EdgeLogTokenErrorState] Token error with: None for account type: MSA
2026-05-24 20:06:10.384: [INFO][Sync] Credentials changed for: EdgeSyncKeyDataScope
2026-05-24 20:06:10.384: [INFO][SyncEngineBackend::DoUpdateKeyDataCredentials] Update key data credentials
2026-05-24 20:06:11.104: [INFO][SyncAuthManager::SetLastAuthError] Current auth error: None
2026-05-24 20:06:11.104: [INFO][SyncAuthManager::EdgeLogTokenErrorState] Token error with: None for account type: MSA
2026-05-24 20:06:11.104: [INFO][Sync] Credentials changed for: EdgeSyncScopeNew
2026-05-24 20:06:11.691: [INFO][Sync] Connection status changed to: 2
2026-05-24 20:06:11.691: [INFO][SyncEngineBackend::DoUpdateCredentials] Update credentials
2026-05-24 20:06:11.691: [INFO][SyncEngineBackend::DoUpdateKeyDataCredentials] Update key data credentials
2026-05-24 20:06:12.862: [INFO][Sync] Connection status changed to: 2
2026-05-24 20:06:24.905: [INFO][SyncAuthManager::SetLastAuthError] Current auth error: None
2026-05-24 20:06:24.905: [INFO][SyncAuthManager::EdgeLogTokenErrorState] Token error with: None for account type: MSA
2026-05-24 20:06:24.905: [INFO][Sync] Credentials changed for: EdgeSyncKeyDataScope
2026-05-24 20:06:24.905: [INFO][SyncEngineBackend::DoUpdateKeyDataCredentials] Update key data credentials
2026-05-24 20:06:25.330: [INFO][SyncAuthManager::SetLastAuthError] Current auth error: None
2026-05-24 20:06:25.330: [INFO][SyncAuthManager::EdgeLogTokenErrorState] Token error with: None for account type: MSA
2026-05-24 20:06:25.330: [INFO][Sync] Credentials changed for: EdgeSyncScopeNew
2026-05-24 20:06:25.330: [INFO][SyncEngineBackend::DoUpdateCredentials] Update credentials
2026-05-24 20:06:25.330: [INFO][SyncEngineBackend::DoUpdateKeyDataCredentials] Update key data credentials
2026-05-24 20:06:25.944: [INFO][Sync] Connection status changed to: 2
2026-05-24 20:06:55.465: [INFO][SyncAuthManager::SetLastAuthError] Current auth error: None
2026-05-24 20:06:55.465: [INFO][SyncAuthManager::EdgeLogTokenErrorState] Token error with: None for account type: MSA
2026-05-24 20:06:55.465: [INFO][Sync] Credentials changed for: EdgeSyncScopeNew
2026-05-24 20:06:57.971: [INFO][SyncAuthManager::SetLastAuthError] Current auth error: None
2026-05-24 20:06:57.971: [INFO][SyncAuthManager::EdgeLogTokenErrorState] Token error with: None for account type: MSA
2026-05-24 20:06:57.971: [INFO][Sync] Credentials changed for: EdgeSyncKeyDataScope
2026-05-24 20:06:57.971: [INFO][SyncEngineBackend::DoUpdateKeyDataCredentials] Update key data credentials
2026-05-24 20:06:57.971: [INFO][SyncEngineBackend::DoUpdateCredentials] Update credentials
2026-05-24 20:06:59.104: [INFO][Sync] Started DataTypeManager configuration, reason: 5
2026-05-24 20:06:59.104: [INFO][Sync] Configuring for: Bookmarks, Preferences, Passwords, Autofill Profiles, Autofill, Extensions, Sessions, Extension settings, History Delete Directives, Device Info, User Consents, Send Tab To Self, Web Apps, History, Saved Tab Group, WebAuthn Credentials, Collection, Edge E Drop, Edge Hub App Usage, Edge Wallet, Edge Workspace, Encryption Keys, reason: 5, current state: 3
2026-05-24 20:06:59.104: [INFO][SyncEngineBackend::DoStartConfiguration] Start configuration
2026-05-24 20:06:59.105: [INFO][Sync] Configure, desired: Bookmarks, Preferences, Passwords, Autofill Profiles, Autofill, Extensions, Sessions, Extension settings, History Delete Directives, Device Info, User Consents, Send Tab To Self, Web Apps, History, Saved Tab Group, WebAuthn Credentials, Collection, Edge E Drop, Edge Hub App Usage, Edge Wallet, Edge Workspace, Encryption Keys; Allow fail: 
2026-05-24 20:06:59.105: [INFO][Sync] Loading: Passwords
2026-05-24 20:06:59.105: [INFO][Sync] Loading: Autofill Profiles
2026-05-24 20:06:59.105: [INFO][Sync] Loading: Autofill
2026-05-24 20:06:59.107: [INFO][Sync] All data types are ready for configure.
2026-05-24 20:06:59.107: [INFO][SyncManagerImpl::NudgeForInitialDownload] Initial download nudge for Passwords
2026-05-24 20:06:59.107: [INFO][SyncManagerImpl::NudgeForInitialDownload] Initial download nudge for Autofill Profiles
2026-05-24 20:06:59.107: [INFO][SyncManagerImpl::NudgeForInitialDownload] Initial download nudge for Autofill
2026-05-24 20:06:59.107: [INFO][SyncManagerImpl::ConfigureSyncer] Types to download:  with reason: 5
2026-05-24 20:06:59.107: [INFO][SyncEngineBackend::DoFinishConfigureDataTypes] Failed to download types:  and succeeded types: 
2026-05-24 20:06:59.109: [INFO][Sync] ConfigurationDone, failed: , succeeded: , remaining count: 4
2026-05-24 20:06:59.109: [INFO][Sync] Prepare to configure types: Passwords, Encryption Keys
2026-05-24 20:06:59.109: [INFO][SyncManagerImpl::ConfigureSyncer] Types to download: Passwords, Encryption Keys with reason: 5
2026-05-24 20:06:59.109: [INFO][SyncSchedulerImpl::DoConfigurationSyncCycleJob] Blocked types:  and types to download: Passwords, Encryption Keys
2026-05-24 20:06:59.351: [INFO][SyncEngineBackend::DoFinishConfigureDataTypes] Failed to download types:  and succeeded types: Passwords, Encryption Keys
2026-05-24 20:06:59.353: [INFO][Sync] ConfigurationDone, failed: , succeeded: Passwords, Encryption Keys, remaining count: 3
2026-05-24 20:06:59.353: [INFO][SyncManagerImpl::ConfigureSyncer] Types to download:  with reason: 5
2026-05-24 20:06:59.353: [INFO][SyncEngineBackend::DoFinishConfigureDataTypes] Failed to download types:  and succeeded types: 
2026-05-24 20:06:59.353: [INFO][Sync] ConfigurationDone, failed: , succeeded: , remaining count: 2
2026-05-24 20:06:59.353: [INFO][Sync] Prepare to configure types: Autofill Profiles, Autofill, Encryption Keys
2026-05-24 20:06:59.353: [INFO][SyncManagerImpl::ConfigureSyncer] Types to download: Autofill Profiles, Autofill, Encryption Keys with reason: 5
2026-05-24 20:06:59.353: [INFO][SyncSchedulerImpl::DoConfigurationSyncCycleJob] Blocked types:  and types to download: Autofill Profiles, Autofill, Encryption Keys
2026-05-24 20:06:59.577: [INFO][SyncEngineBackend::DoFinishConfigureDataTypes] Failed to download types:  and succeeded types: Autofill Profiles, Autofill, Encryption Keys
2026-05-24 20:06:59.579: [INFO][Sync] ConfigurationDone, failed: , succeeded: Autofill Profiles, Autofill, Encryption Keys, remaining count: 1
2026-05-24 20:06:59.580: [INFO][SyncManagerImpl::ConfigureSyncer] Types to download:  with reason: 5
2026-05-24 20:06:59.580: [INFO][SyncEngineBackend::DoFinishConfigureDataTypes] Failed to download types:  and succeeded types: 
2026-05-24 20:06:59.580: [INFO][Sync] ConfigurationDone, failed: , succeeded: , remaining count: 0
2026-05-24 20:06:59.582: [INFO][Sync]     Configuration completed, state: 3
2026-05-24 20:06:59.582: [INFO][Sync] Configured DataTypeManager: Ok
2026-05-24 20:06:59.583: [INFO][SyncEngineBackend::DoStartSyncing] Start syncing
2026-05-24 20:08:49.466: [INFO][Sync] Reset engine, reason: 0
2026-05-24 20:08:49.466: [INFO][Sync] Reset engine with reason: 0
2026-05-24 20:13:11.617: [INFO][Sync] SyncState after authenticated was: FeatureCanStart
2026-05-24 20:13:13.984: [INFO][SyncAuthManager::SetLastAuthError] Current auth error: None
2026-05-24 20:13:13.984: [INFO][SyncAuthManager::EdgeLogTokenErrorState] Token error with: None for account type: MSA
2026-05-24 20:13:13.984: [INFO][Sync] Credentials changed for: EdgeSyncKeyDataScope
2026-05-24 20:13:21.765: [INFO][Sync] Try to start sync engine
2026-05-24 20:13:21.774: [INFO][SyncAuthManager::SetLastAuthError] Current auth error: None
2026-05-24 20:13:21.774: [INFO][SyncAuthManager::EdgeLogTokenErrorState] Token error with: None for account type: MSA
2026-05-24 20:13:21.774: [INFO][Sync] Credentials changed for: EdgeSyncScopeNew
2026-05-24 20:13:21.780: [INFO][SyncManagerImpl::NudgeForInitialDownload] Initial download nudge for Encryption Keys
2026-05-24 20:13:21.780: [INFO][SyncEngineBackend::LoadAndConnectNigoriController] Load and connect Nigori controller
2026-05-24 20:13:21.780: [INFO][SyncEngineBackend::DoInitialize] Control Types added: Encryption Keys
2026-05-24 20:13:21.780: [INFO][SyncManagerImpl::ConfigureSyncer] Types to download: Encryption Keys with reason: 3
2026-05-24 20:13:21.782: [INFO][SyncEngineBackend::DoUpdateKeyDataCredentials] Update key data credentials
2026-05-24 20:13:21.783: [INFO][SyncEngineBackend::DoUpdateCredentials] Update credentials
2026-05-24 20:13:21.783: [INFO][SyncEngineBackend::DoUpdateKeyDataCredentials] Update key data credentials
2026-05-24 20:13:21.783: [INFO][SyncSchedulerImpl::DoConfigurationSyncCycleJob] Blocked types:  and types to download: Encryption Keys
2026-05-24 20:13:22.474: [INFO][Sync] Started DataTypeManager configuration, reason: 4
2026-05-24 20:13:22.474: [INFO][Sync] Configuring for: Bookmarks, Preferences, Passwords, Autofill Profiles, Autofill, Extensions, Sessions, Extension settings, History Delete Directives, Device Info, User Consents, Send Tab To Self, Web Apps, History, Saved Tab Group, WebAuthn Credentials, Collection, Edge E Drop, Edge Hub App Usage, Edge Wallet, Edge Workspace, Encryption Keys, reason: 4, current state: 0
2026-05-24 20:13:22.475: [WARN][Sync] Crypto error data types: Passwords, Autofill Profiles, Autofill
2026-05-24 20:13:22.479: [INFO][Sync] Configure, desired: Bookmarks, Preferences, Extensions, Sessions, Extension settings, History Delete Directives, Device Info, User Consents, Send Tab To Self, Web Apps, History, Saved Tab Group, WebAuthn Credentials, Collection, Edge E Drop, Edge Hub App Usage, Edge Wallet, Edge Workspace, Encryption Keys; Allow fail: Passwords, Autofill Profiles, Autofill
2026-05-24 20:13:22.479: [INFO][Sync] Loading: Bookmarks
2026-05-24 20:13:22.479: [INFO][Sync] Loading: Preferences
2026-05-24 20:13:22.479: [INFO][Sync] Loading: Extensions
2026-05-24 20:13:22.480: [INFO][Sync] Loading: Sessions
2026-05-24 20:13:22.480: [INFO][Sync] Loading: Extension settings
2026-05-24 20:13:22.480: [INFO][Sync] Loading: History Delete Directives
2026-05-24 20:13:22.481: [INFO][Sync] Loading: Device Info
2026-05-24 20:13:22.481: [INFO][Sync] Loading: User Consents
2026-05-24 20:13:22.481: [INFO][Sync] Loading: Send Tab To Self
2026-05-24 20:13:22.481: [INFO][Sync] Loading: Web Apps
2026-05-24 20:13:22.481: [INFO][Sync] Loading: History
2026-05-24 20:13:22.481: [INFO][Sync] Loading: Saved Tab Group
2026-05-24 20:13:22.481: [INFO][Sync] Loading: WebAuthn Credentials
2026-05-24 20:13:22.481: [INFO][Sync] Loading: Collection
2026-05-24 20:13:22.481: [INFO][Sync] Loading: Edge E Drop
2026-05-24 20:13:22.481: [INFO][Sync] Loading: Edge Hub App Usage
2026-05-24 20:13:22.482: [INFO][Sync] Loading: Edge Wallet
2026-05-24 20:13:22.482: [INFO][Sync] Loading: Edge Workspace
2026-05-24 20:13:22.496: [INFO][Sync] All data types are ready for configure.
2026-05-24 20:13:23.511: [INFO][Sync] Started DataTypeManager configuration, reason: 5
2026-05-24 20:13:23.511: [INFO][Sync] Configuring for: Bookmarks, Preferences, Passwords, Autofill Profiles, Autofill, Extensions, Sessions, Extension settings, History Delete Directives, Device Info, User Consents, Send Tab To Self, Web Apps, History, Saved Tab Group, WebAuthn Credentials, Collection, Edge E Drop, Edge Hub App Usage, Edge Wallet, Edge Workspace, Encryption Keys, reason: 5, current state: 1
2026-05-24 20:13:23.512: [INFO][SyncEngineBackend::DoStartConfiguration] Start configuration
2026-05-24 20:13:23.513: [INFO][SyncManagerImpl::ConfigureSyncer] Types to download:  with reason: 4
2026-05-24 20:13:23.514: [INFO][SyncEngineBackend::DoFinishConfigureDataTypes] Failed to download types:  and succeeded types: 
2026-05-24 20:13:23.516: [INFO][Sync] ConfigurationDone, failed: , succeeded: , remaining count: 4
2026-05-24 20:13:23.516: [WARN][Sync]     Reconfigure requested while configuration ongoing.
2026-05-24 20:13:23.516: [INFO][Sync] Configuring for: Bookmarks, Preferences, Passwords, Autofill Profiles, Autofill, Extensions, Sessions, Extension settings, History Delete Directives, Device Info, User Consents, Send Tab To Self, Web Apps, History, Saved Tab Group, WebAuthn Credentials, Collection, Edge E Drop, Edge Hub App Usage, Edge Wallet, Edge Workspace, Encryption Keys, reason: 5, current state: 2
2026-05-24 20:13:23.516: [INFO][Sync] Configure, desired: Bookmarks, Preferences, Passwords, Autofill Profiles, Autofill, Extensions, Sessions, Extension settings, History Delete Directives, Device Info, User Consents, Send Tab To Self, Web Apps, History, Saved Tab Group, WebAuthn Credentials, Collection, Edge E Drop, Edge Hub App Usage, Edge Wallet, Edge Workspace, Encryption Keys; Allow fail: 
2026-05-24 20:13:23.516: [INFO][Sync] Loading: Passwords
2026-05-24 20:13:23.516: [INFO][Sync] Loading: Autofill Profiles
2026-05-24 20:13:23.516: [INFO][Sync] Loading: Autofill
2026-05-24 20:13:23.520: [INFO][Sync] All data types are ready for configure.
2026-05-24 20:13:23.521: [INFO][SyncManagerImpl::ConfigureSyncer] Types to download:  with reason: 5
2026-05-24 20:13:23.521: [INFO][SyncEngineBackend::DoFinishConfigureDataTypes] Failed to download types:  and succeeded types: 
2026-05-24 20:13:23.521: [INFO][Sync] ConfigurationDone, failed: , succeeded: , remaining count: 4
2026-05-24 20:13:23.522: [INFO][SyncManagerImpl::ConfigureSyncer] Types to download:  with reason: 5
2026-05-24 20:13:23.522: [INFO][SyncEngineBackend::DoFinishConfigureDataTypes] Failed to download types:  and succeeded types: 
2026-05-24 20:13:23.522: [INFO][Sync] ConfigurationDone, failed: , succeeded: , remaining count: 3
2026-05-24 20:13:23.522: [INFO][SyncManagerImpl::ConfigureSyncer] Types to download:  with reason: 5
2026-05-24 20:13:23.522: [INFO][SyncEngineBackend::DoFinishConfigureDataTypes] Failed to download types:  and succeeded types: 
2026-05-24 20:13:23.522: [INFO][Sync] ConfigurationDone, failed: , succeeded: , remaining count: 2
2026-05-24 20:13:23.522: [INFO][SyncManagerImpl::ConfigureSyncer] Types to download:  with reason: 5
2026-05-24 20:13:23.522: [INFO][SyncEngineBackend::DoFinishConfigureDataTypes] Failed to download types:  and succeeded types: 
2026-05-24 20:13:23.522: [INFO][Sync] ConfigurationDone, failed: , succeeded: , remaining count: 1
2026-05-24 20:13:23.526: [INFO][SyncManagerImpl::ConfigureSyncer] Types to download:  with reason: 5
2026-05-24 20:13:23.526: [INFO][SyncEngineBackend::DoFinishConfigureDataTypes] Failed to download types:  and succeeded types: 
2026-05-24 20:13:23.529: [INFO][Sync] ConfigurationDone, failed: , succeeded: , remaining count: 0
2026-05-24 20:13:23.531: [INFO][Sync]     Configuration completed, state: 7
2026-05-24 20:13:23.533: [INFO][Sync] Configured DataTypeManager: Ok
2026-05-24 20:13:23.543: [INFO][SyncEngineBackend::DoStartSyncing] Start syncing
2026-05-24 20:14:24.992: [INFO][Sync] Reset engine, reason: 0
2026-05-24 20:14:24.992: [INFO][Sync] Reset engine with reason: 0
2026-05-25 14:45:37.254: [INFO][Sync] Reset engine, reason: 8
2026-05-25 14:45:37.254: [INFO][Sync] Stopped: Bookmarks
2026-05-25 14:45:37.254: [INFO][Sync] Stopped: Preferences
2026-05-25 14:45:37.254: [INFO][Sync] Stopped: Passwords
2026-05-25 14:45:37.254: [INFO][Sync] Stopped: Autofill Profiles
2026-05-25 14:45:37.254: [INFO][Sync] Stopped: Autofill
2026-05-25 14:45:37.254: [INFO][Sync] Stopped: Extensions
2026-05-25 14:45:37.254: [INFO][Sync] Stopped: Sessions
2026-05-25 14:45:37.254: [INFO][Sync] Stopped: Extension settings
2026-05-25 14:45:37.254: [INFO][Sync] Stopped: History Delete Directives
2026-05-25 14:45:37.254: [INFO][Sync] Stopped: Device Info
2026-05-25 14:45:37.254: [INFO][Sync] Stopped: User Consents
2026-05-25 14:45:37.254: [INFO][Sync] Stopped: Send Tab To Self
2026-05-25 14:45:37.254: [INFO][Sync] Stopped: Web Apps
2026-05-25 14:45:37.254: [INFO][Sync] Stopped: History
2026-05-25 14:45:37.254: [INFO][Sync] Stopped: Saved Tab Group
2026-05-25 14:45:37.254: [INFO][Sync] Stopped: WebAuthn Credentials
2026-05-25 14:45:37.254: [INFO][Sync] Stopped: Collection
2026-05-25 14:45:37.254: [INFO][Sync] Stopped: Edge E Drop
2026-05-25 14:45:37.254: [INFO][Sync] Stopped: Edge Hub App Usage
2026-05-25 14:45:37.254: [INFO][Sync] Stopped: Edge Wallet
2026-05-25 14:45:37.254: [INFO][Sync] Stopped: Edge Workspace
2026-05-25 14:45:37.254: [INFO][Sync] SyncState after authenticated was: NotSignedIn
2026-05-25 14:45:37.450: [INFO][Sync] Reset engine, reason: 8
2026-05-25 14:45:37.450: [INFO][Sync] Stopped: Bookmarks
2026-05-25 14:45:37.450: [INFO][Sync] Stopped: Preferences
2026-05-25 14:45:37.450: [INFO][Sync] Stopped: Passwords
2026-05-25 14:45:37.450: [INFO][Sync] Stopped: Autofill Profiles
2026-05-25 14:45:37.450: [INFO][Sync] Stopped: Autofill
2026-05-25 14:45:37.450: [INFO][Sync] Stopped: Extensions
2026-05-25 14:45:37.450: [INFO][Sync] Stopped: Sessions
2026-05-25 14:45:37.450: [INFO][Sync] Stopped: Extension settings
2026-05-25 14:45:37.450: [INFO][Sync] Stopped: History Delete Directives
2026-05-25 14:45:37.450: [INFO][Sync] Stopped: Device Info
2026-05-25 14:45:37.450: [INFO][Sync] Stopped: User Consents
2026-05-25 14:45:37.450: [INFO][Sync] Stopped: Send Tab To Self
2026-05-25 14:45:37.450: [INFO][Sync] Stopped: Web Apps
2026-05-25 14:45:37.450: [INFO][Sync] Stopped: History
2026-05-25 14:45:37.450: [INFO][Sync] Stopped: Saved Tab Group
2026-05-25 14:45:37.450: [INFO][Sync] Stopped: WebAuthn Credentials
2026-05-25 14:45:37.450: [INFO][Sync] Stopped: Collection
2026-05-25 14:45:37.450: [INFO][Sync] Stopped: Edge E Drop
2026-05-25 14:45:37.450: [INFO][Sync] Stopped: Edge Hub App Usage
2026-05-25 14:45:37.450: [INFO][Sync] Stopped: Edge Wallet
2026-05-25 14:45:37.450: [INFO][Sync] Stopped: Edge Workspace
2026-05-25 14:45:40.330: [INFO][Sync] Try to start sync engine
2026-05-25 14:45:40.332: [INFO][SyncManagerImpl::NudgeForInitialDownload] Initial download nudge for Encryption Keys
2026-05-25 14:45:40.332: [INFO][SyncEngineBackend::LoadAndConnectNigoriController] Load and connect Nigori controller
2026-05-25 14:45:40.332: [INFO][SyncEngineBackend::DoInitialize] Control Types added: Encryption Keys
2026-05-25 14:45:40.332: [INFO][SyncManagerImpl::ConfigureSyncer] Types to download: Encryption Keys with reason: 3
2026-05-25 14:45:40.332: [INFO][SyncSchedulerImpl::DoConfigurationSyncCycleJob] Configure job was blocked
2026-05-25 14:45:41.231: [INFO][SyncAuthManager::SetLastAuthError] Current auth error: None
2026-05-25 14:45:41.232: [INFO][SyncAuthManager::EdgeLogTokenErrorState] Token error with: None for account type: MSA
2026-05-25 14:45:41.232: [INFO][Sync] Credentials changed for: EdgeSyncScopeNew
2026-05-25 14:45:41.277: [INFO][SyncAuthManager::SetLastAuthError] Current auth error: None
2026-05-25 14:45:41.277: [INFO][SyncAuthManager::EdgeLogTokenErrorState] Token error with: None for account type: MSA
2026-05-25 14:45:41.277: [INFO][Sync] Credentials changed for: EdgeSyncKeyDataScope
2026-05-25 14:45:41.277: [INFO][SyncEngineBackend::DoUpdateKeyDataCredentials] Update key data credentials
2026-05-25 14:45:41.279: [INFO][SyncEngineBackend::DoUpdateCredentials] Update credentials
2026-05-25 14:45:41.279: [INFO][SyncSchedulerImpl::DoConfigurationSyncCycleJob] Blocked types:  and types to download: Encryption Keys
2026-05-25 14:45:41.802: [INFO][Sync] Started DataTypeManager configuration, reason: 4
2026-05-25 14:45:41.802: [INFO][Sync] Configuring for: Bookmarks, Preferences, Passwords, Autofill Profiles, Autofill, Extensions, Sessions, Extension settings, History Delete Directives, Device Info, User Consents, Send Tab To Self, Web Apps, History, Saved Tab Group, WebAuthn Credentials, Collection, Edge E Drop, Edge Hub App Usage, Edge Wallet, Edge Workspace, Encryption Keys, reason: 4, current state: 0
2026-05-25 14:45:41.803: [WARN][Sync] Crypto error data types: Passwords, Autofill Profiles, Autofill
2026-05-25 14:45:41.807: [INFO][Sync] Configure, desired: Bookmarks, Preferences, Extensions, Sessions, Extension settings, History Delete Directives, Device Info, User Consents, Send Tab To Self, Web Apps, History, Saved Tab Group, WebAuthn Credentials, Collection, Edge E Drop, Edge Hub App Usage, Edge Wallet, Edge Workspace, Encryption Keys; Allow fail: Passwords, Autofill Profiles, Autofill
2026-05-25 14:45:41.807: [INFO][Sync] Loading: Bookmarks
2026-05-25 14:45:41.807: [INFO][Sync] Loading: Preferences
2026-05-25 14:45:41.807: [INFO][Sync] Loading: Extensions
2026-05-25 14:45:41.808: [INFO][Sync] Loading: Sessions
2026-05-25 14:45:41.808: [INFO][Sync] Loading: Extension settings
2026-05-25 14:45:41.808: [INFO][Sync] Loading: History Delete Directives
2026-05-25 14:45:41.808: [INFO][Sync] Loading: Device Info
2026-05-25 14:45:41.808: [INFO][Sync] Loading: User Consents
2026-05-25 14:45:41.808: [INFO][Sync] Loading: Send Tab To Self
2026-05-25 14:45:41.808: [INFO][Sync] Loading: Web Apps
2026-05-25 14:45:41.808: [INFO][Sync] Loading: History
2026-05-25 14:45:41.808: [INFO][Sync] Loading: Saved Tab Group
2026-05-25 14:45:41.809: [INFO][Sync] Loading: WebAuthn Credentials
2026-05-25 14:45:41.809: [INFO][Sync] Loading: Collection
2026-05-25 14:45:41.809: [INFO][Sync] Loading: Edge E Drop
2026-05-25 14:45:41.809: [INFO][Sync] Loading: Edge Hub App Usage
2026-05-25 14:45:41.809: [INFO][Sync] Loading: Edge Wallet
2026-05-25 14:45:41.809: [INFO][Sync] Loading: Edge Workspace
2026-05-25 14:45:41.824: [INFO][Sync] All data types are ready for configure.
2026-05-25 14:45:42.396: [INFO][Sync] Started DataTypeManager configuration, reason: 5
2026-05-25 14:45:42.396: [INFO][Sync] Configuring for: Bookmarks, Preferences, Passwords, Autofill Profiles, Autofill, Extensions, Sessions, Extension settings, History Delete Directives, Device Info, User Consents, Send Tab To Self, Web Apps, History, Saved Tab Group, WebAuthn Credentials, Collection, Edge E Drop, Edge Hub App Usage, Edge Wallet, Edge Workspace, Encryption Keys, reason: 5, current state: 1
2026-05-25 14:45:42.397: [INFO][SyncEngineBackend::DoStartConfiguration] Start configuration
2026-05-25 14:45:42.398: [INFO][SyncManagerImpl::NudgeForInitialDownload] Initial download nudge for Bookmarks
2026-05-25 14:45:42.398: [INFO][SyncManagerImpl::NudgeForInitialDownload] Initial download nudge for Preferences
2026-05-25 14:45:42.398: [INFO][SyncManagerImpl::NudgeForInitialDownload] Initial download nudge for Extensions
2026-05-25 14:45:42.398: [INFO][SyncManagerImpl::NudgeForInitialDownload] Initial download nudge for Sessions
2026-05-25 14:45:42.398: [INFO][SyncManagerImpl::NudgeForInitialDownload] Initial download nudge for Extension settings
2026-05-25 14:45:42.398: [INFO][SyncManagerImpl::NudgeForInitialDownload] Initial download nudge for History Delete Directives
2026-05-25 14:45:42.398: [INFO][SyncManagerImpl::NudgeForInitialDownload] Initial download nudge for Device Info
2026-05-25 14:45:42.398: [INFO][SyncManagerImpl::NudgeForInitialDownload] Initial download nudge for Send Tab To Self
2026-05-25 14:45:42.398: [INFO][SyncManagerImpl::NudgeForInitialDownload] Initial download nudge for Web Apps
2026-05-25 14:45:42.398: [INFO][SyncManagerImpl::NudgeForInitialDownload] Initial download nudge for History
2026-05-25 14:45:42.398: [INFO][SyncManagerImpl::NudgeForInitialDownload] Initial download nudge for Saved Tab Group
2026-05-25 14:45:42.398: [INFO][SyncManagerImpl::NudgeForInitialDownload] Initial download nudge for WebAuthn Credentials
2026-05-25 14:45:42.398: [INFO][SyncManagerImpl::NudgeForInitialDownload] Initial download nudge for Collection
2026-05-25 14:45:42.398: [INFO][SyncManagerImpl::NudgeForInitialDownload] Initial download nudge for Edge E Drop
2026-05-25 14:45:42.398: [INFO][SyncManagerImpl::NudgeForInitialDownload] Initial download nudge for Edge Hub App Usage
2026-05-25 14:45:42.398: [INFO][SyncManagerImpl::NudgeForInitialDownload] Initial download nudge for Edge Wallet
2026-05-25 14:45:42.398: [INFO][SyncManagerImpl::NudgeForInitialDownload] Initial download nudge for Edge Workspace
2026-05-25 14:45:42.398: [INFO][SyncManagerImpl::ConfigureSyncer] Types to download:  with reason: 4
2026-05-25 14:45:42.399: [INFO][SyncEngineBackend::DoFinishConfigureDataTypes] Failed to download types:  and succeeded types: 
2026-05-25 14:45:42.405: [INFO][Sync] ConfigurationDone, failed: , succeeded: , remaining count: 4
2026-05-25 14:45:42.405: [WARN][Sync]     Reconfigure requested while configuration ongoing.
2026-05-25 14:45:42.405: [INFO][Sync] Configuring for: Bookmarks, Preferences, Passwords, Autofill Profiles, Autofill, Extensions, Sessions, Extension settings, History Delete Directives, Device Info, User Consents, Send Tab To Self, Web Apps, History, Saved Tab Group, WebAuthn Credentials, Collection, Edge E Drop, Edge Hub App Usage, Edge Wallet, Edge Workspace, Encryption Keys, reason: 5, current state: 2
2026-05-25 14:45:42.405: [INFO][Sync] Configure, desired: Bookmarks, Preferences, Passwords, Autofill Profiles, Autofill, Extensions, Sessions, Extension settings, History Delete Directives, Device Info, User Consents, Send Tab To Self, Web Apps, History, Saved Tab Group, WebAuthn Credentials, Collection, Edge E Drop, Edge Hub App Usage, Edge Wallet, Edge Workspace, Encryption Keys; Allow fail: 
2026-05-25 14:45:42.405: [INFO][Sync] Loading: Passwords
2026-05-25 14:45:42.405: [INFO][Sync] Loading: Autofill Profiles
2026-05-25 14:45:42.405: [INFO][Sync] Loading: Autofill
2026-05-25 14:45:42.405: [INFO][Sync] All data types are ready for configure.
2026-05-25 14:45:42.406: [INFO][SyncManagerImpl::NudgeForInitialDownload] Initial download nudge for Passwords
2026-05-25 14:45:42.406: [INFO][SyncManagerImpl::NudgeForInitialDownload] Initial download nudge for Autofill Profiles
2026-05-25 14:45:42.406: [INFO][SyncManagerImpl::NudgeForInitialDownload] Initial download nudge for Autofill
2026-05-25 14:45:42.406: [INFO][SyncManagerImpl::ConfigureSyncer] Types to download:  with reason: 5
2026-05-25 14:45:42.406: [INFO][SyncEngineBackend::DoFinishConfigureDataTypes] Failed to download types:  and succeeded types: 
2026-05-25 14:45:42.406: [INFO][Sync] ConfigurationDone, failed: , succeeded: , remaining count: 4
2026-05-25 14:45:42.407: [INFO][Sync] Prepare to configure types: Preferences, Passwords, Device Info, Send Tab To Self, Edge E Drop, Encryption Keys
2026-05-25 14:45:42.407: [INFO][SyncManagerImpl::ConfigureSyncer] Types to download: Preferences, Passwords, Device Info, Send Tab To Self, Edge E Drop, Encryption Keys with reason: 5
2026-05-25 14:45:42.407: [INFO][SyncSchedulerImpl::DoConfigurationSyncCycleJob] Blocked types:  and types to download: Preferences, Passwords, Device Info, Send Tab To Self, Edge E Drop, Encryption Keys
2026-05-25 14:45:43.153: [INFO][SyncEngineBackend::DoFinishConfigureDataTypes] Failed to download types:  and succeeded types: Preferences, Passwords, Device Info, Send Tab To Self, Edge E Drop, Encryption Keys
2026-05-25 14:45:43.156: [INFO][Sync] ConfigurationDone, failed: , succeeded: Preferences, Passwords, Device Info, Send Tab To Self, Edge E Drop, Encryption Keys, remaining count: 3
2026-05-25 14:45:43.156: [INFO][Sync] Prepare to configure types: Bookmarks, Encryption Keys
2026-05-25 14:45:43.156: [INFO][SyncManagerImpl::ConfigureSyncer] Types to download: Bookmarks, Encryption Keys with reason: 5
2026-05-25 14:45:43.156: [INFO][SyncSchedulerImpl::DoConfigurationSyncCycleJob] Blocked types:  and types to download: Bookmarks, Encryption Keys
2026-05-25 14:45:43.401: [INFO][SyncEngineBackend::DoFinishConfigureDataTypes] Failed to download types:  and succeeded types: Bookmarks, Encryption Keys
2026-05-25 14:45:43.403: [INFO][Sync] ConfigurationDone, failed: , succeeded: Bookmarks, Encryption Keys, remaining count: 2
2026-05-25 14:45:43.403: [INFO][Sync] Prepare to configure types: Autofill Profiles, Autofill, Extensions, Sessions, Extension settings, History Delete Directives, Web Apps, Saved Tab Group, WebAuthn Credentials, Collection, Edge Hub App Usage, Edge Wallet, Edge Workspace, Encryption Keys
2026-05-25 14:45:43.403: [INFO][SyncManagerImpl::ConfigureSyncer] Types to download: Autofill Profiles, Autofill, Extensions, Sessions, Extension settings, History Delete Directives, Web Apps, Saved Tab Group, WebAuthn Credentials, Collection, Edge Hub App Usage, Edge Wallet, Edge Workspace, Encryption Keys with reason: 5
2026-05-25 14:45:43.403: [INFO][SyncSchedulerImpl::DoConfigurationSyncCycleJob] Blocked types:  and types to download: Autofill Profiles, Autofill, Extensions, Sessions, Extension settings, History Delete Directives, Web Apps, Saved Tab Group, WebAuthn Credentials, Collection, Edge Hub App Usage, Edge Wallet, Edge Workspace, Encryption Keys
2026-05-25 14:45:43.628: [INFO][SyncEngineBackend::DoFinishConfigureDataTypes] Failed to download types:  and succeeded types: Autofill Profiles, Autofill, Extensions, Sessions, Extension settings, History Delete Directives, Web Apps, Saved Tab Group, WebAuthn Credentials, Collection, Edge Hub App Usage, Edge Wallet, Edge Workspace, Encryption Keys
2026-05-25 14:45:43.630: [INFO][Sync] ConfigurationDone, failed: , succeeded: Autofill Profiles, Autofill, Extensions, Sessions, Extension settings, History Delete Directives, Web Apps, Saved Tab Group, WebAuthn Credentials, Collection, Edge Hub App Usage, Edge Wallet, Edge Workspace, Encryption Keys, remaining count: 1
2026-05-25 14:45:43.631: [INFO][Sync] Prepare to configure types: History, Encryption Keys
2026-05-25 14:45:43.631: [INFO][SyncManagerImpl::ConfigureSyncer] Types to download: History, Encryption Keys with reason: 5
2026-05-25 14:45:43.632: [INFO][SyncSchedulerImpl::DoConfigurationSyncCycleJob] Blocked types:  and types to download: History, Encryption Keys
2026-05-25 14:45:44.241: [INFO][SyncEngineBackend::DoFinishConfigureDataTypes] Failed to download types:  and succeeded types: History, Encryption Keys
2026-05-25 14:45:44.243: [INFO][Sync] ConfigurationDone, failed: , succeeded: History, Encryption Keys, remaining count: 0
2026-05-25 14:45:44.246: [INFO][Sync]     Configuration completed, state: 7
2026-05-25 14:45:44.247: [INFO][Sync] Configured DataTypeManager: Ok
2026-05-25 14:45:44.251: [INFO][SyncEngineBackend::DoStartSyncing] Start syncing
2026-05-25 14:46:27.297: [INFO][Sync] Reset engine, reason: 0
2026-05-25 14:46:27.297: [INFO][Sync] Reset engine with reason: 0
